[2025-07-05T12:32:55.672+0000] {local_task_job_runner.py:120} INFO - ::group::Pre task execution logs
[2025-07-05T12:32:55.685+0000] {taskinstance.py:2076} INFO - Dependencies all met for dep_context=non-requeueable deps ti=<TaskInstance: practice_etl_pipeline.extract manual__2025-07-05T12:32:51.611359+00:00 [queued]>
[2025-07-05T12:32:55.688+0000] {taskinstance.py:2076} INFO - Dependencies all met for dep_context=requeueable deps ti=<TaskInstance: practice_etl_pipeline.extract manual__2025-07-05T12:32:51.611359+00:00 [queued]>
[2025-07-05T12:32:55.689+0000] {taskinstance.py:2306} INFO - Starting attempt 1 of 1
[2025-07-05T12:32:55.697+0000] {taskinstance.py:2330} INFO - Executing <Task(PythonOperator): extract> on 2025-07-05 12:32:51.611359+00:00
[2025-07-05T12:32:55.700+0000] {clientserver.py:570} INFO - Closing down clientserver connection
[2025-07-05T12:32:55.700+0000] {warnings.py:112} WARNING - /home/***/.local/lib/python3.12/site-packages/***/task/task_runner/standard_task_runner.py:61: DeprecationWarning: This process (pid=4640) is multi-threaded, use of fork() may lead to deadlocks in the child.
  pid = os.fork()

[2025-07-05T12:32:55.701+0000] {standard_task_runner.py:63} INFO - Started process 4774 to run task
[2025-07-05T12:32:55.703+0000] {standard_task_runner.py:90} INFO - Running: ['***', 'tasks', 'run', 'practice_etl_pipeline', 'extract', 'manual__2025-07-05T12:32:51.611359+00:00', '--job-id', '83', '--raw', '--subdir', 'DAGS_FOLDER/main.py', '--cfg-path', '/tmp/tmpbdgp6q56']
[2025-07-05T12:32:55.705+0000] {standard_task_runner.py:91} INFO - Job 83: Subtask extract
[2025-07-05T12:32:55.737+0000] {task_command.py:426} INFO - Running <TaskInstance: practice_etl_pipeline.extract manual__2025-07-05T12:32:51.611359+00:00 [running]> on host 6802b12b52ea
[2025-07-05T12:32:55.784+0000] {taskinstance.py:2648} INFO - Exporting env vars: AIRFLOW_CTX_DAG_OWNER='***' AIRFLOW_CTX_DAG_ID='practice_etl_pipeline' AIRFLOW_CTX_TASK_ID='extract' AIRFLOW_CTX_EXECUTION_DATE='2025-07-05T12:32:51.611359+00:00' AIRFLOW_CTX_TRY_NUMBER='1' AIRFLOW_CTX_DAG_RUN_ID='manual__2025-07-05T12:32:51.611359+00:00'
[2025-07-05T12:32:55.785+0000] {taskinstance.py:430} INFO - ::endgroup::
[2025-07-05T12:32:55.816+0000] {taskinstance.py:441} INFO - ::group::Post task execution logs
[2025-07-05T12:32:55.817+0000] {taskinstance.py:2905} ERROR - Task failed with exception
Traceback (most recent call last):
  File "/home/airflow/.local/lib/python3.12/site-packages/airflow/models/taskinstance.py", line 465, in _execute_task
    result = _execute_callable(context=context, **execute_callable_kwargs)
             ^^^^^^^^^^^^^^^^^^^^^^^^^^^^^^^^^^^^^^^^^^^^^^^^^^^^^^^^^^^^^
  File "/home/airflow/.local/lib/python3.12/site-packages/airflow/models/taskinstance.py", line 432, in _execute_callable
    return execute_callable(context=context, **execute_callable_kwargs)
           ^^^^^^^^^^^^^^^^^^^^^^^^^^^^^^^^^^^^^^^^^^^^^^^^^^^^^^^^^^^^
  File "/home/airflow/.local/lib/python3.12/site-packages/airflow/models/baseoperator.py", line 401, in wrapper
    return func(self, *args, **kwargs)
           ^^^^^^^^^^^^^^^^^^^^^^^^^^^
  File "/home/airflow/.local/lib/python3.12/site-packages/airflow/operators/python.py", line 235, in execute
    return_value = self.execute_callable()
                   ^^^^^^^^^^^^^^^^^^^^^^^
  File "/home/airflow/.local/lib/python3.12/site-packages/airflow/operators/python.py", line 252, in execute_callable
    return self.python_callable(*self.op_args, **self.op_kwargs)
           ^^^^^^^^^^^^^^^^^^^^^^^^^^^^^^^^^^^^^^^^^^^^^^^^^^^^^
  File "/opt/airflow/dags/main.py", line 100, in extract
    add_log_entry('ИНФО', 'файлы обработаны и переданы в загрузку', len(filenames))
  File "/opt/airflow/dags/main.py", line 48, in add_log_entry
    log_df = log_df.union(log_entry)
             ^^^^^^
UnboundLocalError: cannot access local variable 'log_df' where it is not associated with a value
[2025-07-05T12:32:55.822+0000] {taskinstance.py:1206} INFO - Marking task as FAILED. dag_id=practice_etl_pipeline, task_id=extract, run_id=manual__2025-07-05T12:32:51.611359+00:00, execution_date=20250705T123251, start_date=20250705T123255, end_date=20250705T123255
[2025-07-05T12:32:55.830+0000] {standard_task_runner.py:110} ERROR - Failed to execute job 83 for task extract (cannot access local variable 'log_df' where it is not associated with a value; 4774)
[2025-07-05T12:32:55.834+0000] {local_task_job_runner.py:240} INFO - Task exited with return code 1
[2025-07-05T12:32:55.849+0000] {taskinstance.py:3503} INFO - 0 downstream tasks scheduled from follow-on schedule check
[2025-07-05T12:32:55.852+0000] {local_task_job_runner.py:222} INFO - ::endgroup::
