[2025-07-05T14:00:02.218+0000] {local_task_job_runner.py:120} INFO - ::group::Pre task execution logs
[2025-07-05T14:00:02.230+0000] {taskinstance.py:2076} INFO - Dependencies all met for dep_context=non-requeueable deps ti=<TaskInstance: practice_etl_pipeline.transform_and_load manual__2025-07-05T13:59:51.834301+00:00 [queued]>
[2025-07-05T14:00:02.234+0000] {taskinstance.py:2076} INFO - Dependencies all met for dep_context=requeueable deps ti=<TaskInstance: practice_etl_pipeline.transform_and_load manual__2025-07-05T13:59:51.834301+00:00 [queued]>
[2025-07-05T14:00:02.235+0000] {taskinstance.py:2306} INFO - Starting attempt 1 of 1
[2025-07-05T14:00:02.244+0000] {taskinstance.py:2330} INFO - Executing <Task(PythonOperator): transform_and_load> on 2025-07-05 13:59:51.834301+00:00
[2025-07-05T14:00:02.248+0000] {clientserver.py:570} INFO - Closing down clientserver connection
[2025-07-05T14:00:02.248+0000] {warnings.py:112} WARNING - /home/***/.local/lib/python3.12/site-packages/***/task/task_runner/standard_task_runner.py:61: DeprecationWarning: This process (pid=8805) is multi-threaded, use of fork() may lead to deadlocks in the child.
  pid = os.fork()

[2025-07-05T14:00:02.249+0000] {standard_task_runner.py:63} INFO - Started process 8940 to run task
[2025-07-05T14:00:02.250+0000] {standard_task_runner.py:90} INFO - Running: ['***', 'tasks', 'run', 'practice_etl_pipeline', 'transform_and_load', 'manual__2025-07-05T13:59:51.834301+00:00', '--job-id', '128', '--raw', '--subdir', 'DAGS_FOLDER/main.py', '--cfg-path', '/tmp/tmpbe0u3e3u']
[2025-07-05T14:00:02.252+0000] {standard_task_runner.py:91} INFO - Job 128: Subtask transform_and_load
[2025-07-05T14:00:02.287+0000] {task_command.py:426} INFO - Running <TaskInstance: practice_etl_pipeline.transform_and_load manual__2025-07-05T13:59:51.834301+00:00 [running]> on host 93b0937d74ff
[2025-07-05T14:00:02.337+0000] {taskinstance.py:2648} INFO - Exporting env vars: AIRFLOW_CTX_DAG_OWNER='***' AIRFLOW_CTX_DAG_ID='practice_etl_pipeline' AIRFLOW_CTX_TASK_ID='transform_and_load' AIRFLOW_CTX_EXECUTION_DATE='2025-07-05T13:59:51.834301+00:00' AIRFLOW_CTX_TRY_NUMBER='1' AIRFLOW_CTX_DAG_RUN_ID='manual__2025-07-05T13:59:51.834301+00:00'
[2025-07-05T14:00:02.338+0000] {taskinstance.py:430} INFO - ::endgroup::
[2025-07-05T14:00:02.913+0000] {clientserver.py:529} INFO - Error while sending or receiving.
Traceback (most recent call last):
  File "/opt/spark/spark-4.0.0-bin-hadoop3/python/lib/py4j-0.10.9.9-src.zip/py4j/clientserver.py", line 527, in send_command
    self.socket.sendall(command.encode("utf-8"))
ConnectionResetError: [Errno 104] Connection reset by peer
[2025-07-05T14:00:02.914+0000] {clientserver.py:570} INFO - Closing down clientserver connection
[2025-07-05T14:00:02.915+0000] {java_gateway.py:1056} INFO - Exception while sending command.
Traceback (most recent call last):
  File "/opt/spark/spark-4.0.0-bin-hadoop3/python/lib/py4j-0.10.9.9-src.zip/py4j/clientserver.py", line 527, in send_command
    self.socket.sendall(command.encode("utf-8"))
ConnectionResetError: [Errno 104] Connection reset by peer

During handling of the above exception, another exception occurred:

Traceback (most recent call last):
  File "/opt/spark/spark-4.0.0-bin-hadoop3/python/lib/py4j-0.10.9.9-src.zip/py4j/java_gateway.py", line 1038, in send_command
    response = connection.send_command(command)
               ^^^^^^^^^^^^^^^^^^^^^^^^^^^^^^^^
  File "/opt/spark/spark-4.0.0-bin-hadoop3/python/lib/py4j-0.10.9.9-src.zip/py4j/clientserver.py", line 530, in send_command
    raise Py4JNetworkError(
py4j.protocol.Py4JNetworkError: Error while sending
[2025-07-05T14:00:02.917+0000] {clientserver.py:570} INFO - Closing down clientserver connection
[2025-07-05T14:00:03.681+0000] {logging_mixin.py:188} INFO - +--------------------+
|                 _c0|
+--------------------+
|31.12.2017;395775...|
|31.12.2017;15423;...|
|31.12.2017;298332...|
|31.12.2017;17434;...|
|31.12.2017;310405...|
|31.12.2017;22798;...|
|31.12.2017;13800;...|
|31.12.2017;13905;...|
|31.12.2017;40266;...|
|31.12.2017;341567...|
|31.12.2017;14912;...|
|31.12.2017;13871;...|
|31.12.2017;364395...|
|31.12.2017;14138;...|
|31.12.2017;17441;...|
|31.12.2017;18164;...|
|31.12.2017;14878;...|
|31.12.2017;341569...|
|31.12.2017;14913;...|
|31.12.2017;18007;...|
+--------------------+
only showing top 20 rows
[2025-07-05T14:00:07.893+0000] {logging_mixin.py:188} INFO - +----------+------+-------------------------------------------+-------+
|timestamp |status|message                                    |obj_num|
+----------+------+-------------------------------------------+-------+
|2025-07-05|ИНФО  |создана временная таблица temp_ft_balance_f|115    |
+----------+------+-------------------------------------------+-------+
[2025-07-05T14:00:11.997+0000] {logging_mixin.py:188} INFO - +----------+------+---------------------------------------------------------------------------------------------------------------------------------------------------------------------------------------------------------------------------------------------------------------------------------------------------------------------------------------------------------------------------------------------------------------------------------------------------------------------------------------------------------------------------------------------------------------------------------------------------+-------+
|timestamp |status|message                                                                                                                                                                                                                                                                                                                                                                                                                                                                                                                                                                                            |obj_num|
+----------+------+---------------------------------------------------------------------------------------------------------------------------------------------------------------------------------------------------------------------------------------------------------------------------------------------------------------------------------------------------------------------------------------------------------------------------------------------------------------------------------------------------------------------------------------------------------------------------------------------------+-------+
|2025-07-05|ОШИБКА|ошибка перелива данных в ds.ft_balance_f: \n[PARSE_SYNTAX_ERROR] Syntax error at or near '['. SQLSTATE: 42601 (line 9, pos 16)\n\n== SQL ==\n\n    MERGE INTO ds.ft_balance_f AS target\n    USING ds.temp_ft_balance_f AS source\n    ON target.on_date = source.on_date AND target.account_rk = source.account_rk\n    WHEN MATCHED THEN\n        UPDATE SET target.currency_rk = source.currency_rk, target.balance_out = source.balance_out\n    WHEN NOT MATCHED THEN\n        INSERT (currency_rk, balance_out)\n        VALUES (['currency_rk', 'balance_out'])\n----------------^^^\n    \n|115    |
+----------+------+---------------------------------------------------------------------------------------------------------------------------------------------------------------------------------------------------------------------------------------------------------------------------------------------------------------------------------------------------------------------------------------------------------------------------------------------------------------------------------------------------------------------------------------------------------------------------------------------------+-------+
[2025-07-05T14:00:12.346+0000] {logging_mixin.py:188} INFO - +--------------------+
|                 _c0|
+--------------------+
|09-01-2018;873663...|
|09-01-2018;176169...|
|09-01-2018;409685...|
|09-01-2018;156987...|
|09-01-2018;120483...|
|09-01-2018;311159...|
|10-01-2018;873663...|
|10-01-2018;393808...|
|10-01-2018;37051;...|
|10-01-2018;13630;...|
|10-01-2018;37051;...|
|10-01-2018;176270...|
|10-01-2018;393808...|
|11-01-2018;13630;...|
|11-01-2018;434141...|
|11-01-2018;311161...|
|11-01-2018;37051;...|
|11-01-2018;176169...|
|12-01-2018;393808...|
|12-01-2018;434141...|
+--------------------+
only showing top 20 rows
[2025-07-05T14:00:24.114+0000] {logging_mixin.py:188} INFO - +----------+------+-------------------------------------------+-------+
|timestamp |status|message                                    |obj_num|
+----------+------+-------------------------------------------+-------+
|2025-07-05|ИНФО  |создана временная таблица temp_ft_posting_f|33893  |
+----------+------+-------------------------------------------+-------+
[2025-07-05T14:00:26.227+0000] {logging_mixin.py:188} INFO - +----------+------+--------------------------------------------------------+-------+
|timestamp |status|message                                                 |obj_num|
+----------+------+--------------------------------------------------------+-------+
|2025-07-05|ОШИБКА|ошибка перелива данных в ds.ft_posting_f: 'ft_posting_f'|33893  |
+----------+------+--------------------------------------------------------+-------+
[2025-07-05T14:00:26.366+0000] {logging_mixin.py:188} INFO - +--------------------+
|                 _c0|
+--------------------+
|2018-01-01;2018-0...|
|2018-01-01;2018-0...|
|2018-01-01;2018-0...|
|2018-01-01;2018-0...|
|2018-01-01;2018-0...|
|2018-01-01;2018-0...|
|2018-01-01;2018-0...|
|2018-01-01;2018-0...|
|2018-01-01;2018-0...|
|2018-01-01;2018-0...|
|2018-01-01;2018-0...|
|2018-01-01;2018-0...|
|2018-01-01;2018-0...|
|2018-01-01;2018-0...|
|2018-01-01;2018-0...|
|2018-01-01;2018-0...|
|2018-01-01;2018-0...|
|2018-01-01;2018-0...|
|2018-01-01;2018-0...|
|2018-01-01;2018-0...|
+--------------------+
only showing top 20 rows
[2025-07-05T14:00:29.630+0000] {logging_mixin.py:188} INFO - +----------+------+-------------------------------------------+-------+
|timestamp |status|message                                    |obj_num|
+----------+------+-------------------------------------------+-------+
|2025-07-05|ИНФО  |создана временная таблица temp_md_account_d|113    |
+----------+------+-------------------------------------------+-------+
[2025-07-05T14:00:33.516+0000] {logging_mixin.py:188} INFO - +----------+------+------------------------------------------------------------------------------------------------------------------------------------------------------------------------------------------------------------------------------------------------------------------------------------------------------------------------------------------------------------------------------------------------------------------------------------------------------------------------------------------------------------------------------------------------------------------------------------------------------------------------------------------------------------------------------------------------------------------------------------------------------------------------------------------------------------------------------------------------------------------------------------+-------+
|timestamp |status|message                                                                                                                                                                                                                                                                                                                                                                                                                                                                                                                                                                                                                                                                                                                                                                                                                                                                             |obj_num|
+----------+------+------------------------------------------------------------------------------------------------------------------------------------------------------------------------------------------------------------------------------------------------------------------------------------------------------------------------------------------------------------------------------------------------------------------------------------------------------------------------------------------------------------------------------------------------------------------------------------------------------------------------------------------------------------------------------------------------------------------------------------------------------------------------------------------------------------------------------------------------------------------------------------+-------+
|2025-07-05|ОШИБКА|ошибка перелива данных в ds.md_account_d: \n[PARSE_SYNTAX_ERROR] Syntax error at or near '['. SQLSTATE: 42601 (line 9, pos 16)\n\n== SQL ==\n\n    MERGE INTO ds.md_account_d AS target\n    USING ds.temp_md_account_d AS source\n    ON target.data_actual_date = source.data_actual_date AND target.account_rk = source.account_rk\n    WHEN MATCHED THEN\n        UPDATE SET target.currency_code = source.currency_code, target.char_type = source.char_type, target.data_actual_end_date = source.data_actual_end_date, target.currency_rk = source.currency_rk, target.account_number = source.account_number\n    WHEN NOT MATCHED THEN\n        INSERT (currency_code, char_type, data_actual_end_date, currency_rk, account_number)\n        VALUES (['currency_code', 'char_type', 'data_actual_end_date', 'currency_rk', 'account_number'])\n----------------^^^\n    \n|113    |
+----------+------+------------------------------------------------------------------------------------------------------------------------------------------------------------------------------------------------------------------------------------------------------------------------------------------------------------------------------------------------------------------------------------------------------------------------------------------------------------------------------------------------------------------------------------------------------------------------------------------------------------------------------------------------------------------------------------------------------------------------------------------------------------------------------------------------------------------------------------------------------------------------------------+-------+
[2025-07-05T14:00:33.650+0000] {logging_mixin.py:188} INFO - +--------------------+
|                 _c0|
+--------------------+
|37;2017-05-11;205...|
|40;2017-05-11;205...|
|529511969;2017-12...|
|CURRENCY_RK;DATA_...|
|63;2017-05-11;205...|
|26;2017-05-11;205...|
|29;2017-05-11;205...|
|38;2017-05-11;205...|
|46;2017-05-11;205...|
|35;2017-05-11;205...|
|39;2017-05-11;205...|
|30;2017-05-11;205...|
|48;2017-05-11;205...|
|52;2017-05-11;205...|
|56;2017-05-11;205...|
|59;2017-05-11;205...|
|60;2017-05-11;205...|
|32;2017-05-11;205...|
|23;2017-05-11;205...|
|25;2017-05-11;205...|
+--------------------+
only showing top 20 rows
[2025-07-05T14:00:36.800+0000] {logging_mixin.py:188} INFO - +----------+------+--------------------------------------------+-------+
|timestamp |status|message                                     |obj_num|
+----------+------+--------------------------------------------+-------+
|2025-07-05|ИНФО  |создана временная таблица temp_md_currency_d|51     |
+----------+------+--------------------------------------------+-------+
[2025-07-05T14:00:40.608+0000] {logging_mixin.py:188} INFO - +----------+------+---------------------------------------------------------------------------------------------------------------------------------------------------------------------------------------------------------------------------------------------------------------------------------------------------------------------------------------------------------------------------------------------------------------------------------------------------------------------------------------------------------------------------------------------------------------------------------------------------------------------------------------------------------------------------------------------------------------------------------------------------+-------+
|timestamp |status|message                                                                                                                                                                                                                                                                                                                                                                                                                                                                                                                                                                                                                                                                                                                                            |obj_num|
+----------+------+---------------------------------------------------------------------------------------------------------------------------------------------------------------------------------------------------------------------------------------------------------------------------------------------------------------------------------------------------------------------------------------------------------------------------------------------------------------------------------------------------------------------------------------------------------------------------------------------------------------------------------------------------------------------------------------------------------------------------------------------------+-------+
|2025-07-05|ОШИБКА|ошибка перелива данных в ds.md_currency_d: \n[PARSE_SYNTAX_ERROR] Syntax error at or near '['. SQLSTATE: 42601 (line 9, pos 16)\n\n== SQL ==\n\n    MERGE INTO ds.md_currency_d AS target\n    USING ds.temp_md_currency_d AS source\n    ON target.currency_rk = source.currency_rk AND target.data_actual_date = source.data_actual_date\n    WHEN MATCHED THEN\n        UPDATE SET target.currency_code = source.currency_code, target.code_iso_char = source.code_iso_char, target.data_actual_end_date = source.data_actual_end_date\n    WHEN NOT MATCHED THEN\n        INSERT (currency_code, code_iso_char, data_actual_end_date)\n        VALUES (['currency_code', 'code_iso_char', 'data_actual_end_date'])\n----------------^^^\n    \n|51     |
+----------+------+---------------------------------------------------------------------------------------------------------------------------------------------------------------------------------------------------------------------------------------------------------------------------------------------------------------------------------------------------------------------------------------------------------------------------------------------------------------------------------------------------------------------------------------------------------------------------------------------------------------------------------------------------------------------------------------------------------------------------------------------------+-------+
[2025-07-05T14:00:40.820+0000] {logging_mixin.py:188} INFO - +--------------------+
|                 _c0|
+--------------------+
|2018-01-30;2018-0...|
|2018-01-19;2018-0...|
|2018-01-10;2018-0...|
|2018-01-12;2018-0...|
|2018-01-12;2018-0...|
|2018-01-27;2018-0...|
|2018-01-10;2018-0...|
|2018-01-10;2018-0...|
|2018-01-25;2018-0...|
|2018-01-20;2018-0...|
|2018-01-13;2018-0...|
|DATA_ACTUAL_DATE;...|
|2018-01-17;2018-0...|
|2018-01-20;2018-0...|
|2018-01-18;2018-0...|
|2018-01-16;2018-0...|
|2018-01-12;2018-0...|
|2018-01-11;2018-0...|
|2017-12-30;2018-0...|
|2018-01-23;2018-0...|
+--------------------+
only showing top 20 rows
[2025-07-05T14:00:44.191+0000] {logging_mixin.py:188} INFO - +----------+------+-------------------------------------------------+-------+
|timestamp |status|message                                          |obj_num|
+----------+------+-------------------------------------------------+-------+
|2025-07-05|ИНФО  |создана временная таблица temp_md_exchange_rate_d|461    |
+----------+------+-------------------------------------------------+-------+
[2025-07-05T14:00:48.021+0000] {logging_mixin.py:188} INFO - +----------+------+------------------------------------------------------------------------------------------------------------------------------------------------------------------------------------------------------------------------------------------------------------------------------------------------------------------------------------------------------------------------------------------------------------------------------------------------------------------------------------------------------------------------------------------------------------------------------------------------------------------------------------------------------------------------------------------------------------------------------------------------------------------+-------+
|timestamp |status|message                                                                                                                                                                                                                                                                                                                                                                                                                                                                                                                                                                                                                                                                                                                                                           |obj_num|
+----------+------+------------------------------------------------------------------------------------------------------------------------------------------------------------------------------------------------------------------------------------------------------------------------------------------------------------------------------------------------------------------------------------------------------------------------------------------------------------------------------------------------------------------------------------------------------------------------------------------------------------------------------------------------------------------------------------------------------------------------------------------------------------------+-------+
|2025-07-05|ОШИБКА|ошибка перелива данных в ds.md_exchange_rate_d: \n[PARSE_SYNTAX_ERROR] Syntax error at or near '['. SQLSTATE: 42601 (line 9, pos 16)\n\n== SQL ==\n\n    MERGE INTO ds.md_exchange_rate_d AS target\n    USING ds.temp_md_exchange_rate_d AS source\n    ON target.data_actual_date = source.data_actual_date AND target.currency_rk = source.currency_rk\n    WHEN MATCHED THEN\n        UPDATE SET target.code_iso_num = source.code_iso_num, target.reduced_cource = source.reduced_cource, target.data_actual_end_date = source.data_actual_end_date\n    WHEN NOT MATCHED THEN\n        INSERT (code_iso_num, reduced_cource, data_actual_end_date)\n        VALUES (['code_iso_num', 'reduced_cource', 'data_actual_end_date'])\n----------------^^^\n    \n|461    |
+----------+------+------------------------------------------------------------------------------------------------------------------------------------------------------------------------------------------------------------------------------------------------------------------------------------------------------------------------------------------------------------------------------------------------------------------------------------------------------------------------------------------------------------------------------------------------------------------------------------------------------------------------------------------------------------------------------------------------------------------------------------------------------------------+-------+
[2025-07-05T14:00:48.145+0000] {logging_mixin.py:188} INFO - +--------------------+
|                 _c0|
+--------------------+
|А;Балансовые счет...|
|А;Балансовые счет...|
|А;Балансовые счет...|
|А;Балансовые счет...|
|А;Балансовые счет...|
|А;Балансовые счет...|
|А;Балансовые счет...|
|А;Балансовые счет...|
|А;Балансовые счет...|
|CHAPTER;CHAPTER_N...|
|А;Балансовые счет...|
|А;Балансовые счет...|
|А;Балансовые счет...|
|А;Балансовые счет...|
|А;Балансовые счет...|
|А;Балансовые счет...|
|А;Балансовые счет...|
|А;Балансовые счет...|
|А;Балансовые счет...|
+--------------------+
[2025-07-05T14:00:51.299+0000] {logging_mixin.py:188} INFO - +----------+------+--------------------------------------------------+-------+
|timestamp |status|message                                           |obj_num|
+----------+------+--------------------------------------------------+-------+
|2025-07-05|ИНФО  |создана временная таблица temp_md_ledger_account_s|19     |
+----------+------+--------------------------------------------------+-------+
[2025-07-05T14:00:55.116+0000] {logging_mixin.py:188} INFO - +----------+------+------------------------------------------------------------------------------------------------------------------------------------------------------------------------------------------------------------------------------------------------------------------------------------------------------------------------------------------------------------------------------------------------------------------------------------------------------------------------------------------------------------------------------------------------------------------------------------------------------------------------------------------------------------------------------------------------------------------------------------------------------------------------------------------------------------------------------------------------------------------------------------------------------------------------------------------------------------------------------------------------------------------------------------------------------------------------------------------------------------------------------------------------------------------------------------------------------------------------------------------------------------------------------------------------------------------------------------------------------------------------------------------------------------------------------------------------------------------------------------------------------------------------------------------------------------------------------------------------------------------------------------------------------------------------------------------------------------------------------------------------------------------------------------------------------------------------------------------------------------------------------------------------------------------------------------------------------------------------------------------------------------------------------------------------------------------------------------------------------------------------------------------------------------------------------------------------------------------------------------------------------------------------------------------------------------------------------------------------------------------------------------------------------------------------------------------------------------------------------------------------------------------------------------------------------------------------------+-------+
|timestamp |status|message                                                                                                                                                                                                                                                                                                                                                                                                                                                                                                                                                                                                                                                                                                                                                                                                                                                                                                                                                                                                                                                                                                                                                                                                                                                                                                                                                                                                                                                                                                                                                                                                                                                                                                                                                                                                                                                                                                                                                                                                                                                                                                                                                                                                                                                                                                                                                                                                                                                                                                                                                                       |obj_num|
+----------+------+------------------------------------------------------------------------------------------------------------------------------------------------------------------------------------------------------------------------------------------------------------------------------------------------------------------------------------------------------------------------------------------------------------------------------------------------------------------------------------------------------------------------------------------------------------------------------------------------------------------------------------------------------------------------------------------------------------------------------------------------------------------------------------------------------------------------------------------------------------------------------------------------------------------------------------------------------------------------------------------------------------------------------------------------------------------------------------------------------------------------------------------------------------------------------------------------------------------------------------------------------------------------------------------------------------------------------------------------------------------------------------------------------------------------------------------------------------------------------------------------------------------------------------------------------------------------------------------------------------------------------------------------------------------------------------------------------------------------------------------------------------------------------------------------------------------------------------------------------------------------------------------------------------------------------------------------------------------------------------------------------------------------------------------------------------------------------------------------------------------------------------------------------------------------------------------------------------------------------------------------------------------------------------------------------------------------------------------------------------------------------------------------------------------------------------------------------------------------------------------------------------------------------------------------------------------------------+-------+
|2025-07-05|ОШИБКА|ошибка перелива данных в ds.md_ledger_account_s: \n[PARSE_SYNTAX_ERROR] Syntax error at or near '['. SQLSTATE: 42601 (line 9, pos 16)\n\n== SQL ==\n\n    MERGE INTO ds.md_ledger_account_s AS target\n    USING ds.temp_md_ledger_account_s AS source\n    ON target.ledger_account = source.ledger_account AND target.start_date = source.start_date\n    WHEN MATCHED THEN\n        UPDATE SET target.section_number = source.section_number, target.is_reserved = source.is_reserved, target.chapter_name = source.chapter_name, target.is_rub_only = source.is_rub_only, target.ledger_account_name = source.ledger_account_name, target.is_reserved_assets = source.is_reserved_assets, target.min_term = source.min_term, target.ledger1_account = source.ledger1_account, target.min_term_measure = source.min_term_measure, target.chapter = source.chapter, target.is_correct = source.is_correct, target.characteristic = source.characteristic, target.is_resident = source.is_resident, target.is_revaluation = source.is_revaluation, target.subsection_name = source.subsection_name, target.max_term_measure = source.max_term_measure, target.pair_account = source.pair_account, target.end_date = source.end_date, target.is_interest = source.is_interest, target.is_loan = source.is_loan, target.section_name = source.section_name, target.ledger1_account_name = source.ledger1_account_name, target.is_overdue = source.is_overdue, target.max_term = source.max_term, target.is_reserve = source.is_reserve, target.ledger_acc_full_name_translit = source.ledger_acc_full_name_translit\n    WHEN NOT MATCHED THEN\n        INSERT (section_number, is_reserved, chapter_name, is_rub_only, ledger_account_name, is_reserved_assets, min_term, ledger1_account, min_term_measure, chapter, is_correct, characteristic, is_resident, is_revaluation, subsection_name, max_term_measure, pair_account, end_date, is_interest, is_loan, section_name, ledger1_account_name, is_overdue, max_term, is_reserve, ledger_acc_full_name_translit)\n        VALUES (['section_number', 'is_reserved', 'chapter_name', 'is_rub_only', 'ledger_account_name', 'is_reserved_assets', 'min_term', 'ledger1_account', 'min_term_measure', 'chapter', 'is_correct', 'characteristic', 'is_resident', 'is_revaluation', 'subsection_name', 'max_term_measure', 'pair_account', 'end_date', 'is_interest', 'is_loan', 'section_name', 'ledger1_account_name', 'is_overdue', 'max_term', 'is_reserve', 'ledger_acc_full_name_translit'])\n----------------^^^\n    \n|19     |
+----------+------+------------------------------------------------------------------------------------------------------------------------------------------------------------------------------------------------------------------------------------------------------------------------------------------------------------------------------------------------------------------------------------------------------------------------------------------------------------------------------------------------------------------------------------------------------------------------------------------------------------------------------------------------------------------------------------------------------------------------------------------------------------------------------------------------------------------------------------------------------------------------------------------------------------------------------------------------------------------------------------------------------------------------------------------------------------------------------------------------------------------------------------------------------------------------------------------------------------------------------------------------------------------------------------------------------------------------------------------------------------------------------------------------------------------------------------------------------------------------------------------------------------------------------------------------------------------------------------------------------------------------------------------------------------------------------------------------------------------------------------------------------------------------------------------------------------------------------------------------------------------------------------------------------------------------------------------------------------------------------------------------------------------------------------------------------------------------------------------------------------------------------------------------------------------------------------------------------------------------------------------------------------------------------------------------------------------------------------------------------------------------------------------------------------------------------------------------------------------------------------------------------------------------------------------------------------------------------+-------+
[2025-07-05T14:00:55.118+0000] {python.py:237} INFO - Done. Returned value was: None
[2025-07-05T14:00:55.118+0000] {taskinstance.py:441} INFO - ::group::Post task execution logs
[2025-07-05T14:00:55.124+0000] {taskinstance.py:1206} INFO - Marking task as SUCCESS. dag_id=practice_etl_pipeline, task_id=transform_and_load, run_id=manual__2025-07-05T13:59:51.834301+00:00, execution_date=20250705T135951, start_date=20250705T140002, end_date=20250705T140055
[2025-07-05T14:00:55.138+0000] {local_task_job_runner.py:240} INFO - Task exited with return code 0
[2025-07-05T14:00:55.149+0000] {taskinstance.py:3503} INFO - 1 downstream tasks scheduled from follow-on schedule check
[2025-07-05T14:00:55.151+0000] {local_task_job_runner.py:222} INFO - ::endgroup::
