[2025-07-05T13:48:31.991+0000] {local_task_job_runner.py:120} INFO - ::group::Pre task execution logs
[2025-07-05T13:48:32.003+0000] {taskinstance.py:2076} INFO - Dependencies all met for dep_context=non-requeueable deps ti=<TaskInstance: practice_etl_pipeline.transform_and_load manual__2025-07-05T13:48:22.799260+00:00 [queued]>
[2025-07-05T13:48:32.007+0000] {taskinstance.py:2076} INFO - Dependencies all met for dep_context=requeueable deps ti=<TaskInstance: practice_etl_pipeline.transform_and_load manual__2025-07-05T13:48:22.799260+00:00 [queued]>
[2025-07-05T13:48:32.007+0000] {taskinstance.py:2306} INFO - Starting attempt 1 of 1
[2025-07-05T13:48:32.015+0000] {taskinstance.py:2330} INFO - Executing <Task(PythonOperator): transform_and_load> on 2025-07-05 13:48:22.799260+00:00
[2025-07-05T13:48:32.019+0000] {warnings.py:112} WARNING - /home/***/.local/lib/python3.12/site-packages/***/task/task_runner/standard_task_runner.py:61: DeprecationWarning: This process (pid=6881) is multi-threaded, use of fork() may lead to deadlocks in the child.
  pid = os.fork()

[2025-07-05T13:48:32.019+0000] {clientserver.py:570} INFO - Closing down clientserver connection
[2025-07-05T13:48:32.020+0000] {standard_task_runner.py:63} INFO - Started process 7022 to run task
[2025-07-05T13:48:32.022+0000] {standard_task_runner.py:90} INFO - Running: ['***', 'tasks', 'run', 'practice_etl_pipeline', 'transform_and_load', 'manual__2025-07-05T13:48:22.799260+00:00', '--job-id', '122', '--raw', '--subdir', 'DAGS_FOLDER/main.py', '--cfg-path', '/tmp/tmpygltz8y_']
[2025-07-05T13:48:32.023+0000] {standard_task_runner.py:91} INFO - Job 122: Subtask transform_and_load
[2025-07-05T13:48:32.059+0000] {task_command.py:426} INFO - Running <TaskInstance: practice_etl_pipeline.transform_and_load manual__2025-07-05T13:48:22.799260+00:00 [running]> on host 93b0937d74ff
[2025-07-05T13:48:32.108+0000] {taskinstance.py:2648} INFO - Exporting env vars: AIRFLOW_CTX_DAG_OWNER='***' AIRFLOW_CTX_DAG_ID='practice_etl_pipeline' AIRFLOW_CTX_TASK_ID='transform_and_load' AIRFLOW_CTX_EXECUTION_DATE='2025-07-05T13:48:22.799260+00:00' AIRFLOW_CTX_TRY_NUMBER='1' AIRFLOW_CTX_DAG_RUN_ID='manual__2025-07-05T13:48:22.799260+00:00'
[2025-07-05T13:48:32.108+0000] {taskinstance.py:430} INFO - ::endgroup::
[2025-07-05T13:48:32.671+0000] {clientserver.py:529} INFO - Error while sending or receiving.
Traceback (most recent call last):
  File "/opt/spark/spark-4.0.0-bin-hadoop3/python/lib/py4j-0.10.9.9-src.zip/py4j/clientserver.py", line 527, in send_command
    self.socket.sendall(command.encode("utf-8"))
ConnectionResetError: [Errno 104] Connection reset by peer
[2025-07-05T13:48:32.672+0000] {clientserver.py:570} INFO - Closing down clientserver connection
[2025-07-05T13:48:32.672+0000] {java_gateway.py:1056} INFO - Exception while sending command.
Traceback (most recent call last):
  File "/opt/spark/spark-4.0.0-bin-hadoop3/python/lib/py4j-0.10.9.9-src.zip/py4j/clientserver.py", line 527, in send_command
    self.socket.sendall(command.encode("utf-8"))
ConnectionResetError: [Errno 104] Connection reset by peer

During handling of the above exception, another exception occurred:

Traceback (most recent call last):
  File "/opt/spark/spark-4.0.0-bin-hadoop3/python/lib/py4j-0.10.9.9-src.zip/py4j/java_gateway.py", line 1038, in send_command
    response = connection.send_command(command)
               ^^^^^^^^^^^^^^^^^^^^^^^^^^^^^^^^
  File "/opt/spark/spark-4.0.0-bin-hadoop3/python/lib/py4j-0.10.9.9-src.zip/py4j/clientserver.py", line 530, in send_command
    raise Py4JNetworkError(
py4j.protocol.Py4JNetworkError: Error while sending
[2025-07-05T13:48:32.674+0000] {clientserver.py:570} INFO - Closing down clientserver connection
[2025-07-05T13:48:33.460+0000] {logging_mixin.py:188} INFO - +--------------------+
|                 _c0|
+--------------------+
|31.12.2017;395775...|
|31.12.2017;15423;...|
|31.12.2017;298332...|
|31.12.2017;17434;...|
|31.12.2017;310405...|
|31.12.2017;22798;...|
|31.12.2017;13800;...|
|31.12.2017;13905;...|
|31.12.2017;40266;...|
|31.12.2017;341567...|
|31.12.2017;14912;...|
|31.12.2017;13871;...|
|31.12.2017;364395...|
|31.12.2017;14138;...|
|31.12.2017;17441;...|
|31.12.2017;18164;...|
|31.12.2017;14878;...|
|31.12.2017;341569...|
|31.12.2017;14913;...|
|31.12.2017;18007;...|
+--------------------+
only showing top 20 rows
[2025-07-05T13:48:37.771+0000] {logging_mixin.py:188} INFO - +----------+------+-------------------------------------------+-------+
|timestamp |status|message                                    |obj_num|
+----------+------+-------------------------------------------+-------+
|2025-07-05|ИНФО  |создана временная таблица temp_ft_balance_f|115    |
+----------+------+-------------------------------------------+-------+
[2025-07-05T13:48:42.136+0000] {logging_mixin.py:188} INFO - +----------+------+------------------------------------------------------------------------------------------------------------------------------------------------------------------------------------------------------------------------------------------------------------------------------------------------------------------------------------------------------------------------------------------------------------------------------------------------+-------+
|timestamp |status|message                                                                                                                                                                                                                                                                                                                                                                                                                                         |obj_num|
+----------+------+------------------------------------------------------------------------------------------------------------------------------------------------------------------------------------------------------------------------------------------------------------------------------------------------------------------------------------------------------------------------------------------------------------------------------------------------+-------+
|2025-07-05|ОШИБКА|ошибка перелива данных в ds.ft_balance_f: \n[PARSE_SYNTAX_ERROR] Syntax error at or near 'ON'. SQLSTATE: 42601 (line 5, pos 0)\n\n== SQL ==\n\nINSERT INTO ds.ft_balance_f (currency_rk, balance_out, on_date, account_rk)\nSELECT currency_rk, balance_out, on_date, account_rk\nFROM ds.temp_ft_balance_f\nON CONFLICT (on_date, account_rk)\n^^^\nDO UPDATE SET\n    balance_out = EXCLUDED.balance_out, currency_rk = EXCLUDED.currency_rk\n|115    |
+----------+------+------------------------------------------------------------------------------------------------------------------------------------------------------------------------------------------------------------------------------------------------------------------------------------------------------------------------------------------------------------------------------------------------------------------------------------------------+-------+
[2025-07-05T13:48:42.490+0000] {logging_mixin.py:188} INFO - +--------------------+
|                 _c0|
+--------------------+
|09-01-2018;873663...|
|09-01-2018;176169...|
|09-01-2018;409685...|
|09-01-2018;156987...|
|09-01-2018;120483...|
|09-01-2018;311159...|
|10-01-2018;873663...|
|10-01-2018;393808...|
|10-01-2018;37051;...|
|10-01-2018;13630;...|
|10-01-2018;37051;...|
|10-01-2018;176270...|
|10-01-2018;393808...|
|11-01-2018;13630;...|
|11-01-2018;434141...|
|11-01-2018;311161...|
|11-01-2018;37051;...|
|11-01-2018;176169...|
|12-01-2018;393808...|
|12-01-2018;434141...|
+--------------------+
only showing top 20 rows
[2025-07-05T13:48:53.875+0000] {logging_mixin.py:188} INFO - +----------+------+-------------------------------------------+-------+
|timestamp |status|message                                    |obj_num|
+----------+------+-------------------------------------------+-------+
|2025-07-05|ИНФО  |создана временная таблица temp_ft_posting_f|33893  |
+----------+------+-------------------------------------------+-------+
[2025-07-05T13:48:57.877+0000] {logging_mixin.py:188} INFO - +----------+------+--------------------------------------------------------+-------+
|timestamp |status|message                                                 |obj_num|
+----------+------+--------------------------------------------------------+-------+
|2025-07-05|ОШИБКА|ошибка перелива данных в ds.ft_posting_f: 'ft_posting_f'|33893  |
+----------+------+--------------------------------------------------------+-------+
[2025-07-05T13:48:58.019+0000] {logging_mixin.py:188} INFO - +--------------------+
|                 _c0|
+--------------------+
|2018-01-01;2018-0...|
|2018-01-01;2018-0...|
|2018-01-01;2018-0...|
|2018-01-01;2018-0...|
|2018-01-01;2018-0...|
|2018-01-01;2018-0...|
|2018-01-01;2018-0...|
|2018-01-01;2018-0...|
|2018-01-01;2018-0...|
|2018-01-01;2018-0...|
|2018-01-01;2018-0...|
|2018-01-01;2018-0...|
|2018-01-01;2018-0...|
|2018-01-01;2018-0...|
|2018-01-01;2018-0...|
|2018-01-01;2018-0...|
|2018-01-01;2018-0...|
|2018-01-01;2018-0...|
|2018-01-01;2018-0...|
|2018-01-01;2018-0...|
+--------------------+
only showing top 20 rows
[2025-07-05T13:49:01.279+0000] {logging_mixin.py:188} INFO - +----------+------+-------------------------------------------+-------+
|timestamp |status|message                                    |obj_num|
+----------+------+-------------------------------------------+-------+
|2025-07-05|ИНФО  |создана временная таблица temp_md_account_d|113    |
+----------+------+-------------------------------------------+-------+
[2025-07-05T13:49:05.112+0000] {logging_mixin.py:188} INFO - +----------+------+---------------------------------------------------------------------------------------------------------------------------------------------------------------------------------------------------------------------------------------------------------------------------------------------------------------------------------------------------------------------------------------------------------------------------------------------------------------------------------------------------------------------------------------------------------------------------------------------------------------------------------------------------------------------------------------------------------------------+-------+
|timestamp |status|message                                                                                                                                                                                                                                                                                                                                                                                                                                                                                                                                                                                                                                                                                                              |obj_num|
+----------+------+---------------------------------------------------------------------------------------------------------------------------------------------------------------------------------------------------------------------------------------------------------------------------------------------------------------------------------------------------------------------------------------------------------------------------------------------------------------------------------------------------------------------------------------------------------------------------------------------------------------------------------------------------------------------------------------------------------------------+-------+
|2025-07-05|ОШИБКА|ошибка перелива данных в ds.md_account_d: \n[PARSE_SYNTAX_ERROR] Syntax error at or near 'ON'. SQLSTATE: 42601 (line 5, pos 0)\n\n== SQL ==\n\nINSERT INTO ds.md_account_d (account_rk, currency_code, data_actual_date, char_type, data_actual_end_date, currency_rk, account_number)\nSELECT account_rk, currency_code, data_actual_date, char_type, data_actual_end_date, currency_rk, account_number\nFROM ds.temp_md_account_d\nON CONFLICT (data_actual_date, account_rk)\n^^^\nDO UPDATE SET\n    data_actual_end_date = EXCLUDED.data_actual_end_date, char_type = EXCLUDED.char_type, currency_rk = EXCLUDED.currency_rk, currency_code = EXCLUDED.currency_code, account_number = EXCLUDED.account_number\n|113    |
+----------+------+---------------------------------------------------------------------------------------------------------------------------------------------------------------------------------------------------------------------------------------------------------------------------------------------------------------------------------------------------------------------------------------------------------------------------------------------------------------------------------------------------------------------------------------------------------------------------------------------------------------------------------------------------------------------------------------------------------------------+-------+
[2025-07-05T13:49:05.259+0000] {logging_mixin.py:188} INFO - +--------------------+
|                 _c0|
+--------------------+
|37;2017-05-11;205...|
|40;2017-05-11;205...|
|529511969;2017-12...|
|CURRENCY_RK;DATA_...|
|63;2017-05-11;205...|
|26;2017-05-11;205...|
|29;2017-05-11;205...|
|38;2017-05-11;205...|
|46;2017-05-11;205...|
|35;2017-05-11;205...|
|39;2017-05-11;205...|
|30;2017-05-11;205...|
|48;2017-05-11;205...|
|52;2017-05-11;205...|
|56;2017-05-11;205...|
|59;2017-05-11;205...|
|60;2017-05-11;205...|
|32;2017-05-11;205...|
|23;2017-05-11;205...|
|25;2017-05-11;205...|
+--------------------+
only showing top 20 rows
[2025-07-05T13:49:08.351+0000] {logging_mixin.py:188} INFO - +----------+------+--------------------------------------------+-------+
|timestamp |status|message                                     |obj_num|
+----------+------+--------------------------------------------+-------+
|2025-07-05|ИНФО  |создана временная таблица temp_md_currency_d|51     |
+----------+------+--------------------------------------------+-------+
[2025-07-05T13:49:12.199+0000] {logging_mixin.py:188} INFO - +----------+------+---------------------------------------------------------------------------------------------------------------------------------------------------------------------------------------------------------------------------------------------------------------------------------------------------------------------------------------------------------------------------------------------------------------------------------------------------------------------------------------------------------------------------------------------------------------------------------------------------+-------+
|timestamp |status|message                                                                                                                                                                                                                                                                                                                                                                                                                                                                                                                                                                                            |obj_num|
+----------+------+---------------------------------------------------------------------------------------------------------------------------------------------------------------------------------------------------------------------------------------------------------------------------------------------------------------------------------------------------------------------------------------------------------------------------------------------------------------------------------------------------------------------------------------------------------------------------------------------------+-------+
|2025-07-05|ОШИБКА|ошибка перелива данных в ds.md_currency_d: \n[PARSE_SYNTAX_ERROR] Syntax error at or near 'ON'. SQLSTATE: 42601 (line 5, pos 0)\n\n== SQL ==\n\nINSERT INTO ds.md_currency_d (data_actual_date, currency_code, currency_rk, code_iso_char, data_actual_end_date)\nSELECT data_actual_date, currency_code, currency_rk, code_iso_char, data_actual_end_date\nFROM ds.temp_md_currency_d\nON CONFLICT (currency_rk, data_actual_date)\n^^^\nDO UPDATE SET\n    data_actual_end_date = EXCLUDED.data_actual_end_date, currency_code = EXCLUDED.currency_code, code_iso_char = EXCLUDED.code_iso_char\n|51     |
+----------+------+---------------------------------------------------------------------------------------------------------------------------------------------------------------------------------------------------------------------------------------------------------------------------------------------------------------------------------------------------------------------------------------------------------------------------------------------------------------------------------------------------------------------------------------------------------------------------------------------------+-------+
[2025-07-05T13:49:12.353+0000] {logging_mixin.py:188} INFO - +--------------------+
|                 _c0|
+--------------------+
|2018-01-30;2018-0...|
|2018-01-19;2018-0...|
|2018-01-10;2018-0...|
|2018-01-12;2018-0...|
|2018-01-12;2018-0...|
|2018-01-27;2018-0...|
|2018-01-10;2018-0...|
|2018-01-10;2018-0...|
|2018-01-25;2018-0...|
|2018-01-20;2018-0...|
|2018-01-13;2018-0...|
|DATA_ACTUAL_DATE;...|
|2018-01-17;2018-0...|
|2018-01-20;2018-0...|
|2018-01-18;2018-0...|
|2018-01-16;2018-0...|
|2018-01-12;2018-0...|
|2018-01-11;2018-0...|
|2017-12-30;2018-0...|
|2018-01-23;2018-0...|
+--------------------+
only showing top 20 rows
[2025-07-05T13:49:15.696+0000] {logging_mixin.py:188} INFO - +----------+------+-------------------------------------------------+-------+
|timestamp |status|message                                          |obj_num|
+----------+------+-------------------------------------------------+-------+
|2025-07-05|ИНФО  |создана временная таблица temp_md_exchange_rate_d|461    |
+----------+------+-------------------------------------------------+-------+
[2025-07-05T13:49:19.639+0000] {logging_mixin.py:188} INFO - +----------+------+------------------------------------------------------------------------------------------------------------------------------------------------------------------------------------------------------------------------------------------------------------------------------------------------------------------------------------------------------------------------------------------------------------------------------------------------------------------------------------------------------------------------------------------------------------------------------------------------------------------+-------+
|timestamp |status|message                                                                                                                                                                                                                                                                                                                                                                                                                                                                                                                                                                                                           |obj_num|
+----------+------+------------------------------------------------------------------------------------------------------------------------------------------------------------------------------------------------------------------------------------------------------------------------------------------------------------------------------------------------------------------------------------------------------------------------------------------------------------------------------------------------------------------------------------------------------------------------------------------------------------------+-------+
|2025-07-05|ОШИБКА|ошибка перелива данных в ds.md_exchange_rate_d: \n[PARSE_SYNTAX_ERROR] Syntax error at or near 'ON'. SQLSTATE: 42601 (line 5, pos 0)\n\n== SQL ==\n\nINSERT INTO ds.md_exchange_rate_d (currency_rk, code_iso_num, reduced_cource, data_actual_end_date, data_actual_date)\nSELECT currency_rk, code_iso_num, reduced_cource, data_actual_end_date, data_actual_date\nFROM ds.temp_md_exchange_rate_d\nON CONFLICT (data_actual_date, currency_rk)\n^^^\nDO UPDATE SET\n    data_actual_end_date = EXCLUDED.data_actual_end_date, reduced_cource = EXCLUDED.reduced_cource, code_iso_num = EXCLUDED.code_iso_num\n|461    |
+----------+------+------------------------------------------------------------------------------------------------------------------------------------------------------------------------------------------------------------------------------------------------------------------------------------------------------------------------------------------------------------------------------------------------------------------------------------------------------------------------------------------------------------------------------------------------------------------------------------------------------------------+-------+
[2025-07-05T13:49:19.767+0000] {logging_mixin.py:188} INFO - +--------------------+
|                 _c0|
+--------------------+
|А;Балансовые счет...|
|А;Балансовые счет...|
|А;Балансовые счет...|
|А;Балансовые счет...|
|А;Балансовые счет...|
|А;Балансовые счет...|
|А;Балансовые счет...|
|А;Балансовые счет...|
|А;Балансовые счет...|
|CHAPTER;CHAPTER_N...|
|А;Балансовые счет...|
|А;Балансовые счет...|
|А;Балансовые счет...|
|А;Балансовые счет...|
|А;Балансовые счет...|
|А;Балансовые счет...|
|А;Балансовые счет...|
|А;Балансовые счет...|
|А;Балансовые счет...|
+--------------------+
[2025-07-05T13:49:22.959+0000] {logging_mixin.py:188} INFO - +----------+------+--------------------------------------------------+-------+
|timestamp |status|message                                           |obj_num|
+----------+------+--------------------------------------------------+-------+
|2025-07-05|ИНФО  |создана временная таблица temp_md_ledger_account_s|19     |
+----------+------+--------------------------------------------------+-------+
[2025-07-05T13:49:26.815+0000] {logging_mixin.py:188} INFO - +----------+------+----------------------------------------------------------------------------------------------------------------------------------------------------------------------------------------------------------------------------------------------------------------------------------------------------------------------------------------------------------------------------------------------------------------------------------------------------------------------------------------------------------------------------------------------------------------------------------------------------------------------------------------------------------------------------------------------------------------------------------------------------------------------------------------------------------------------------------------------------------------------------------------------------------------------------------------------------------------------------------------------------------------------------------------------------------------------------------------------------------------------------------------------------------------------------------------------------------------------------------------------------------------------------------------------------------------------------------------------------------------------------------------------------------------------------------------------------------------------------------------------------------------------------------------------------------------------------------------------------------------------------------------------------------------------------------------------------------------------------------------------------------------------------------------------------------------------------------------------------------------------------------------------------------------------------------------------------------------------------------------------------------------------------------------------------------------------------------------------------------------------------------------------------------------------------------------------------------------------------------------------------------+-------+
|timestamp |status|message                                                                                                                                                                                                                                                                                                                                                                                                                                                                                                                                                                                                                                                                                                                                                                                                                                                                                                                                                                                                                                                                                                                                                                                                                                                                                                                                                                                                                                                                                                                                                                                                                                                                                                                                                                                                                                                                                                                                                                                                                                                                                                                                                                                                                                                   |obj_num|
+----------+------+----------------------------------------------------------------------------------------------------------------------------------------------------------------------------------------------------------------------------------------------------------------------------------------------------------------------------------------------------------------------------------------------------------------------------------------------------------------------------------------------------------------------------------------------------------------------------------------------------------------------------------------------------------------------------------------------------------------------------------------------------------------------------------------------------------------------------------------------------------------------------------------------------------------------------------------------------------------------------------------------------------------------------------------------------------------------------------------------------------------------------------------------------------------------------------------------------------------------------------------------------------------------------------------------------------------------------------------------------------------------------------------------------------------------------------------------------------------------------------------------------------------------------------------------------------------------------------------------------------------------------------------------------------------------------------------------------------------------------------------------------------------------------------------------------------------------------------------------------------------------------------------------------------------------------------------------------------------------------------------------------------------------------------------------------------------------------------------------------------------------------------------------------------------------------------------------------------------------------------------------------------+-------+
|2025-07-05|ОШИБКА|ошибка перелива данных в ds.md_ledger_account_s: \n[PARSE_SYNTAX_ERROR] Syntax error at or near 'ON'. SQLSTATE: 42601 (line 5, pos 0)\n\n== SQL ==\n\nINSERT INTO ds.md_ledger_account_s (section_number, is_reserved, ledger_account, chapter_name, is_rub_only, ledger_account_name, is_reserved_assets, min_term, ledger1_account, min_term_measure, chapter, is_correct, characteristic, is_resident, is_revaluation, subsection_name, max_term_measure, pair_account, end_date, is_interest, is_loan, section_name, ledger1_account_name, is_overdue, max_term, is_reserve, ledger_acc_full_name_translit, start_date)\nSELECT section_number, is_reserved, ledger_account, chapter_name, is_rub_only, ledger_account_name, is_reserved_assets, min_term, ledger1_account, min_term_measure, chapter, is_correct, characteristic, is_resident, is_revaluation, subsection_name, max_term_measure, pair_account, end_date, is_interest, is_loan, section_name, ledger1_account_name, is_overdue, max_term, is_reserve, ledger_acc_full_name_translit, start_date\nFROM ds.temp_md_ledger_account_s\nON CONFLICT (ledger_account, start_date)\n^^^\nDO UPDATE SET\n    max_term = EXCLUDED.max_term, is_reserved = EXCLUDED.is_reserved, characteristic = EXCLUDED.characteristic, min_term = EXCLUDED.min_term, section_name = EXCLUDED.section_name, is_rub_only = EXCLUDED.is_rub_only, ledger_acc_full_name_translit = EXCLUDED.ledger_acc_full_name_translit, min_term_measure = EXCLUDED.min_term_measure, ledger1_account_name = EXCLUDED.ledger1_account_name, is_reserve = EXCLUDED.is_reserve, is_resident = EXCLUDED.is_resident, is_overdue = EXCLUDED.is_overdue, ledger1_account = EXCLUDED.ledger1_account, ledger_account_name = EXCLUDED.ledger_account_name, is_correct = EXCLUDED.is_correct, pair_account = EXCLUDED.pair_account, is_revaluation = EXCLUDED.is_revaluation, end_date = EXCLUDED.end_date, is_reserved_assets = EXCLUDED.is_reserved_assets, subsection_name = EXCLUDED.subsection_name, chapter_name = EXCLUDED.chapter_name, chapter = EXCLUDED.chapter, section_number = EXCLUDED.section_number, max_term_measure = EXCLUDED.max_term_measure, is_loan = EXCLUDED.is_loan, is_interest = EXCLUDED.is_interest\n|19     |
+----------+------+----------------------------------------------------------------------------------------------------------------------------------------------------------------------------------------------------------------------------------------------------------------------------------------------------------------------------------------------------------------------------------------------------------------------------------------------------------------------------------------------------------------------------------------------------------------------------------------------------------------------------------------------------------------------------------------------------------------------------------------------------------------------------------------------------------------------------------------------------------------------------------------------------------------------------------------------------------------------------------------------------------------------------------------------------------------------------------------------------------------------------------------------------------------------------------------------------------------------------------------------------------------------------------------------------------------------------------------------------------------------------------------------------------------------------------------------------------------------------------------------------------------------------------------------------------------------------------------------------------------------------------------------------------------------------------------------------------------------------------------------------------------------------------------------------------------------------------------------------------------------------------------------------------------------------------------------------------------------------------------------------------------------------------------------------------------------------------------------------------------------------------------------------------------------------------------------------------------------------------------------------------+-------+
[2025-07-05T13:49:26.817+0000] {python.py:237} INFO - Done. Returned value was: None
[2025-07-05T13:49:26.817+0000] {taskinstance.py:441} INFO - ::group::Post task execution logs
[2025-07-05T13:49:26.827+0000] {taskinstance.py:1206} INFO - Marking task as SUCCESS. dag_id=practice_etl_pipeline, task_id=transform_and_load, run_id=manual__2025-07-05T13:48:22.799260+00:00, execution_date=20250705T134822, start_date=20250705T134832, end_date=20250705T134926
[2025-07-05T13:49:26.865+0000] {local_task_job_runner.py:240} INFO - Task exited with return code 0
[2025-07-05T13:49:26.877+0000] {taskinstance.py:3503} INFO - 1 downstream tasks scheduled from follow-on schedule check
[2025-07-05T13:49:26.880+0000] {local_task_job_runner.py:222} INFO - ::endgroup::
