[2025-07-05T12:37:34.613+0000] {local_task_job_runner.py:120} INFO - ::group::Pre task execution logs
[2025-07-05T12:37:34.625+0000] {taskinstance.py:2076} INFO - Dependencies all met for dep_context=non-requeueable deps ti=<TaskInstance: practice_etl_pipeline.extract manual__2025-07-05T12:37:31.027905+00:00 [queued]>
[2025-07-05T12:37:34.629+0000] {taskinstance.py:2076} INFO - Dependencies all met for dep_context=requeueable deps ti=<TaskInstance: practice_etl_pipeline.extract manual__2025-07-05T12:37:31.027905+00:00 [queued]>
[2025-07-05T12:37:34.629+0000] {taskinstance.py:2306} INFO - Starting attempt 1 of 1
[2025-07-05T12:37:34.637+0000] {taskinstance.py:2330} INFO - Executing <Task(PythonOperator): extract> on 2025-07-05 12:37:31.027905+00:00
[2025-07-05T12:37:34.640+0000] {clientserver.py:570} INFO - Closing down clientserver connection
[2025-07-05T12:37:34.640+0000] {warnings.py:112} WARNING - /home/***/.local/lib/python3.12/site-packages/***/task/task_runner/standard_task_runner.py:61: DeprecationWarning: This process (pid=5764) is multi-threaded, use of fork() may lead to deadlocks in the child.
  pid = os.fork()

[2025-07-05T12:37:34.641+0000] {standard_task_runner.py:63} INFO - Started process 5900 to run task
[2025-07-05T12:37:34.643+0000] {standard_task_runner.py:90} INFO - Running: ['***', 'tasks', 'run', 'practice_etl_pipeline', 'extract', 'manual__2025-07-05T12:37:31.027905+00:00', '--job-id', '88', '--raw', '--subdir', 'DAGS_FOLDER/main.py', '--cfg-path', '/tmp/tmpozymcq86']
[2025-07-05T12:37:34.644+0000] {standard_task_runner.py:91} INFO - Job 88: Subtask extract
[2025-07-05T12:37:34.677+0000] {task_command.py:426} INFO - Running <TaskInstance: practice_etl_pipeline.extract manual__2025-07-05T12:37:31.027905+00:00 [running]> on host 6802b12b52ea
[2025-07-05T12:37:34.722+0000] {taskinstance.py:2648} INFO - Exporting env vars: AIRFLOW_CTX_DAG_OWNER='***' AIRFLOW_CTX_DAG_ID='practice_etl_pipeline' AIRFLOW_CTX_TASK_ID='extract' AIRFLOW_CTX_EXECUTION_DATE='2025-07-05T12:37:31.027905+00:00' AIRFLOW_CTX_TRY_NUMBER='1' AIRFLOW_CTX_DAG_RUN_ID='manual__2025-07-05T12:37:31.027905+00:00'
[2025-07-05T12:37:34.723+0000] {taskinstance.py:430} INFO - ::endgroup::
[2025-07-05T12:37:34.730+0000] {taskinstance.py:441} INFO - ::group::Post task execution logs
[2025-07-05T12:37:34.731+0000] {taskinstance.py:2905} ERROR - Task failed with exception
Traceback (most recent call last):
  File "/home/airflow/.local/lib/python3.12/site-packages/airflow/models/taskinstance.py", line 465, in _execute_task
    result = _execute_callable(context=context, **execute_callable_kwargs)
             ^^^^^^^^^^^^^^^^^^^^^^^^^^^^^^^^^^^^^^^^^^^^^^^^^^^^^^^^^^^^^
  File "/home/airflow/.local/lib/python3.12/site-packages/airflow/models/taskinstance.py", line 432, in _execute_callable
    return execute_callable(context=context, **execute_callable_kwargs)
           ^^^^^^^^^^^^^^^^^^^^^^^^^^^^^^^^^^^^^^^^^^^^^^^^^^^^^^^^^^^^
  File "/home/airflow/.local/lib/python3.12/site-packages/airflow/models/baseoperator.py", line 401, in wrapper
    return func(self, *args, **kwargs)
           ^^^^^^^^^^^^^^^^^^^^^^^^^^^
  File "/home/airflow/.local/lib/python3.12/site-packages/airflow/operators/python.py", line 235, in execute
    return_value = self.execute_callable()
                   ^^^^^^^^^^^^^^^^^^^^^^^
  File "/home/airflow/.local/lib/python3.12/site-packages/airflow/operators/python.py", line 252, in execute_callable
    return self.python_callable(*self.op_args, **self.op_kwargs)
           ^^^^^^^^^^^^^^^^^^^^^^^^^^^^^^^^^^^^^^^^^^^^^^^^^^^^^
  File "/opt/airflow/dags/main.py", line 94, in extract
    add_log_entry('ИНФО', 'файлы обработаны и переданы в загрузку', len(filenames))
                                                                        ^^^^^^^^^
UnboundLocalError: cannot access local variable 'filenames' where it is not associated with a value
[2025-07-05T12:37:34.736+0000] {taskinstance.py:1206} INFO - Marking task as FAILED. dag_id=practice_etl_pipeline, task_id=extract, run_id=manual__2025-07-05T12:37:31.027905+00:00, execution_date=20250705T123731, start_date=20250705T123734, end_date=20250705T123734
[2025-07-05T12:37:34.743+0000] {standard_task_runner.py:110} ERROR - Failed to execute job 88 for task extract (cannot access local variable 'filenames' where it is not associated with a value; 5900)
[2025-07-05T12:37:34.774+0000] {local_task_job_runner.py:240} INFO - Task exited with return code 1
[2025-07-05T12:37:34.789+0000] {taskinstance.py:3503} INFO - 0 downstream tasks scheduled from follow-on schedule check
[2025-07-05T12:37:34.792+0000] {local_task_job_runner.py:222} INFO - ::endgroup::
