[2025-07-05T11:51:50.306+0000] {local_task_job_runner.py:120} INFO - ::group::Pre task execution logs
[2025-07-05T11:51:50.318+0000] {taskinstance.py:2076} INFO - Dependencies all met for dep_context=non-requeueable deps ti=<TaskInstance: practice_etl_pipeline.extract manual__2025-07-05T11:51:46.616622+00:00 [queued]>
[2025-07-05T11:51:50.323+0000] {taskinstance.py:2076} INFO - Dependencies all met for dep_context=requeueable deps ti=<TaskInstance: practice_etl_pipeline.extract manual__2025-07-05T11:51:46.616622+00:00 [queued]>
[2025-07-05T11:51:50.323+0000] {taskinstance.py:2306} INFO - Starting attempt 1 of 1
[2025-07-05T11:51:50.332+0000] {taskinstance.py:2330} INFO - Executing <Task(PythonOperator): extract> on 2025-07-05 11:51:46.616622+00:00
[2025-07-05T11:51:50.335+0000] {clientserver.py:570} INFO - Closing down clientserver connection
[2025-07-05T11:51:50.336+0000] {warnings.py:112} WARNING - /home/***/.local/lib/python3.12/site-packages/***/task/task_runner/standard_task_runner.py:61: DeprecationWarning: This process (pid=3660) is multi-threaded, use of fork() may lead to deadlocks in the child.
  pid = os.fork()

[2025-07-05T11:51:50.337+0000] {standard_task_runner.py:63} INFO - Started process 3819 to run task
[2025-07-05T11:51:50.339+0000] {standard_task_runner.py:90} INFO - Running: ['***', 'tasks', 'run', 'practice_etl_pipeline', 'extract', 'manual__2025-07-05T11:51:46.616622+00:00', '--job-id', '24', '--raw', '--subdir', 'DAGS_FOLDER/main.py', '--cfg-path', '/tmp/tmpys2bfqh4']
[2025-07-05T11:51:50.344+0000] {standard_task_runner.py:91} INFO - Job 24: Subtask extract
[2025-07-05T11:51:50.391+0000] {task_command.py:426} INFO - Running <TaskInstance: practice_etl_pipeline.extract manual__2025-07-05T11:51:46.616622+00:00 [running]> on host 6802b12b52ea
[2025-07-05T11:51:50.458+0000] {taskinstance.py:2648} INFO - Exporting env vars: AIRFLOW_CTX_DAG_OWNER='***' AIRFLOW_CTX_DAG_ID='practice_etl_pipeline' AIRFLOW_CTX_TASK_ID='extract' AIRFLOW_CTX_EXECUTION_DATE='2025-07-05T11:51:46.616622+00:00' AIRFLOW_CTX_TRY_NUMBER='1' AIRFLOW_CTX_DAG_RUN_ID='manual__2025-07-05T11:51:46.616622+00:00'
[2025-07-05T11:51:50.459+0000] {taskinstance.py:430} INFO - ::endgroup::
[2025-07-05T11:51:50.473+0000] {logging_mixin.py:188} INFO - [] файлы в папке
[2025-07-05T11:51:50.534+0000] {python.py:237} INFO - Done. Returned value was: None
[2025-07-05T11:51:50.534+0000] {taskinstance.py:441} INFO - ::group::Post task execution logs
[2025-07-05T11:51:50.539+0000] {taskinstance.py:1206} INFO - Marking task as SUCCESS. dag_id=practice_etl_pipeline, task_id=extract, run_id=manual__2025-07-05T11:51:46.616622+00:00, execution_date=20250705T115146, start_date=20250705T115150, end_date=20250705T115150
[2025-07-05T11:51:50.591+0000] {local_task_job_runner.py:240} INFO - Task exited with return code 0
[2025-07-05T11:51:50.597+0000] {local_task_job_runner.py:222} INFO - ::endgroup::
