[2025-07-05T12:13:53.481+0000] {local_task_job_runner.py:120} INFO - ::group::Pre task execution logs
[2025-07-05T12:13:53.493+0000] {taskinstance.py:2076} INFO - Dependencies all met for dep_context=non-requeueable deps ti=<TaskInstance: practice_etl_pipeline.transform_and_load manual__2025-07-05T12:13:45.764896+00:00 [queued]>
[2025-07-05T12:13:53.497+0000] {taskinstance.py:2076} INFO - Dependencies all met for dep_context=requeueable deps ti=<TaskInstance: practice_etl_pipeline.transform_and_load manual__2025-07-05T12:13:45.764896+00:00 [queued]>
[2025-07-05T12:13:53.498+0000] {taskinstance.py:2306} INFO - Starting attempt 1 of 1
[2025-07-05T12:13:53.507+0000] {taskinstance.py:2330} INFO - Executing <Task(PythonOperator): transform_and_load> on 2025-07-05 12:13:45.764896+00:00
[2025-07-05T12:13:53.511+0000] {clientserver.py:570} INFO - Closing down clientserver connection
[2025-07-05T12:13:53.511+0000] {warnings.py:112} WARNING - /home/***/.local/lib/python3.12/site-packages/***/task/task_runner/standard_task_runner.py:61: DeprecationWarning: This process (pid=288) is multi-threaded, use of fork() may lead to deadlocks in the child.
  pid = os.fork()

[2025-07-05T12:13:53.512+0000] {standard_task_runner.py:63} INFO - Started process 455 to run task
[2025-07-05T12:13:53.514+0000] {standard_task_runner.py:90} INFO - Running: ['***', 'tasks', 'run', 'practice_etl_pipeline', 'transform_and_load', 'manual__2025-07-05T12:13:45.764896+00:00', '--job-id', '56', '--raw', '--subdir', 'DAGS_FOLDER/main.py', '--cfg-path', '/tmp/tmpyn0wqdst']
[2025-07-05T12:13:53.515+0000] {standard_task_runner.py:91} INFO - Job 56: Subtask transform_and_load
[2025-07-05T12:13:53.546+0000] {task_command.py:426} INFO - Running <TaskInstance: practice_etl_pipeline.transform_and_load manual__2025-07-05T12:13:45.764896+00:00 [running]> on host 6802b12b52ea
[2025-07-05T12:13:53.589+0000] {taskinstance.py:2648} INFO - Exporting env vars: AIRFLOW_CTX_DAG_OWNER='***' AIRFLOW_CTX_DAG_ID='practice_etl_pipeline' AIRFLOW_CTX_TASK_ID='transform_and_load' AIRFLOW_CTX_EXECUTION_DATE='2025-07-05T12:13:45.764896+00:00' AIRFLOW_CTX_TRY_NUMBER='1' AIRFLOW_CTX_DAG_RUN_ID='manual__2025-07-05T12:13:45.764896+00:00'
[2025-07-05T12:13:53.590+0000] {taskinstance.py:430} INFO - ::endgroup::
[2025-07-05T12:13:54.104+0000] {clientserver.py:529} INFO - Error while sending or receiving.
Traceback (most recent call last):
  File "/opt/spark/spark-4.0.0-bin-hadoop3/python/lib/py4j-0.10.9.9-src.zip/py4j/clientserver.py", line 527, in send_command
    self.socket.sendall(command.encode("utf-8"))
ConnectionResetError: [Errno 104] Connection reset by peer
[2025-07-05T12:13:54.105+0000] {clientserver.py:570} INFO - Closing down clientserver connection
[2025-07-05T12:13:54.105+0000] {java_gateway.py:1056} INFO - Exception while sending command.
Traceback (most recent call last):
  File "/opt/spark/spark-4.0.0-bin-hadoop3/python/lib/py4j-0.10.9.9-src.zip/py4j/clientserver.py", line 527, in send_command
    self.socket.sendall(command.encode("utf-8"))
ConnectionResetError: [Errno 104] Connection reset by peer

During handling of the above exception, another exception occurred:

Traceback (most recent call last):
  File "/opt/spark/spark-4.0.0-bin-hadoop3/python/lib/py4j-0.10.9.9-src.zip/py4j/java_gateway.py", line 1038, in send_command
    response = connection.send_command(command)
               ^^^^^^^^^^^^^^^^^^^^^^^^^^^^^^^^
  File "/opt/spark/spark-4.0.0-bin-hadoop3/python/lib/py4j-0.10.9.9-src.zip/py4j/clientserver.py", line 530, in send_command
    raise Py4JNetworkError(
py4j.protocol.Py4JNetworkError: Error while sending
[2025-07-05T12:13:54.107+0000] {clientserver.py:570} INFO - Closing down clientserver connection
[2025-07-05T12:13:56.823+0000] {python.py:237} INFO - Done. Returned value was: None
[2025-07-05T12:13:56.823+0000] {taskinstance.py:441} INFO - ::group::Post task execution logs
[2025-07-05T12:13:56.828+0000] {taskinstance.py:1206} INFO - Marking task as SUCCESS. dag_id=practice_etl_pipeline, task_id=transform_and_load, run_id=manual__2025-07-05T12:13:45.764896+00:00, execution_date=20250705T121345, start_date=20250705T121353, end_date=20250705T121356
[2025-07-05T12:13:56.854+0000] {local_task_job_runner.py:240} INFO - Task exited with return code 0
[2025-07-05T12:13:56.860+0000] {local_task_job_runner.py:222} INFO - ::endgroup::
