[2025-07-06T14:42:24.020+0000] {local_task_job_runner.py:120} INFO - ::group::Pre task execution logs
[2025-07-06T14:42:24.032+0000] {taskinstance.py:2076} INFO - Dependencies all met for dep_context=non-requeueable deps ti=<TaskInstance: practice_etl_pipeline.transform_and_load manual__2025-07-06T14:42:13.721122+00:00 [queued]>
[2025-07-06T14:42:24.036+0000] {taskinstance.py:2076} INFO - Dependencies all met for dep_context=requeueable deps ti=<TaskInstance: practice_etl_pipeline.transform_and_load manual__2025-07-06T14:42:13.721122+00:00 [queued]>
[2025-07-06T14:42:24.037+0000] {taskinstance.py:2306} INFO - Starting attempt 1 of 1
[2025-07-06T14:42:24.046+0000] {taskinstance.py:2330} INFO - Executing <Task(PythonOperator): transform_and_load> on 2025-07-06 14:42:13.721122+00:00
[2025-07-06T14:42:24.050+0000] {clientserver.py:570} INFO - Closing down clientserver connection
[2025-07-06T14:42:24.051+0000] {warnings.py:112} WARNING - /home/***/.local/lib/python3.12/site-packages/***/task/task_runner/standard_task_runner.py:61: DeprecationWarning: This process (pid=11596) is multi-threaded, use of fork() may lead to deadlocks in the child.
  pid = os.fork()

[2025-07-06T14:42:24.052+0000] {standard_task_runner.py:63} INFO - Started process 11737 to run task
[2025-07-06T14:42:24.053+0000] {standard_task_runner.py:90} INFO - Running: ['***', 'tasks', 'run', 'practice_etl_pipeline', 'transform_and_load', 'manual__2025-07-06T14:42:13.721122+00:00', '--job-id', '294', '--raw', '--subdir', 'DAGS_FOLDER/main.py', '--cfg-path', '/tmp/tmpi55yhval']
[2025-07-06T14:42:24.055+0000] {standard_task_runner.py:91} INFO - Job 294: Subtask transform_and_load
[2025-07-06T14:42:24.092+0000] {task_command.py:426} INFO - Running <TaskInstance: practice_etl_pipeline.transform_and_load manual__2025-07-06T14:42:13.721122+00:00 [running]> on host 93b0937d74ff
[2025-07-06T14:42:24.147+0000] {taskinstance.py:2648} INFO - Exporting env vars: AIRFLOW_CTX_DAG_OWNER='***' AIRFLOW_CTX_DAG_ID='practice_etl_pipeline' AIRFLOW_CTX_TASK_ID='transform_and_load' AIRFLOW_CTX_EXECUTION_DATE='2025-07-06T14:42:13.721122+00:00' AIRFLOW_CTX_TRY_NUMBER='1' AIRFLOW_CTX_DAG_RUN_ID='manual__2025-07-06T14:42:13.721122+00:00'
[2025-07-06T14:42:24.148+0000] {taskinstance.py:430} INFO - ::endgroup::
[2025-07-06T14:42:25.702+0000] {logging_mixin.py:188} INFO - +----------+----------+-----------+-------------+
|   on_date|account_rk|currency_rk|  balance_out|
+----------+----------+-----------+-------------+
|31.12.2017|     24656|         35|     80533.62|
|31.12.2017|  34156756|         34|     99438.49|
|31.12.2017| 205685120|         36|     47671.54|
|31.12.2017|     19491|         34|      6783.41|
|31.12.2017|  31824186|         34|     45280.12|
|31.12.2017|     18164|         34|     86904.66|
|31.12.2017|     43180|         31|     80339.53|
|31.12.2017|  34156914|         34|    166637.75|
|31.12.2017|     13661|         35|     98296.65|
|31.12.2017|     13631|         35|    114589.94|
|31.12.2017|     13905|         34|     129554.0|
|31.12.2017|  25686468|         34|   2047171.37|
|31.12.2017| 298332234|         31|     94106.33|
|31.12.2017|     14878|         34|     26652.93|
|31.12.2017| 184239035|         62|    152671.71|
|31.12.2017|     13904|         34|      5541.83|
|31.12.2017|     17132|         34|2.001137158E7|
|31.12.2017|     24235|         35|     81577.79|
|31.12.2017|     38388|         30|      5754.62|
|31.12.2017|  34157147|         35|     13562.04|
+----------+----------+-----------+-------------+
only showing top 20 rows
[2025-07-06T14:42:25.703+0000] {logging_mixin.py:188} INFO - ВОТ ТУТ ДАТА on_date
[2025-07-06T14:42:25.799+0000] {logging_mixin.py:188} INFO - Row(on_date='31.12.2017')
[2025-07-06T14:42:25.853+0000] {logging_mixin.py:188} INFO - dd.MM.yyyy
[2025-07-06T14:42:26.075+0000] {logging_mixin.py:188} INFO - +----------+----------+-----------+-------------+
|on_date   |account_rk|currency_rk|balance_out  |
+----------+----------+-----------+-------------+
|2017-12-31|24656     |35         |80533.62     |
|2017-12-31|34156756  |34         |99438.49     |
|2017-12-31|205685120 |36         |47671.54     |
|2017-12-31|19491     |34         |6783.41      |
|2017-12-31|31824186  |34         |45280.12     |
|2017-12-31|18164     |34         |86904.66     |
|2017-12-31|43180     |31         |80339.53     |
|2017-12-31|34156914  |34         |166637.75    |
|2017-12-31|13661     |35         |98296.65     |
|2017-12-31|13631     |35         |114589.94    |
|2017-12-31|13905     |34         |129554.0     |
|2017-12-31|25686468  |34         |2047171.37   |
|2017-12-31|298332234 |31         |94106.33     |
|2017-12-31|14878     |34         |26652.93     |
|2017-12-31|184239035 |62         |152671.71    |
|2017-12-31|13904     |34         |5541.83      |
|2017-12-31|17132     |34         |2.001137158E7|
|2017-12-31|24235     |35         |81577.79     |
|2017-12-31|38388     |30         |5754.62      |
|2017-12-31|34157147  |35         |13562.04     |
+----------+----------+-----------+-------------+
only showing top 20 rows
[2025-07-06T14:42:29.819+0000] {logging_mixin.py:188} INFO - +----------+------+----------------------------+-------+
|timestamp |status|message                     |obj_num|
+----------+------+----------------------------+-------+
|2025-07-06|ИНФО  |создана таблица ft_balance_f|114    |
+----------+------+----------------------------+-------+
[2025-07-06T14:42:30.336+0000] {logging_mixin.py:188} INFO - +----------+-----------------+----------------+-------------+------------+
| oper_date|credit_account_rk|debet_account_rk|credit_amount|debet_amount|
+----------+-----------------+----------------+-------------+------------+
|09-01-2018|          1761691|           13630|     50022.58|    54944.45|
|09-01-2018|         18880783|           13630|     91167.18|    82820.46|
|09-01-2018|          8736635|           13630|     99508.82|    44841.59|
|09-01-2018|        393808409|           17436|      8245.63|    41044.51|
|09-01-2018|          1761691|           13630|     93600.14|    10481.79|
|09-01-2018|        393808409|           17436|     54070.47|    56847.36|
|10-01-2018|            37051|           13630|     46749.85|    92925.41|
|10-01-2018|            37051|           13630|     65690.32|    47907.92|
|10-01-2018|            37051|           13630|     95646.69|     61144.4|
|10-01-2018|            13985|           13630|     32754.88|    70084.15|
|10-01-2018|          1761691|           13630|     25635.33|    95777.71|
|10-01-2018|         10006159|           13630|     77549.53|    39308.12|
|10-01-2018|        409685020|           13630|     37166.75|    40855.85|
|10-01-2018|            17440|           17436|      5661.28|    89094.65|
|11-01-2018|         15698716|           13630|     82591.14|    46930.72|
|11-01-2018|        393808409|           17436|      5406.76|    76558.03|
|11-01-2018|            17132|           13630|      8759.27|     19925.6|
|12-01-2018|          8736635|           13630|     88985.14|    33007.19|
|12-01-2018|            37051|           13630|     95034.77|    90096.94|
|12-01-2018|          1761691|           13630|     89317.34|    32228.73|
+----------+-----------------+----------------+-------------+------------+
only showing top 20 rows
[2025-07-06T14:42:30.337+0000] {logging_mixin.py:188} INFO - ВОТ ТУТ ДАТА oper_date
[2025-07-06T14:42:30.392+0000] {logging_mixin.py:188} INFO - Row(oper_date='09-01-2018')
[2025-07-06T14:42:30.438+0000] {logging_mixin.py:188} INFO - dd-MM-yyyy
[2025-07-06T14:42:30.724+0000] {logging_mixin.py:188} INFO - +----------+-----------------+----------------+-------------+------------+
|oper_date |credit_account_rk|debet_account_rk|credit_amount|debet_amount|
+----------+-----------------+----------------+-------------+------------+
|2018-01-09|1761691          |13630           |50022.58     |54944.45    |
|2018-01-09|18880783         |13630           |91167.18     |82820.46    |
|2018-01-09|8736635          |13630           |99508.82     |44841.59    |
|2018-01-09|393808409        |17436           |8245.63      |41044.51    |
|2018-01-09|1761691          |13630           |93600.14     |10481.79    |
|2018-01-09|393808409        |17436           |54070.47     |56847.36    |
|2018-01-10|37051            |13630           |46749.85     |92925.41    |
|2018-01-10|37051            |13630           |65690.32     |47907.92    |
|2018-01-10|37051            |13630           |95646.69     |61144.4     |
|2018-01-10|13985            |13630           |32754.88     |70084.15    |
|2018-01-10|1761691          |13630           |25635.33     |95777.71    |
|2018-01-10|10006159         |13630           |77549.53     |39308.12    |
|2018-01-10|409685020        |13630           |37166.75     |40855.85    |
|2018-01-10|17440            |17436           |5661.28      |89094.65    |
|2018-01-11|15698716         |13630           |82591.14     |46930.72    |
|2018-01-11|393808409        |17436           |5406.76      |76558.03    |
|2018-01-11|17132            |13630           |8759.27      |19925.6     |
|2018-01-12|8736635          |13630           |88985.14     |33007.19    |
|2018-01-12|37051            |13630           |95034.77     |90096.94    |
|2018-01-12|1761691          |13630           |89317.34     |32228.73    |
+----------+-----------------+----------------+-------------+------------+
only showing top 20 rows
[2025-07-06T14:42:43.304+0000] {logging_mixin.py:188} INFO - +----------+------+----------------------------+-------+
|timestamp |status|message                     |obj_num|
+----------+------+----------------------------+-------+
|2025-07-06|ИНФО  |создана таблица ft_posting_f|33892  |
+----------+------+----------------------------+-------+
[2025-07-06T14:42:43.612+0000] {logging_mixin.py:188} INFO - +----------------+--------------------+----------+--------------------+---------+-----------+-------------+
|data_actual_date|data_actual_end_date|account_rk|      account_number|char_type|currency_rk|currency_code|
+----------------+--------------------+----------+--------------------+---------+-----------+-------------+
|      2018-01-01|          2018-01-31|     13632|30114978200000004001|        А|         44|          978|
|      2018-01-01|          2018-01-31|     14104|30220840200838890001|        П|         35|          840|
|      2018-01-01|          2018-01-31|     14136|30220826800838890001|        П|         31|          826|
|      2018-01-01|          2018-01-31|     13872|30221978900000004100|        А|         44|          978|
|      2018-01-01|          2018-01-31|     14913|30223810300000001102|        П|         34|          643|
|      2018-01-01|          2018-01-31|  16582001|30114398000000004001|        А|         28|          398|
|      2018-01-01|          2018-01-31| 359656927|30114344900001102001|        А|         59|          344|
|      2018-01-01|          2018-01-31|     17132|30111810000000666001|        П|         34|          643|
|      2018-01-01|          2018-01-31| 331483502|30111810900001260001|        П|         34|          643|
|      2018-01-01|          2018-01-31|     43180|30222826000000009101|        П|         31|          826|
|      2018-01-01|          2018-01-31|     13811|30221978100000008100|        А|         44|          978|
|      2018-01-01|          2018-01-31|     13907|30114826900000009005|        А|         31|          826|
|      2018-01-01|          2018-01-31|     24775|30223810500000001106|        П|         34|          643|
|      2018-01-01|          2018-01-31|     24236|30222826400000309100|        П|         31|          826|
|      2018-01-01|          2018-01-31|  34156787|30236826400000009001|        П|         31|          826|
|      2018-01-01|          2018-01-31| 312741916|30111810300000829001|        П|         34|          643|
|      2018-01-01|          2018-01-31|     13731|30110978400000008005|        А|         44|          978|
|      2018-01-01|          2018-01-31|  18849846|30109810500000435003|        П|         34|          643|
|      2018-01-01|          2018-01-31|   1972647|30111810700000908001|        П|         34|          643|
|      2018-01-01|          2018-01-31| 298332839|30222978700000004095|        П|         44|          978|
+----------------+--------------------+----------+--------------------+---------+-----------+-------------+
only showing top 20 rows
[2025-07-06T14:42:43.613+0000] {logging_mixin.py:188} INFO - ВОТ ТУТ ДАТА data_actual_date
[2025-07-06T14:42:43.662+0000] {logging_mixin.py:188} INFO - Row(data_actual_date=datetime.date(2018, 1, 1))
[2025-07-06T14:42:43.709+0000] {logging_mixin.py:188} INFO - None
[2025-07-06T14:42:43.759+0000] {logging_mixin.py:188} INFO - ВОТ ТУТ ДАТА data_actual_end_date
[2025-07-06T14:42:43.805+0000] {logging_mixin.py:188} INFO - Row(data_actual_end_date=datetime.date(2018, 1, 31))
[2025-07-06T14:42:43.851+0000] {logging_mixin.py:188} INFO - None
[2025-07-06T14:42:43.989+0000] {logging_mixin.py:188} INFO - +----------------+--------------------+----------+--------------------+---------+-----------+-------------+
|data_actual_date|data_actual_end_date|account_rk|account_number      |char_type|currency_rk|currency_code|
+----------------+--------------------+----------+--------------------+---------+-----------+-------------+
|2018-01-01      |2018-01-31          |13632     |30114978200000004001|А        |44         |978          |
|2018-01-01      |2018-01-31          |14104     |30220840200838890001|П        |35         |840          |
|2018-01-01      |2018-01-31          |14136     |30220826800838890001|П        |31         |826          |
|2018-01-01      |2018-01-31          |13872     |30221978900000004100|А        |44         |978          |
|2018-01-01      |2018-01-31          |14913     |30223810300000001102|П        |34         |643          |
|2018-01-01      |2018-01-31          |16582001  |30114398000000004001|А        |28         |398          |
|2018-01-01      |2018-01-31          |359656927 |30114344900001102001|А        |59         |344          |
|2018-01-01      |2018-01-31          |17132     |30111810000000666001|П        |34         |643          |
|2018-01-01      |2018-01-31          |331483502 |30111810900001260001|П        |34         |643          |
|2018-01-01      |2018-01-31          |43180     |30222826000000009101|П        |31         |826          |
|2018-01-01      |2018-01-31          |13811     |30221978100000008100|А        |44         |978          |
|2018-01-01      |2018-01-31          |13907     |30114826900000009005|А        |31         |826          |
|2018-01-01      |2018-01-31          |24775     |30223810500000001106|П        |34         |643          |
|2018-01-01      |2018-01-31          |24236     |30222826400000309100|П        |31         |826          |
|2018-01-01      |2018-01-31          |34156787  |30236826400000009001|П        |31         |826          |
|2018-01-01      |2018-01-31          |312741916 |30111810300000829001|П        |34         |643          |
|2018-01-01      |2018-01-31          |13731     |30110978400000008005|А        |44         |978          |
|2018-01-01      |2018-01-31          |18849846  |30109810500000435003|П        |34         |643          |
|2018-01-01      |2018-01-31          |1972647   |30111810700000908001|П        |34         |643          |
|2018-01-01      |2018-01-31          |298332839 |30222978700000004095|П        |44         |978          |
+----------------+--------------------+----------+--------------------+---------+-----------+-------------+
only showing top 20 rows
[2025-07-06T14:42:46.675+0000] {logging_mixin.py:188} INFO - +----------+------+----------------------------+-------+
|timestamp |status|message                     |obj_num|
+----------+------+----------------------------+-------+
|2025-07-06|ИНФО  |создана таблица md_account_d|112    |
+----------+------+----------------------------+-------+
[2025-07-06T14:42:46.896+0000] {logging_mixin.py:188} INFO - +-----------+----------------+--------------------+-------------+-------------+
|currency_rk|data_actual_date|data_actual_end_date|currency_code|code_iso_char|
+-----------+----------------+--------------------+-------------+-------------+
|         47|      11.05.2017|          31.12.2050|          376|          ILS|
|    4586704|      06.09.2011|          31.12.2050|            0|          NON|
|         48|      11.05.2017|          31.12.2050|           84|          BZD|
|         35|      11.05.2017|          31.12.2050|          840|          USD|
|         24|      11.05.2017|          31.12.2050|          784|          AED|
|  529511969|      12.12.2017|          31.12.2050|           51|          AMD|
|         61|      11.05.2017|          31.12.2050|          446|          MOP|
|         25|      11.05.2017|          31.12.2050|          986|          BRL|
|         60|      11.05.2017|          31.12.2050|           48|          BHD|
|         42|      11.05.2017|          31.12.2050|          124|          CAD|
|  529511970|      12.12.2017|          31.12.2050|          944|          AZN|
|         52|      11.05.2017|          31.12.2050|          434|          LYD|
|         39|      11.05.2017|          31.12.2050|           36|          AUD|
|         41|      11.05.2017|          31.12.2050|          980|          UAH|
|         44|      11.05.2017|          31.12.2050|          978|          EUR|
|         27|      11.05.2017|          31.12.2050|          586|          PKR|
|         40|      11.05.2017|          31.12.2050|          578|          NOK|
|         46|      11.05.2017|          31.12.2050|           44|          BHS|
|         58|      11.05.2017|          31.12.2050|          100|          BGN|
|         31|      11.05.2017|          31.12.2050|          826|          GBP|
+-----------+----------------+--------------------+-------------+-------------+
only showing top 20 rows
[2025-07-06T14:42:46.897+0000] {logging_mixin.py:188} INFO - ВОТ ТУТ ДАТА data_actual_date
[2025-07-06T14:42:46.932+0000] {logging_mixin.py:188} INFO - Row(data_actual_date='06.09.2011')
[2025-07-06T14:42:46.966+0000] {logging_mixin.py:188} INFO - dd.MM.yyyy
[2025-07-06T14:42:47.005+0000] {logging_mixin.py:188} INFO - ВОТ ТУТ ДАТА data_actual_end_date
[2025-07-06T14:42:47.044+0000] {logging_mixin.py:188} INFO - Row(data_actual_end_date='31.12.2050')
[2025-07-06T14:42:47.080+0000] {logging_mixin.py:188} INFO - dd.MM.yyyy
[2025-07-06T14:42:47.192+0000] {logging_mixin.py:188} INFO - +-----------+----------------+--------------------+-------------+-------------+
|currency_rk|data_actual_date|data_actual_end_date|currency_code|code_iso_char|
+-----------+----------------+--------------------+-------------+-------------+
|47         |2017-05-11      |2050-12-31          |376          |ILS          |
|4586704    |2011-09-06      |2050-12-31          |0            |NON          |
|48         |2017-05-11      |2050-12-31          |84           |BZD          |
|35         |2017-05-11      |2050-12-31          |840          |USD          |
|24         |2017-05-11      |2050-12-31          |784          |AED          |
|529511969  |2017-12-12      |2050-12-31          |51           |AMD          |
|61         |2017-05-11      |2050-12-31          |446          |MOP          |
|25         |2017-05-11      |2050-12-31          |986          |BRL          |
|60         |2017-05-11      |2050-12-31          |48           |BHD          |
|42         |2017-05-11      |2050-12-31          |124          |CAD          |
|529511970  |2017-12-12      |2050-12-31          |944          |AZN          |
|52         |2017-05-11      |2050-12-31          |434          |LYD          |
|39         |2017-05-11      |2050-12-31          |36           |AUD          |
|41         |2017-05-11      |2050-12-31          |980          |UAH          |
|44         |2017-05-11      |2050-12-31          |978          |EUR          |
|27         |2017-05-11      |2050-12-31          |586          |PKR          |
|40         |2017-05-11      |2050-12-31          |578          |NOK          |
|46         |2017-05-11      |2050-12-31          |44           |BHS          |
|58         |2017-05-11      |2050-12-31          |100          |BGN          |
|31         |2017-05-11      |2050-12-31          |826          |GBP          |
+-----------+----------------+--------------------+-------------+-------------+
only showing top 20 rows
[2025-07-06T14:42:49.863+0000] {logging_mixin.py:188} INFO - +----------+------+-----------------------------+-------+
|timestamp |status|message                      |obj_num|
+----------+------+-----------------------------+-------+
|2025-07-06|ИНФО  |создана таблица md_currency_d|50     |
+----------+------+-----------------------------+-------+
[2025-07-06T14:42:50.076+0000] {logging_mixin.py:188} INFO - +----------------+--------------------+-----------+--------------+------------+
|data_actual_date|data_actual_end_date|currency_rk|reduced_cource|code_iso_num|
+----------------+--------------------+-----------+--------------+------------+
|      2018-01-27|          2018-01-29|         40|       7.26559|         578|
|      2018-01-12|          2018-01-12|         31|       76.8188|         826|
|      2017-12-30|          2018-01-09|         31|       77.6739|         826|
|      2018-01-20|          2018-01-22|         21|        14.979|         949|
|      2018-01-18|          2018-01-18|         25|       17.5519|         986|
|      2018-01-27|          2018-01-29|         59|       7.14005|         344|
|      2018-01-19|          2018-01-19|         39|       45.2999|          36|
|      2018-01-13|          2018-01-15|         36|       16.3907|         985|
|      2018-01-11|          2018-01-11|         57|      0.822464|         417|
|      2018-01-10|          2018-01-10|         36|        16.312|         985|
|      2017-12-30|          2018-01-09|         58|       35.2252|         100|
|      2018-01-12|          2018-01-12|  205699734|      0.219942|         348|
|      2018-01-26|          2018-01-26|         30|       59.3409|         756|
|      2017-12-30|          2018-01-09|         44|       68.8668|         978|
|      2017-12-30|          2018-01-09|  205699733|       2.69305|         203|
|      2018-01-27|          2018-01-29|         37|      0.512308|         392|
|      2018-01-20|          2018-01-22|         31|       78.8231|         826|
|      2016-07-01|          2050-12-31|         38|       31.8884|         974|
|      2018-01-12|          2018-01-12|         30|       58.1174|         756|
|      2017-12-30|          2018-01-09|  409611215|       6.52634|         972|
+----------------+--------------------+-----------+--------------+------------+
only showing top 20 rows
[2025-07-06T14:42:50.077+0000] {logging_mixin.py:188} INFO - ВОТ ТУТ ДАТА data_actual_date
[2025-07-06T14:42:50.106+0000] {logging_mixin.py:188} INFO - Row(data_actual_date=datetime.date(2016, 7, 1))
[2025-07-06T14:42:50.138+0000] {logging_mixin.py:188} INFO - None
[2025-07-06T14:42:50.172+0000] {logging_mixin.py:188} INFO - ВОТ ТУТ ДАТА data_actual_end_date
[2025-07-06T14:42:50.200+0000] {logging_mixin.py:188} INFO - Row(data_actual_end_date=datetime.date(2050, 12, 31))
[2025-07-06T14:42:50.232+0000] {logging_mixin.py:188} INFO - None
[2025-07-06T14:42:50.338+0000] {logging_mixin.py:188} INFO - +----------------+--------------------+-----------+--------------+------------+
|data_actual_date|data_actual_end_date|currency_rk|reduced_cource|code_iso_num|
+----------------+--------------------+-----------+--------------+------------+
|2018-01-27      |2018-01-29          |40         |7.26559       |578         |
|2018-01-12      |2018-01-12          |31         |76.8188       |826         |
|2017-12-30      |2018-01-09          |31         |77.6739       |826         |
|2018-01-20      |2018-01-22          |21         |14.979        |949         |
|2018-01-18      |2018-01-18          |25         |17.5519       |986         |
|2018-01-27      |2018-01-29          |59         |7.14005       |344         |
|2018-01-19      |2018-01-19          |39         |45.2999       |36          |
|2018-01-13      |2018-01-15          |36         |16.3907       |985         |
|2018-01-11      |2018-01-11          |57         |0.822464      |417         |
|2018-01-10      |2018-01-10          |36         |16.312        |985         |
|2017-12-30      |2018-01-09          |58         |35.2252       |100         |
|2018-01-12      |2018-01-12          |205699734  |0.219942      |348         |
|2018-01-26      |2018-01-26          |30         |59.3409       |756         |
|2017-12-30      |2018-01-09          |44         |68.8668       |978         |
|2017-12-30      |2018-01-09          |205699733  |2.69305       |203         |
|2018-01-27      |2018-01-29          |37         |0.512308      |392         |
|2018-01-20      |2018-01-22          |31         |78.8231       |826         |
|2016-07-01      |2050-12-31          |38         |31.8884       |974         |
|2018-01-12      |2018-01-12          |30         |58.1174       |756         |
|2017-12-30      |2018-01-09          |409611215  |6.52634       |972         |
+----------------+--------------------+-----------+--------------+------------+
only showing top 20 rows
[2025-07-06T14:42:53.058+0000] {logging_mixin.py:188} INFO - +----------+------+----------------------------------+-------+
|timestamp |status|message                           |obj_num|
+----------+------+----------------------------------+-------+
|2025-07-06|ИНФО  |создана таблица md_exchange_rate_d|460    |
+----------+------+----------------------------------+-------+
[2025-07-06T14:42:53.285+0000] {logging_mixin.py:188} INFO - +-------+----------------+--------------+--------------------+--------------------+---------------+--------------------+--------------+--------------------+--------------+----------+----------+
|chapter|    chapter_name|section_number|        section_name|     subsection_name|ledger1_account|ledger1_account_name|ledger_account| ledger_account_name|characteristic|start_date|  end_date|
+-------+----------------+--------------+--------------------+--------------------+---------------+--------------------+--------------+--------------------+--------------+----------+----------+
|      А|Балансовые счета|             3|МЕЖБАНКОВСКИЕ ОПЕ...|МЕЖБАНКОВСКИЕ РАС...|            302|Счета кредитных о...|         30202|Обязательные резе...|             А|2014-01-01|2050-12-31|
|      А|Балансовые счета|             3|МЕЖБАНКОВСКИЕ ОПЕ...|МЕЖБАНКОВСКИЕ РАС...|            302|Счета кредитных о...|         30204|Обязательные резе...|             А|2014-01-01|2050-12-31|
|      А|Балансовые счета|             3|МЕЖБАНКОВСКИЕ ОПЕ...|МЕЖБАНКОВСКИЕ РАС...|            302|Счета кредитных о...|         30232|Незавершенные рас...|             П|2014-01-01|2050-12-31|
|      А|Балансовые счета|             3|МЕЖБАНКОВСКИЕ ОПЕ...|МЕЖБАНКОВСКИЕ РАС...|            301|Корреспондентские...|         30111|Корреспондентские...|             П|2008-01-01|2050-12-31|
|      А|Балансовые счета|             3|МЕЖБАНКОВСКИЕ ОПЕ...|МЕЖБАНКОВСКИЕ РАС...|            301|Корреспондентские...|         30102|Корреспондентские...|             А|2008-01-01|2050-12-31|
|      А|Балансовые счета|             3|МЕЖБАНКОВСКИЕ ОПЕ...|МЕЖБАНКОВСКИЕ РАС...|            301|Корреспондентские...|         30114|Корреспондентские...|             А|2008-01-01|2050-12-31|
|      А|Балансовые счета|             3|МЕЖБАНКОВСКИЕ ОПЕ...|МЕЖБАНКОВСКИЕ РАС...|            301|Корреспондентские...|         30109|Корреспондентские...|             П|2008-01-01|2050-12-31|
|      А|Балансовые счета|             3|МЕЖБАНКОВСКИЕ ОПЕ...|МЕЖБАНКОВСКИЕ РАС...|            301|Корреспондентские...|         30110|Корреспондентские...|             А|2008-01-01|2050-12-31|
|      А|Балансовые счета|             3|МЕЖБАНКОВСКИЕ ОПЕ...|МЕЖБАНКОВСКИЕ РАС...|            304|Счета для осущест...|         30425|Средства в клирин...|             А|2013-01-01|2050-12-31|
|      А|Балансовые счета|             3|МЕЖБАНКОВСКИЕ ОПЕ...|МЕЖБАНКОВСКИЕ РАС...|            302|Счета кредитных о...|         30236|Незавершенные пер...|             П|2013-01-01|2050-12-31|
|      А|Балансовые счета|             3|МЕЖБАНКОВСКИЕ ОПЕ...|МЕЖБАНКОВСКИЕ РАС...|            302|Счета кредитных о...|         30223|Незавершенные пер...|             П|2008-01-01|2050-12-31|
|      А|Балансовые счета|             3|МЕЖБАНКОВСКИЕ ОПЕ...|МЕЖБАНКОВСКИЕ РАС...|            302|Счета кредитных о...|         30220|Незавершенные пер...|             П|2008-01-01|2050-12-31|
|      А|Балансовые счета|             3|МЕЖБАНКОВСКИЕ ОПЕ...|МЕЖБАНКОВСКИЕ РАС...|            304|Счета для осущест...|         30413|Средства на торго...|             А|2013-01-01|2050-12-31|
|      А|Балансовые счета|             3|МЕЖБАНКОВСКИЕ ОПЕ...|МЕЖБАНКОВСКИЕ РАС...|            301|Корреспондентские...|         30126|Резервы на возмож...|             П|2008-01-01|2050-12-31|
|      А|Балансовые счета|             3|МЕЖБАНКОВСКИЕ ОПЕ...|МЕЖБАНКОВСКИЕ РАС...|            304|Счета для осущест...|         30424|Средства в клирин...|             А|2016-01-01|2050-12-31|
|      А|Балансовые счета|             3|МЕЖБАНКОВСКИЕ ОПЕ...|МЕЖБАНКОВСКИЕ РАС...|            302|Счета кредитных о...|         30222|Незавершенные пер...|             П|2008-01-01|2050-12-31|
|      А|Балансовые счета|             3|МЕЖБАНКОВСКИЕ ОПЕ...|МЕЖБАНКОВСКИЕ РАС...|            302|Счета кредитных о...|         30233|Незавершенные рас...|             А|2014-01-01|2050-12-31|
|      А|Балансовые счета|             3|МЕЖБАНКОВСКИЕ ОПЕ...|МЕЖБАНКОВСКИЕ РАС...|            302|Счета кредитных о...|         30221|Незавершенные пер...|             А|2008-01-01|2050-12-31|
+-------+----------------+--------------+--------------------+--------------------+---------------+--------------------+--------------+--------------------+--------------+----------+----------+
[2025-07-06T14:42:53.286+0000] {logging_mixin.py:188} INFO - ВОТ ТУТ ДАТА start_date
[2025-07-06T14:42:53.317+0000] {logging_mixin.py:188} INFO - Row(start_date=datetime.date(2014, 1, 1))
[2025-07-06T14:42:53.347+0000] {logging_mixin.py:188} INFO - None
[2025-07-06T14:42:53.386+0000] {logging_mixin.py:188} INFO - ВОТ ТУТ ДАТА end_date
[2025-07-06T14:42:53.425+0000] {logging_mixin.py:188} INFO - Row(end_date=datetime.date(2050, 12, 31))
[2025-07-06T14:42:53.455+0000] {logging_mixin.py:188} INFO - None
[2025-07-06T14:42:53.594+0000] {logging_mixin.py:188} INFO - +-------+----------------+--------------+----------------------+---------------------+---------------+-----------------------------------------------+--------------+---------------------------------------------------------------------------------------------------------------------------------------------------------+--------------+----------+----------+
|chapter|chapter_name    |section_number|section_name          |subsection_name      |ledger1_account|ledger1_account_name                           |ledger_account|ledger_account_name                                                                                                                                      |characteristic|start_date|end_date  |
+-------+----------------+--------------+----------------------+---------------------+---------------+-----------------------------------------------+--------------+---------------------------------------------------------------------------------------------------------------------------------------------------------+--------------+----------+----------+
|А      |Балансовые счета|3             |МЕЖБАНКОВСКИЕ ОПЕРАЦИИ|МЕЖБАНКОВСКИЕ РАСЧЕТЫ|302            |Счета кредитных организаций по другим операциям|30202         |Обязательные резервы кредитных организаций по счетам в валюте Российской Федерации, депонированные в Банке России                                        |А             |2014-01-01|2050-12-31|
|А      |Балансовые счета|3             |МЕЖБАНКОВСКИЕ ОПЕРАЦИИ|МЕЖБАНКОВСКИЕ РАСЧЕТЫ|302            |Счета кредитных организаций по другим операциям|30204         |Обязательные резервы кредитных организаций по счетам в иностранной валюте, депонированные в Банке России                                                 |А             |2014-01-01|2050-12-31|
|А      |Балансовые счета|3             |МЕЖБАНКОВСКИЕ ОПЕРАЦИИ|МЕЖБАНКОВСКИЕ РАСЧЕТЫ|302            |Счета кредитных организаций по другим операциям|30232         |Незавершенные расчеты с операторами услуг платежной инфраструктуры и операторами по переводу денежных средств                                            |П             |2014-01-01|2050-12-31|
|А      |Балансовые счета|3             |МЕЖБАНКОВСКИЕ ОПЕРАЦИИ|МЕЖБАНКОВСКИЕ РАСЧЕТЫ|301            |Корреспондентские счета                        |30111         |Корреспондентские счета банков- нерезидентов                                                                                                             |П             |2008-01-01|2050-12-31|
|А      |Балансовые счета|3             |МЕЖБАНКОВСКИЕ ОПЕРАЦИИ|МЕЖБАНКОВСКИЕ РАСЧЕТЫ|301            |Корреспондентские счета                        |30102         |Корреспондентские счета кредитных организаций в Банке России                                                                                             |А             |2008-01-01|2050-12-31|
|А      |Балансовые счета|3             |МЕЖБАНКОВСКИЕ ОПЕРАЦИИ|МЕЖБАНКОВСКИЕ РАСЧЕТЫ|301            |Корреспондентские счета                        |30114         |Корреспондентские счета в банках- нерезидентах                                                                                                           |А             |2008-01-01|2050-12-31|
|А      |Балансовые счета|3             |МЕЖБАНКОВСКИЕ ОПЕРАЦИИ|МЕЖБАНКОВСКИЕ РАСЧЕТЫ|301            |Корреспондентские счета                        |30109         |Корреспондентские счета кредитных организаций - корреспондентов                                                                                          |П             |2008-01-01|2050-12-31|
|А      |Балансовые счета|3             |МЕЖБАНКОВСКИЕ ОПЕРАЦИИ|МЕЖБАНКОВСКИЕ РАСЧЕТЫ|301            |Корреспондентские счета                        |30110         |Корреспондентские счета в кредитных организациях - корреспондентах                                                                                       |А             |2008-01-01|2050-12-31|
|А      |Балансовые счета|3             |МЕЖБАНКОВСКИЕ ОПЕРАЦИИ|МЕЖБАНКОВСКИЕ РАСЧЕТЫ|304            |Счета для осуществления клиринга               |30425         |Средства в клиринговых организациях, предназначенные для коллективного клирингового обеспечения (гарантийный фонд)                                       |А             |2013-01-01|2050-12-31|
|А      |Балансовые счета|3             |МЕЖБАНКОВСКИЕ ОПЕРАЦИИ|МЕЖБАНКОВСКИЕ РАСЧЕТЫ|302            |Счета кредитных организаций по другим операциям|30236         |Незавершенные переводы, поступившие от платежных систем и на корреспондентские счета                                                                     |П             |2013-01-01|2050-12-31|
|А      |Балансовые счета|3             |МЕЖБАНКОВСКИЕ ОПЕРАЦИИ|МЕЖБАНКОВСКИЕ РАСЧЕТЫ|302            |Счета кредитных организаций по другим операциям|30223         |Незавершенные переводы и расчеты по банковским счетам клиентов при осуществлении расчетов через подразделения Банка России                               |П             |2008-01-01|2050-12-31|
|А      |Балансовые счета|3             |МЕЖБАНКОВСКИЕ ОПЕРАЦИИ|МЕЖБАНКОВСКИЕ РАСЧЕТЫ|302            |Счета кредитных организаций по другим операциям|30220         |Незавершенные переводы денежных средств, списанных с банковских счетов клиентов                                                                          |П             |2008-01-01|2050-12-31|
|А      |Балансовые счета|3             |МЕЖБАНКОВСКИЕ ОПЕРАЦИИ|МЕЖБАНКОВСКИЕ РАСЧЕТЫ|304            |Счета для осуществления клиринга               |30413         |Средства на торговых банковских счетах                                                                                                                   |А             |2013-01-01|2050-12-31|
|А      |Балансовые счета|3             |МЕЖБАНКОВСКИЕ ОПЕРАЦИИ|МЕЖБАНКОВСКИЕ РАСЧЕТЫ|301            |Корреспондентские счета                        |30126         |Резервы на возможные потери                                                                                                                              |П             |2008-01-01|2050-12-31|
|А      |Балансовые счета|3             |МЕЖБАНКОВСКИЕ ОПЕРАЦИИ|МЕЖБАНКОВСКИЕ РАСЧЕТЫ|304            |Счета для осуществления клиринга               |30424         |Средства в клиринговых организациях, предназначенные для исполнения обязательств, допущенных к клирингу, индивидуального и иного клирингового обеспечения|А             |2016-01-01|2050-12-31|
|А      |Балансовые счета|3             |МЕЖБАНКОВСКИЕ ОПЕРАЦИИ|МЕЖБАНКОВСКИЕ РАСЧЕТЫ|302            |Счета кредитных организаций по другим операциям|30222         |Незавершенные переводы и расчеты кредитной организации                                                                                                   |П             |2008-01-01|2050-12-31|
|А      |Балансовые счета|3             |МЕЖБАНКОВСКИЕ ОПЕРАЦИИ|МЕЖБАНКОВСКИЕ РАСЧЕТЫ|302            |Счета кредитных организаций по другим операциям|30233         |Незавершенные расчеты с операторами услуг платежной инфраструктуры и операторами по переводу денежных средств                                            |А             |2014-01-01|2050-12-31|
|А      |Балансовые счета|3             |МЕЖБАНКОВСКИЕ ОПЕРАЦИИ|МЕЖБАНКОВСКИЕ РАСЧЕТЫ|302            |Счета кредитных организаций по другим операциям|30221         |Незавершенные переводы и расчеты кредитной организации                                                                                                   |А             |2008-01-01|2050-12-31|
+-------+----------------+--------------+----------------------+---------------------+---------------+-----------------------------------------------+--------------+---------------------------------------------------------------------------------------------------------------------------------------------------------+--------------+----------+----------+
[2025-07-06T14:42:56.221+0000] {logging_mixin.py:188} INFO - +----------+------+-----------------------------------+-------+
|timestamp |status|message                            |obj_num|
+----------+------+-----------------------------------+-------+
|2025-07-06|ИНФО  |создана таблица md_ledger_account_s|18     |
+----------+------+-----------------------------------+-------+
[2025-07-06T14:42:56.223+0000] {python.py:237} INFO - Done. Returned value was: None
[2025-07-06T14:42:56.223+0000] {taskinstance.py:441} INFO - ::group::Post task execution logs
[2025-07-06T14:42:56.229+0000] {taskinstance.py:1206} INFO - Marking task as SUCCESS. dag_id=practice_etl_pipeline, task_id=transform_and_load, run_id=manual__2025-07-06T14:42:13.721122+00:00, execution_date=20250706T144213, start_date=20250706T144224, end_date=20250706T144256
[2025-07-06T14:42:56.254+0000] {local_task_job_runner.py:240} INFO - Task exited with return code 0
[2025-07-06T14:42:56.264+0000] {taskinstance.py:3503} INFO - 0 downstream tasks scheduled from follow-on schedule check
[2025-07-06T14:42:56.266+0000] {local_task_job_runner.py:222} INFO - ::endgroup::
