[2025-07-06T13:29:10.248+0000] {local_task_job_runner.py:120} INFO - ::group::Pre task execution logs
[2025-07-06T13:29:10.259+0000] {taskinstance.py:2076} INFO - Dependencies all met for dep_context=non-requeueable deps ti=<TaskInstance: practice_etl_pipeline.transform_and_load manual__2025-07-06T13:28:59.227723+00:00 [queued]>
[2025-07-06T13:29:10.264+0000] {taskinstance.py:2076} INFO - Dependencies all met for dep_context=requeueable deps ti=<TaskInstance: practice_etl_pipeline.transform_and_load manual__2025-07-06T13:28:59.227723+00:00 [queued]>
[2025-07-06T13:29:10.264+0000] {taskinstance.py:2306} INFO - Starting attempt 1 of 1
[2025-07-06T13:29:10.271+0000] {taskinstance.py:2330} INFO - Executing <Task(PythonOperator): transform_and_load> on 2025-07-06 13:28:59.227723+00:00
[2025-07-06T13:29:10.275+0000] {clientserver.py:570} INFO - Closing down clientserver connection
[2025-07-06T13:29:10.275+0000] {warnings.py:112} WARNING - /home/***/.local/lib/python3.12/site-packages/***/task/task_runner/standard_task_runner.py:61: DeprecationWarning: This process (pid=9392) is multi-threaded, use of fork() may lead to deadlocks in the child.
  pid = os.fork()

[2025-07-06T13:29:10.276+0000] {standard_task_runner.py:63} INFO - Started process 9525 to run task
[2025-07-06T13:29:10.278+0000] {standard_task_runner.py:90} INFO - Running: ['***', 'tasks', 'run', 'practice_etl_pipeline', 'transform_and_load', 'manual__2025-07-06T13:28:59.227723+00:00', '--job-id', '290', '--raw', '--subdir', 'DAGS_FOLDER/main.py', '--cfg-path', '/tmp/tmp3yu_ny9x']
[2025-07-06T13:29:10.279+0000] {standard_task_runner.py:91} INFO - Job 290: Subtask transform_and_load
[2025-07-06T13:29:10.313+0000] {task_command.py:426} INFO - Running <TaskInstance: practice_etl_pipeline.transform_and_load manual__2025-07-06T13:28:59.227723+00:00 [running]> on host 93b0937d74ff
[2025-07-06T13:29:10.364+0000] {taskinstance.py:2648} INFO - Exporting env vars: AIRFLOW_CTX_DAG_OWNER='***' AIRFLOW_CTX_DAG_ID='practice_etl_pipeline' AIRFLOW_CTX_TASK_ID='transform_and_load' AIRFLOW_CTX_EXECUTION_DATE='2025-07-06T13:28:59.227723+00:00' AIRFLOW_CTX_TRY_NUMBER='1' AIRFLOW_CTX_DAG_RUN_ID='manual__2025-07-06T13:28:59.227723+00:00'
[2025-07-06T13:29:10.365+0000] {taskinstance.py:430} INFO - ::endgroup::
[2025-07-06T13:29:10.372+0000] {clientserver.py:529} INFO - Error while sending or receiving.
Traceback (most recent call last):
  File "/opt/spark/spark-4.0.0-bin-hadoop3/python/lib/py4j-0.10.9.9-src.zip/py4j/clientserver.py", line 527, in send_command
    self.socket.sendall(command.encode("utf-8"))
ConnectionResetError: [Errno 104] Connection reset by peer
[2025-07-06T13:29:10.373+0000] {clientserver.py:570} INFO - Closing down clientserver connection
[2025-07-06T13:29:10.374+0000] {java_gateway.py:1056} INFO - Exception while sending command.
Traceback (most recent call last):
  File "/opt/spark/spark-4.0.0-bin-hadoop3/python/lib/py4j-0.10.9.9-src.zip/py4j/clientserver.py", line 527, in send_command
    self.socket.sendall(command.encode("utf-8"))
ConnectionResetError: [Errno 104] Connection reset by peer

During handling of the above exception, another exception occurred:

Traceback (most recent call last):
  File "/opt/spark/spark-4.0.0-bin-hadoop3/python/lib/py4j-0.10.9.9-src.zip/py4j/java_gateway.py", line 1038, in send_command
    response = connection.send_command(command)
               ^^^^^^^^^^^^^^^^^^^^^^^^^^^^^^^^
  File "/opt/spark/spark-4.0.0-bin-hadoop3/python/lib/py4j-0.10.9.9-src.zip/py4j/clientserver.py", line 530, in send_command
    raise Py4JNetworkError(
py4j.protocol.Py4JNetworkError: Error while sending
[2025-07-06T13:29:10.376+0000] {clientserver.py:570} INFO - Closing down clientserver connection
[2025-07-06T13:29:11.885+0000] {logging_mixin.py:188} INFO - +-------+----------------+--------------+--------------------+--------------------+---------------+--------------------+--------------+--------------------+--------------+----------+----------+
|chapter|    chapter_name|section_number|        section_name|     subsection_name|ledger1_account|ledger1_account_name|ledger_account| ledger_account_name|characteristic|start_date|  end_date|
+-------+----------------+--------------+--------------------+--------------------+---------------+--------------------+--------------+--------------------+--------------+----------+----------+
|      А|Балансовые счета|             3|МЕЖБАНКОВСКИЕ ОПЕ...|МЕЖБАНКОВСКИЕ РАС...|            302|Счета кредитных о...|         30202|Обязательные резе...|             А|2014-01-01|2050-12-31|
|      А|Балансовые счета|             3|МЕЖБАНКОВСКИЕ ОПЕ...|МЕЖБАНКОВСКИЕ РАС...|            302|Счета кредитных о...|         30204|Обязательные резе...|             А|2014-01-01|2050-12-31|
|      А|Балансовые счета|             3|МЕЖБАНКОВСКИЕ ОПЕ...|МЕЖБАНКОВСКИЕ РАС...|            302|Счета кредитных о...|         30232|Незавершенные рас...|             П|2014-01-01|2050-12-31|
|      А|Балансовые счета|             3|МЕЖБАНКОВСКИЕ ОПЕ...|МЕЖБАНКОВСКИЕ РАС...|            301|Корреспондентские...|         30111|Корреспондентские...|             П|2008-01-01|2050-12-31|
|      А|Балансовые счета|             3|МЕЖБАНКОВСКИЕ ОПЕ...|МЕЖБАНКОВСКИЕ РАС...|            301|Корреспондентские...|         30102|Корреспондентские...|             А|2008-01-01|2050-12-31|
|      А|Балансовые счета|             3|МЕЖБАНКОВСКИЕ ОПЕ...|МЕЖБАНКОВСКИЕ РАС...|            301|Корреспондентские...|         30114|Корреспондентские...|             А|2008-01-01|2050-12-31|
|      А|Балансовые счета|             3|МЕЖБАНКОВСКИЕ ОПЕ...|МЕЖБАНКОВСКИЕ РАС...|            301|Корреспондентские...|         30109|Корреспондентские...|             П|2008-01-01|2050-12-31|
|      А|Балансовые счета|             3|МЕЖБАНКОВСКИЕ ОПЕ...|МЕЖБАНКОВСКИЕ РАС...|            301|Корреспондентские...|         30110|Корреспондентские...|             А|2008-01-01|2050-12-31|
|      А|Балансовые счета|             3|МЕЖБАНКОВСКИЕ ОПЕ...|МЕЖБАНКОВСКИЕ РАС...|            304|Счета для осущест...|         30425|Средства в клирин...|             А|2013-01-01|2050-12-31|
|      А|Балансовые счета|             3|МЕЖБАНКОВСКИЕ ОПЕ...|МЕЖБАНКОВСКИЕ РАС...|            302|Счета кредитных о...|         30236|Незавершенные пер...|             П|2013-01-01|2050-12-31|
|      А|Балансовые счета|             3|МЕЖБАНКОВСКИЕ ОПЕ...|МЕЖБАНКОВСКИЕ РАС...|            302|Счета кредитных о...|         30223|Незавершенные пер...|             П|2008-01-01|2050-12-31|
|      А|Балансовые счета|             3|МЕЖБАНКОВСКИЕ ОПЕ...|МЕЖБАНКОВСКИЕ РАС...|            302|Счета кредитных о...|         30220|Незавершенные пер...|             П|2008-01-01|2050-12-31|
|      А|Балансовые счета|             3|МЕЖБАНКОВСКИЕ ОПЕ...|МЕЖБАНКОВСКИЕ РАС...|            304|Счета для осущест...|         30413|Средства на торго...|             А|2013-01-01|2050-12-31|
|      А|Балансовые счета|             3|МЕЖБАНКОВСКИЕ ОПЕ...|МЕЖБАНКОВСКИЕ РАС...|            301|Корреспондентские...|         30126|Резервы на возмож...|             П|2008-01-01|2050-12-31|
|      А|Балансовые счета|             3|МЕЖБАНКОВСКИЕ ОПЕ...|МЕЖБАНКОВСКИЕ РАС...|            304|Счета для осущест...|         30424|Средства в клирин...|             А|2016-01-01|2050-12-31|
|      А|Балансовые счета|             3|МЕЖБАНКОВСКИЕ ОПЕ...|МЕЖБАНКОВСКИЕ РАС...|            302|Счета кредитных о...|         30222|Незавершенные пер...|             П|2008-01-01|2050-12-31|
|      А|Балансовые счета|             3|МЕЖБАНКОВСКИЕ ОПЕ...|МЕЖБАНКОВСКИЕ РАС...|            302|Счета кредитных о...|         30233|Незавершенные рас...|             А|2014-01-01|2050-12-31|
|      А|Балансовые счета|             3|МЕЖБАНКОВСКИЕ ОПЕ...|МЕЖБАНКОВСКИЕ РАС...|            302|Счета кредитных о...|         30221|Незавершенные пер...|             А|2008-01-01|2050-12-31|
+-------+----------------+--------------+--------------------+--------------------+---------------+--------------------+--------------+--------------------+--------------+----------+----------+
[2025-07-06T13:29:11.886+0000] {logging_mixin.py:188} INFO - ВОТ ТУТ ДАТА start_date
[2025-07-06T13:29:11.975+0000] {logging_mixin.py:188} INFO - Row(start_date=datetime.date(2014, 1, 1))
[2025-07-06T13:29:12.036+0000] {logging_mixin.py:188} INFO - None
[2025-07-06T13:29:12.100+0000] {logging_mixin.py:188} INFO - ВОТ ТУТ ДАТА end_date
[2025-07-06T13:29:12.147+0000] {logging_mixin.py:188} INFO - Row(end_date=datetime.date(2050, 12, 31))
[2025-07-06T13:29:12.195+0000] {logging_mixin.py:188} INFO - None
[2025-07-06T13:29:12.424+0000] {logging_mixin.py:188} INFO - +-------+----------------+--------------+----------------------+---------------------+---------------+-----------------------------------------------+--------------+---------------------------------------------------------------------------------------------------------------------------------------------------------+--------------+----------+----------+
|chapter|chapter_name    |section_number|section_name          |subsection_name      |ledger1_account|ledger1_account_name                           |ledger_account|ledger_account_name                                                                                                                                      |characteristic|start_date|end_date  |
+-------+----------------+--------------+----------------------+---------------------+---------------+-----------------------------------------------+--------------+---------------------------------------------------------------------------------------------------------------------------------------------------------+--------------+----------+----------+
|А      |Балансовые счета|3             |МЕЖБАНКОВСКИЕ ОПЕРАЦИИ|МЕЖБАНКОВСКИЕ РАСЧЕТЫ|302            |Счета кредитных организаций по другим операциям|30202         |Обязательные резервы кредитных организаций по счетам в валюте Российской Федерации, депонированные в Банке России                                        |А             |2014-01-01|2050-12-31|
|А      |Балансовые счета|3             |МЕЖБАНКОВСКИЕ ОПЕРАЦИИ|МЕЖБАНКОВСКИЕ РАСЧЕТЫ|302            |Счета кредитных организаций по другим операциям|30204         |Обязательные резервы кредитных организаций по счетам в иностранной валюте, депонированные в Банке России                                                 |А             |2014-01-01|2050-12-31|
|А      |Балансовые счета|3             |МЕЖБАНКОВСКИЕ ОПЕРАЦИИ|МЕЖБАНКОВСКИЕ РАСЧЕТЫ|302            |Счета кредитных организаций по другим операциям|30232         |Незавершенные расчеты с операторами услуг платежной инфраструктуры и операторами по переводу денежных средств                                            |П             |2014-01-01|2050-12-31|
|А      |Балансовые счета|3             |МЕЖБАНКОВСКИЕ ОПЕРАЦИИ|МЕЖБАНКОВСКИЕ РАСЧЕТЫ|301            |Корреспондентские счета                        |30111         |Корреспондентские счета банков- нерезидентов                                                                                                             |П             |2008-01-01|2050-12-31|
|А      |Балансовые счета|3             |МЕЖБАНКОВСКИЕ ОПЕРАЦИИ|МЕЖБАНКОВСКИЕ РАСЧЕТЫ|301            |Корреспондентские счета                        |30102         |Корреспондентские счета кредитных организаций в Банке России                                                                                             |А             |2008-01-01|2050-12-31|
|А      |Балансовые счета|3             |МЕЖБАНКОВСКИЕ ОПЕРАЦИИ|МЕЖБАНКОВСКИЕ РАСЧЕТЫ|301            |Корреспондентские счета                        |30114         |Корреспондентские счета в банках- нерезидентах                                                                                                           |А             |2008-01-01|2050-12-31|
|А      |Балансовые счета|3             |МЕЖБАНКОВСКИЕ ОПЕРАЦИИ|МЕЖБАНКОВСКИЕ РАСЧЕТЫ|301            |Корреспондентские счета                        |30109         |Корреспондентские счета кредитных организаций - корреспондентов                                                                                          |П             |2008-01-01|2050-12-31|
|А      |Балансовые счета|3             |МЕЖБАНКОВСКИЕ ОПЕРАЦИИ|МЕЖБАНКОВСКИЕ РАСЧЕТЫ|301            |Корреспондентские счета                        |30110         |Корреспондентские счета в кредитных организациях - корреспондентах                                                                                       |А             |2008-01-01|2050-12-31|
|А      |Балансовые счета|3             |МЕЖБАНКОВСКИЕ ОПЕРАЦИИ|МЕЖБАНКОВСКИЕ РАСЧЕТЫ|304            |Счета для осуществления клиринга               |30425         |Средства в клиринговых организациях, предназначенные для коллективного клирингового обеспечения (гарантийный фонд)                                       |А             |2013-01-01|2050-12-31|
|А      |Балансовые счета|3             |МЕЖБАНКОВСКИЕ ОПЕРАЦИИ|МЕЖБАНКОВСКИЕ РАСЧЕТЫ|302            |Счета кредитных организаций по другим операциям|30236         |Незавершенные переводы, поступившие от платежных систем и на корреспондентские счета                                                                     |П             |2013-01-01|2050-12-31|
|А      |Балансовые счета|3             |МЕЖБАНКОВСКИЕ ОПЕРАЦИИ|МЕЖБАНКОВСКИЕ РАСЧЕТЫ|302            |Счета кредитных организаций по другим операциям|30223         |Незавершенные переводы и расчеты по банковским счетам клиентов при осуществлении расчетов через подразделения Банка России                               |П             |2008-01-01|2050-12-31|
|А      |Балансовые счета|3             |МЕЖБАНКОВСКИЕ ОПЕРАЦИИ|МЕЖБАНКОВСКИЕ РАСЧЕТЫ|302            |Счета кредитных организаций по другим операциям|30220         |Незавершенные переводы денежных средств, списанных с банковских счетов клиентов                                                                          |П             |2008-01-01|2050-12-31|
|А      |Балансовые счета|3             |МЕЖБАНКОВСКИЕ ОПЕРАЦИИ|МЕЖБАНКОВСКИЕ РАСЧЕТЫ|304            |Счета для осуществления клиринга               |30413         |Средства на торговых банковских счетах                                                                                                                   |А             |2013-01-01|2050-12-31|
|А      |Балансовые счета|3             |МЕЖБАНКОВСКИЕ ОПЕРАЦИИ|МЕЖБАНКОВСКИЕ РАСЧЕТЫ|301            |Корреспондентские счета                        |30126         |Резервы на возможные потери                                                                                                                              |П             |2008-01-01|2050-12-31|
|А      |Балансовые счета|3             |МЕЖБАНКОВСКИЕ ОПЕРАЦИИ|МЕЖБАНКОВСКИЕ РАСЧЕТЫ|304            |Счета для осуществления клиринга               |30424         |Средства в клиринговых организациях, предназначенные для исполнения обязательств, допущенных к клирингу, индивидуального и иного клирингового обеспечения|А             |2016-01-01|2050-12-31|
|А      |Балансовые счета|3             |МЕЖБАНКОВСКИЕ ОПЕРАЦИИ|МЕЖБАНКОВСКИЕ РАСЧЕТЫ|302            |Счета кредитных организаций по другим операциям|30222         |Незавершенные переводы и расчеты кредитной организации                                                                                                   |П             |2008-01-01|2050-12-31|
|А      |Балансовые счета|3             |МЕЖБАНКОВСКИЕ ОПЕРАЦИИ|МЕЖБАНКОВСКИЕ РАСЧЕТЫ|302            |Счета кредитных организаций по другим операциям|30233         |Незавершенные расчеты с операторами услуг платежной инфраструктуры и операторами по переводу денежных средств                                            |А             |2014-01-01|2050-12-31|
|А      |Балансовые счета|3             |МЕЖБАНКОВСКИЕ ОПЕРАЦИИ|МЕЖБАНКОВСКИЕ РАСЧЕТЫ|302            |Счета кредитных организаций по другим операциям|30221         |Незавершенные переводы и расчеты кредитной организации                                                                                                   |А             |2008-01-01|2050-12-31|
+-------+----------------+--------------+----------------------+---------------------+---------------+-----------------------------------------------+--------------+---------------------------------------------------------------------------------------------------------------------------------------------------------+--------------+----------+----------+
[2025-07-06T13:29:16.045+0000] {logging_mixin.py:188} INFO - +----------+------+-----------------------------------+-------+
|timestamp |status|message                            |obj_num|
+----------+------+-----------------------------------+-------+
|2025-07-06|ИНФО  |создана таблица md_ledger_account_s|18     |
+----------+------+-----------------------------------+-------+
[2025-07-06T13:29:16.050+0000] {python.py:237} INFO - Done. Returned value was: None
[2025-07-06T13:29:16.050+0000] {taskinstance.py:441} INFO - ::group::Post task execution logs
[2025-07-06T13:29:16.056+0000] {taskinstance.py:1206} INFO - Marking task as SUCCESS. dag_id=practice_etl_pipeline, task_id=transform_and_load, run_id=manual__2025-07-06T13:28:59.227723+00:00, execution_date=20250706T132859, start_date=20250706T132910, end_date=20250706T132916
[2025-07-06T13:29:16.094+0000] {local_task_job_runner.py:240} INFO - Task exited with return code 0
[2025-07-06T13:29:16.105+0000] {taskinstance.py:3503} INFO - 0 downstream tasks scheduled from follow-on schedule check
[2025-07-06T13:29:16.108+0000] {local_task_job_runner.py:222} INFO - ::endgroup::
