[2025-07-05T11:37:36.141+0000] {local_task_job_runner.py:120} INFO - ::group::Pre task execution logs
[2025-07-05T11:37:36.154+0000] {taskinstance.py:2076} INFO - Dependencies all met for dep_context=non-requeueable deps ti=<TaskInstance: practice_etl_pipeline.transform_and_load manual__2025-07-05T11:37:27.127277+00:00 [queued]>
[2025-07-05T11:37:36.158+0000] {taskinstance.py:2076} INFO - Dependencies all met for dep_context=requeueable deps ti=<TaskInstance: practice_etl_pipeline.transform_and_load manual__2025-07-05T11:37:27.127277+00:00 [queued]>
[2025-07-05T11:37:36.159+0000] {taskinstance.py:2306} INFO - Starting attempt 1 of 1
[2025-07-05T11:37:36.168+0000] {taskinstance.py:2330} INFO - Executing <Task(PythonOperator): transform_and_load> on 2025-07-05 11:37:27.127277+00:00
[2025-07-05T11:37:36.171+0000] {clientserver.py:570} INFO - Closing down clientserver connection
[2025-07-05T11:37:36.172+0000] {warnings.py:112} WARNING - /home/***/.local/lib/python3.12/site-packages/***/task/task_runner/standard_task_runner.py:61: DeprecationWarning: This process (pid=790) is multi-threaded, use of fork() may lead to deadlocks in the child.
  pid = os.fork()

[2025-07-05T11:37:36.173+0000] {standard_task_runner.py:63} INFO - Started process 964 to run task
[2025-07-05T11:37:36.174+0000] {standard_task_runner.py:90} INFO - Running: ['***', 'tasks', 'run', 'practice_etl_pipeline', 'transform_and_load', 'manual__2025-07-05T11:37:27.127277+00:00', '--job-id', '11', '--raw', '--subdir', 'DAGS_FOLDER/main.py', '--cfg-path', '/tmp/tmpgznyg5vy']
[2025-07-05T11:37:36.176+0000] {standard_task_runner.py:91} INFO - Job 11: Subtask transform_and_load
[2025-07-05T11:37:36.210+0000] {task_command.py:426} INFO - Running <TaskInstance: practice_etl_pipeline.transform_and_load manual__2025-07-05T11:37:27.127277+00:00 [running]> on host 6802b12b52ea
[2025-07-05T11:37:36.260+0000] {taskinstance.py:2648} INFO - Exporting env vars: AIRFLOW_CTX_DAG_OWNER='***' AIRFLOW_CTX_DAG_ID='practice_etl_pipeline' AIRFLOW_CTX_TASK_ID='transform_and_load' AIRFLOW_CTX_EXECUTION_DATE='2025-07-05T11:37:27.127277+00:00' AIRFLOW_CTX_TRY_NUMBER='1' AIRFLOW_CTX_DAG_RUN_ID='manual__2025-07-05T11:37:27.127277+00:00'
[2025-07-05T11:37:36.261+0000] {taskinstance.py:430} INFO - ::endgroup::
[2025-07-05T11:37:36.274+0000] {python.py:237} INFO - Done. Returned value was: None
[2025-07-05T11:37:36.274+0000] {taskinstance.py:441} INFO - ::group::Post task execution logs
[2025-07-05T11:37:36.279+0000] {taskinstance.py:1206} INFO - Marking task as SUCCESS. dag_id=practice_etl_pipeline, task_id=transform_and_load, run_id=manual__2025-07-05T11:37:27.127277+00:00, execution_date=20250705T113727, start_date=20250705T113736, end_date=20250705T113736
[2025-07-05T11:37:36.306+0000] {local_task_job_runner.py:240} INFO - Task exited with return code 0
[2025-07-05T11:37:36.316+0000] {taskinstance.py:3503} INFO - 1 downstream tasks scheduled from follow-on schedule check
[2025-07-05T11:37:36.319+0000] {local_task_job_runner.py:222} INFO - ::endgroup::
