[2025-07-05T22:02:29.145+0000] {local_task_job_runner.py:120} INFO - ::group::Pre task execution logs
[2025-07-05T22:02:29.158+0000] {taskinstance.py:2076} INFO - Dependencies all met for dep_context=non-requeueable deps ti=<TaskInstance: practice_etl_pipeline.transform_and_load manual__2025-07-05T22:02:17.430783+00:00 [queued]>
[2025-07-05T22:02:29.162+0000] {taskinstance.py:2076} INFO - Dependencies all met for dep_context=requeueable deps ti=<TaskInstance: practice_etl_pipeline.transform_and_load manual__2025-07-05T22:02:17.430783+00:00 [queued]>
[2025-07-05T22:02:29.163+0000] {taskinstance.py:2306} INFO - Starting attempt 1 of 1
[2025-07-05T22:02:29.170+0000] {taskinstance.py:2330} INFO - Executing <Task(PythonOperator): transform_and_load> on 2025-07-05 22:02:17.430783+00:00
[2025-07-05T22:02:29.174+0000] {clientserver.py:570} INFO - Closing down clientserver connection
[2025-07-05T22:02:29.174+0000] {warnings.py:112} WARNING - /home/***/.local/lib/python3.12/site-packages/***/task/task_runner/standard_task_runner.py:61: DeprecationWarning: This process (pid=2864) is multi-threaded, use of fork() may lead to deadlocks in the child.
  pid = os.fork()

[2025-07-05T22:02:29.175+0000] {standard_task_runner.py:63} INFO - Started process 3006 to run task
[2025-07-05T22:02:29.176+0000] {standard_task_runner.py:90} INFO - Running: ['***', 'tasks', 'run', 'practice_etl_pipeline', 'transform_and_load', 'manual__2025-07-05T22:02:17.430783+00:00', '--job-id', '259', '--raw', '--subdir', 'DAGS_FOLDER/main.py', '--cfg-path', '/tmp/tmpp44uocxf']
[2025-07-05T22:02:29.178+0000] {standard_task_runner.py:91} INFO - Job 259: Subtask transform_and_load
[2025-07-05T22:02:29.215+0000] {task_command.py:426} INFO - Running <TaskInstance: practice_etl_pipeline.transform_and_load manual__2025-07-05T22:02:17.430783+00:00 [running]> on host 93b0937d74ff
[2025-07-05T22:02:29.266+0000] {taskinstance.py:2648} INFO - Exporting env vars: AIRFLOW_CTX_DAG_OWNER='***' AIRFLOW_CTX_DAG_ID='practice_etl_pipeline' AIRFLOW_CTX_TASK_ID='transform_and_load' AIRFLOW_CTX_EXECUTION_DATE='2025-07-05T22:02:17.430783+00:00' AIRFLOW_CTX_TRY_NUMBER='1' AIRFLOW_CTX_DAG_RUN_ID='manual__2025-07-05T22:02:17.430783+00:00'
[2025-07-05T22:02:29.267+0000] {taskinstance.py:430} INFO - ::endgroup::
[2025-07-05T22:02:29.600+0000] {logging_mixin.py:188} WARNING - {"ts": "2025-07-05 22:02:29.557", "level": "ERROR", "logger": "SQLQueryContextLogger", "msg": "[UNRESOLVED_ROUTINE] Cannot resolve routine `try_to_date` on search path [`system`.`builtin`, `system`.`session`, `spark_catalog`.`default`]. SQLSTATE: 42883", "context": {"errorClass": "UNRESOLVED_ROUTINE"}, "exception": {"class": "Py4JJavaError", "msg": "An error occurred while calling o80.withColumn.\n: org.apache.spark.sql.AnalysisException: [UNRESOLVED_ROUTINE] Cannot resolve routine `try_to_date` on search path [`system`.`builtin`, `system`.`session`, `spark_catalog`.`default`]. SQLSTATE: 42883; line 1 pos 9\n\tat org.apache.spark.sql.errors.QueryCompilationErrors$.unresolvedRoutineError(QueryCompilationErrors.scala:907)\n\tat org.apache.spark.sql.catalyst.analysis.Analyzer$LookupFunctions$$anonfun$apply$18.applyOrElse(Analyzer.scala:2030)\n\tat org.apache.spark.sql.catalyst.analysis.Analyzer$LookupFunctions$$anonfun$apply$18.applyOrElse(Analyzer.scala:2011)\n\tat org.apache.spark.sql.catalyst.trees.TreeNode.$anonfun$transformDownWithPruning$1(TreeNode.scala:470)\n\tat org.apache.spark.sql.catalyst.trees.CurrentOrigin$.withOrigin(origin.scala:86)\n\tat org.apache.spark.sql.catalyst.trees.TreeNode.transformDownWithPruning(TreeNode.scala:470)\n\tat org.apache.spark.sql.catalyst.trees.TreeNode.$anonfun$transformDownWithPruning$3(TreeNode.scala:475)\n\tat scala.collection.immutable.List.map(List.scala:247)\n\tat scala.collection.immutable.List.map(List.scala:79)\n\tat org.apache.spark.sql.catalyst.trees.TreeNode.mapChildren(TreeNode.scala:708)\n\tat org.apache.spark.sql.catalyst.trees.TreeNode.transformDownWithPruning(TreeNode.scala:475)\n\tat org.apache.spark.sql.catalyst.trees.TreeNode.$anonfun$transformDownWithPruning$3(TreeNode.scala:475)\n\tat scala.collection.immutable.List.map(List.scala:247)\n\tat scala.collection.immutable.List.map(List.scala:79)\n\tat org.apache.spark.sql.catalyst.trees.TreeNode.mapChildren(TreeNode.scala:708)\n\tat org.apache.spark.sql.catalyst.trees.TreeNode.transformDownWithPruning(TreeNode.scala:475)\n\tat org.apache.spark.sql.catalyst.plans.QueryPlan.$anonfun$transformExpressionsDownWithPruning$1(QueryPlan.scala:185)\n\tat org.apache.spark.sql.catalyst.plans.QueryPlan.$anonfun$mapExpressions$1(QueryPlan.scala:226)\n\tat org.apache.spark.sql.catalyst.trees.CurrentOrigin$.withOrigin(origin.scala:86)\n\tat org.apache.spark.sql.catalyst.plans.QueryPlan.transformExpression$1(QueryPlan.scala:226)\n\tat org.apache.spark.sql.catalyst.plans.QueryPlan.recursiveTransform$1(QueryPlan.scala:238)\n\tat org.apache.spark.sql.catalyst.plans.QueryPlan.$anonfun$mapExpressions$4(QueryPlan.scala:244)\n\tat scala.collection.immutable.List.map(List.scala:247)\n\tat scala.collection.immutable.List.map(List.scala:79)\n\tat org.apache.spark.sql.catalyst.plans.QueryPlan.recursiveTransform$1(QueryPlan.scala:244)\n\tat org.apache.spark.sql.catalyst.plans.QueryPlan.$anonfun$mapExpressions$5(QueryPlan.scala:249)\n\tat org.apache.spark.sql.catalyst.trees.TreeNode.mapProductIterator(TreeNode.scala:312)\n\tat org.apache.spark.sql.catalyst.plans.QueryPlan.mapExpressions(QueryPlan.scala:249)\n\tat org.apache.spark.sql.catalyst.plans.QueryPlan.transformExpressionsDownWithPruning(QueryPlan.scala:185)\n\tat org.apache.spark.sql.catalyst.plans.QueryPlan.transformExpressionsWithPruning(QueryPlan.scala:156)\n\tat org.apache.spark.sql.catalyst.plans.logical.AnalysisHelper$$anonfun$resolveExpressionsDownWithPruning$1.applyOrElse(AnalysisHelper.scala:307)\n\tat org.apache.spark.sql.catalyst.plans.logical.AnalysisHelper$$anonfun$resolveExpressionsDownWithPruning$1.applyOrElse(AnalysisHelper.scala:306)\n\tat org.apache.spark.sql.catalyst.plans.logical.AnalysisHelper.$anonfun$resolveOperatorsDownWithPruning$2(AnalysisHelper.scala:200)\n\tat org.apache.spark.sql.catalyst.trees.CurrentOrigin$.withOrigin(origin.scala:86)\n\tat org.apache.spark.sql.catalyst.plans.logical.AnalysisHelper.$anonfun$resolveOperatorsDownWithPruning$1(AnalysisHelper.scala:200)\n\tat org.apache.spark.sql.catalyst.plans.logical.AnalysisHelper$.allowInvokingTransformsInAnalyzer(AnalysisHelper.scala:416)\n\tat org.apache.spark.sql.catalyst.plans.logical.AnalysisHelper.resolveOperatorsDownWithPruning(AnalysisHelper.scala:198)\n\tat org.apache.spark.sql.catalyst.plans.logical.AnalysisHelper.resolveOperatorsDownWithPruning$(AnalysisHelper.scala:194)\n\tat org.apache.spark.sql.catalyst.plans.logical.LogicalPlan.resolveOperatorsDownWithPruning(LogicalPlan.scala:37)\n\tat org.apache.spark.sql.catalyst.plans.logical.AnalysisHelper.resolveOperatorsWithPruning(AnalysisHelper.scala:100)\n\tat org.apache.spark.sql.catalyst.plans.logical.AnalysisHelper.resolveOperatorsWithPruning$(AnalysisHelper.scala:97)\n\tat org.apache.spark.sql.catalyst.plans.logical.LogicalPlan.resolveOperatorsWithPruning(LogicalPlan.scala:37)\n\tat org.apache.spark.sql.catalyst.plans.logical.AnalysisHelper.resolveExpressionsDownWithPruning(AnalysisHelper.scala:306)\n\tat org.apache.spark.sql.catalyst.plans.logical.AnalysisHelper.resolveExpressionsDownWithPruning$(AnalysisHelper.scala:303)\n\tat org.apache.spark.sql.catalyst.plans.logical.LogicalPlan.resolveExpressionsDownWithPruning(LogicalPlan.scala:37)\n\tat org.apache.spark.sql.catalyst.plans.logical.AnalysisHelper.resolveExpressionsWithPruning(AnalysisHelper.scala:278)\n\tat org.apache.spark.sql.catalyst.plans.logical.AnalysisHelper.resolveExpressionsWithPruning$(AnalysisHelper.scala:276)\n\tat org.apache.spark.sql.catalyst.plans.logical.LogicalPlan.resolveExpressionsWithPruning(LogicalPlan.scala:37)\n\tat org.apache.spark.sql.catalyst.analysis.Analyzer$LookupFunctions$.apply(Analyzer.scala:2011)\n\tat org.apache.spark.sql.catalyst.analysis.Analyzer$LookupFunctions$.apply(Analyzer.scala:2007)\n\tat org.apache.spark.sql.catalyst.rules.RuleExecutor.$anonfun$execute$2(RuleExecutor.scala:242)\n\tat scala.collection.immutable.ArraySeq.foldLeft(ArraySeq.scala:222)\n\tat org.apache.spark.sql.catalyst.rules.RuleExecutor.$anonfun$execute$1(RuleExecutor.scala:239)\n\tat org.apache.spark.sql.catalyst.rules.RuleExecutor.$anonfun$execute$1$adapted(RuleExecutor.scala:231)\n\tat scala.collection.immutable.List.foreach(List.scala:334)\n\tat org.apache.spark.sql.catalyst.rules.RuleExecutor.execute(RuleExecutor.scala:231)\n\tat org.apache.spark.sql.catalyst.analysis.Analyzer.org$apache$spark$sql$catalyst$analysis$Analyzer$$executeSameContext(Analyzer.scala:290)\n\tat org.apache.spark.sql.catalyst.analysis.Analyzer.$anonfun$execute$1(Analyzer.scala:286)\n\tat org.apache.spark.sql.catalyst.analysis.AnalysisContext$.withNewAnalysisContext(Analyzer.scala:234)\n\tat org.apache.spark.sql.catalyst.analysis.Analyzer.execute(Analyzer.scala:286)\n\tat org.apache.spark.sql.catalyst.analysis.Analyzer.execute(Analyzer.scala:249)\n\tat org.apache.spark.sql.catalyst.rules.RuleExecutor.$anonfun$executeAndTrack$1(RuleExecutor.scala:201)\n\tat org.apache.spark.sql.catalyst.QueryPlanningTracker$.withTracker(QueryPlanningTracker.scala:89)\n\tat org.apache.spark.sql.catalyst.rules.RuleExecutor.executeAndTrack(RuleExecutor.scala:201)\n\tat org.apache.spark.sql.catalyst.analysis.resolver.HybridAnalyzer.resolveInFixedPoint(HybridAnalyzer.scala:190)\n\tat org.apache.spark.sql.catalyst.analysis.resolver.HybridAnalyzer.$anonfun$apply$1(HybridAnalyzer.scala:76)\n\tat org.apache.spark.sql.catalyst.analysis.resolver.HybridAnalyzer.withTrackedAnalyzerBridgeState(HybridAnalyzer.scala:111)\n\tat org.apache.spark.sql.catalyst.analysis.resolver.HybridAnalyzer.apply(HybridAnalyzer.scala:71)\n\tat org.apache.spark.sql.catalyst.analysis.Analyzer.$anonfun$executeAndCheck$1(Analyzer.scala:280)\n\tat org.apache.spark.sql.catalyst.plans.logical.AnalysisHelper$.markInAnalyzer(AnalysisHelper.scala:423)\n\tat org.apache.spark.sql.catalyst.analysis.Analyzer.executeAndCheck(Analyzer.scala:280)\n\tat org.apache.spark.sql.execution.QueryExecution.$anonfun$lazyAnalyzed$2(QueryExecution.scala:110)\n\tat org.apache.spark.sql.catalyst.QueryPlanningTracker.measurePhase(QueryPlanningTracker.scala:148)\n\tat org.apache.spark.sql.execution.QueryExecution.$anonfun$executePhase$2(QueryExecution.scala:278)\n\tat org.apache.spark.sql.execution.QueryExecution$.withInternalError(QueryExecution.scala:654)\n\tat org.apache.spark.sql.execution.QueryExecution.$anonfun$executePhase$1(QueryExecution.scala:278)\n\tat org.apache.spark.sql.SparkSession.withActive(SparkSession.scala:804)\n\tat org.apache.spark.sql.execution.QueryExecution.executePhase(QueryExecution.scala:277)\n\tat org.apache.spark.sql.execution.QueryExecution.$anonfun$lazyAnalyzed$1(QueryExecution.scala:110)\n\tat scala.util.Try$.apply(Try.scala:217)\n\tat org.apache.spark.util.Utils$.doTryWithCallerStacktrace(Utils.scala:1378)\n\tat org.apache.spark.util.Utils$.getTryWithCallerStacktrace(Utils.scala:1439)\n\tat org.apache.spark.util.LazyTry.get(LazyTry.scala:58)\n\tat org.apache.spark.sql.execution.QueryExecution.analyzed(QueryExecution.scala:121)\n\tat org.apache.spark.sql.execution.QueryExecution.assertAnalyzed(QueryExecution.scala:80)\n\tat org.apache.spark.sql.classic.Dataset$.$anonfun$ofRows$1(Dataset.scala:115)\n\tat org.apache.spark.sql.SparkSession.withActive(SparkSession.scala:804)\n\tat org.apache.spark.sql.classic.Dataset$.ofRows(Dataset.scala:113)\n\tat org.apache.spark.sql.classic.Dataset.withPlan(Dataset.scala:2263)\n\tat org.apache.spark.sql.classic.Dataset.withColumns(Dataset.scala:1283)\n\tat org.apache.spark.sql.classic.Dataset.withColumns(Dataset.scala:232)\n\tat org.apache.spark.sql.Dataset.withColumn(Dataset.scala:2187)\n\tat org.apache.spark.sql.classic.Dataset.withColumn(Dataset.scala:1819)\n\tat java.base/jdk.internal.reflect.NativeMethodAccessorImpl.invoke0(Native Method)\n\tat java.base/jdk.internal.reflect.NativeMethodAccessorImpl.invoke(NativeMethodAccessorImpl.java:77)\n\tat java.base/jdk.internal.reflect.DelegatingMethodAccessorImpl.invoke(DelegatingMethodAccessorImpl.java:43)\n\tat java.base/java.lang.reflect.Method.invoke(Method.java:569)\n\tat py4j.reflection.MethodInvoker.invoke(MethodInvoker.java:244)\n\tat py4j.reflection.ReflectionEngine.invoke(ReflectionEngine.java:374)\n\tat py4j.Gateway.invoke(Gateway.java:282)\n\tat py4j.commands.AbstractCommand.invokeMethod(AbstractCommand.java:132)\n\tat py4j.commands.CallCommand.execute(CallCommand.java:79)\n\tat py4j.ClientServerConnection.waitForCommands(ClientServerConnection.java:184)\n\tat py4j.ClientServerConnection.run(ClientServerConnection.java:108)\n\tat java.base/java.lang.Thread.run(Thread.java:840)\n\tSuppressed: org.apache.spark.util.Utils$OriginalTryStackTraceException: Full stacktrace of original doTryWithCallerStacktrace caller\n\t\tat org.apache.spark.sql.errors.QueryCompilationErrors$.unresolvedRoutineError(QueryCompilationErrors.scala:907)\n\t\tat org.apache.spark.sql.catalyst.analysis.Analyzer$LookupFunctions$$anonfun$apply$18.applyOrElse(Analyzer.scala:2030)\n\t\tat org.apache.spark.sql.catalyst.analysis.Analyzer$LookupFunctions$$anonfun$apply$18.applyOrElse(Analyzer.scala:2011)\n\t\tat org.apache.spark.sql.catalyst.trees.TreeNode.$anonfun$transformDownWithPruning$1(TreeNode.scala:470)\n\t\tat org.apache.spark.sql.catalyst.trees.CurrentOrigin$.withOrigin(origin.scala:86)\n\t\tat org.apache.spark.sql.catalyst.trees.TreeNode.transformDownWithPruning(TreeNode.scala:470)\n\t\tat org.apache.spark.sql.catalyst.trees.TreeNode.$anonfun$transformDownWithPruning$3(TreeNode.scala:475)\n\t\tat scala.collection.immutable.List.map(List.scala:247)\n\t\tat scala.collection.immutable.List.map(List.scala:79)\n\t\tat org.apache.spark.sql.catalyst.trees.TreeNode.mapChildren(TreeNode.scala:708)\n\t\tat org.apache.spark.sql.catalyst.trees.TreeNode.transformDownWithPruning(TreeNode.scala:475)\n\t\tat org.apache.spark.sql.catalyst.trees.TreeNode.$anonfun$transformDownWithPruning$3(TreeNode.scala:475)\n\t\tat scala.collection.immutable.List.map(List.scala:247)\n\t\tat scala.collection.immutable.List.map(List.scala:79)\n\t\tat org.apache.spark.sql.catalyst.trees.TreeNode.mapChildren(TreeNode.scala:708)\n\t\tat org.apache.spark.sql.catalyst.trees.TreeNode.transformDownWithPruning(TreeNode.scala:475)\n\t\tat org.apache.spark.sql.catalyst.plans.QueryPlan.$anonfun$transformExpressionsDownWithPruning$1(QueryPlan.scala:185)\n\t\tat org.apache.spark.sql.catalyst.plans.QueryPlan.$anonfun$mapExpressions$1(QueryPlan.scala:226)\n\t\tat org.apache.spark.sql.catalyst.trees.CurrentOrigin$.withOrigin(origin.scala:86)\n\t\tat org.apache.spark.sql.catalyst.plans.QueryPlan.transformExpression$1(QueryPlan.scala:226)\n\t\tat org.apache.spark.sql.catalyst.plans.QueryPlan.recursiveTransform$1(QueryPlan.scala:238)\n\t\tat org.apache.spark.sql.catalyst.plans.QueryPlan.$anonfun$mapExpressions$4(QueryPlan.scala:244)\n\t\tat scala.collection.immutable.List.map(List.scala:247)\n\t\tat scala.collection.immutable.List.map(List.scala:79)\n\t\tat org.apache.spark.sql.catalyst.plans.QueryPlan.recursiveTransform$1(QueryPlan.scala:244)\n\t\tat org.apache.spark.sql.catalyst.plans.QueryPlan.$anonfun$mapExpressions$5(QueryPlan.scala:249)\n\t\tat org.apache.spark.sql.catalyst.trees.TreeNode.mapProductIterator(TreeNode.scala:312)\n\t\tat org.apache.spark.sql.catalyst.plans.QueryPlan.mapExpressions(QueryPlan.scala:249)\n\t\tat org.apache.spark.sql.catalyst.plans.QueryPlan.transformExpressionsDownWithPruning(QueryPlan.scala:185)\n\t\tat org.apache.spark.sql.catalyst.plans.QueryPlan.transformExpressionsWithPruning(QueryPlan.scala:156)\n\t\tat org.apache.spark.sql.catalyst.plans.logical.AnalysisHelper$$anonfun$resolveExpressionsDownWithPruning$1.applyOrElse(AnalysisHelper.scala:307)\n\t\tat org.apache.spark.sql.catalyst.plans.logical.AnalysisHelper$$anonfun$resolveExpressionsDownWithPruning$1.applyOrElse(AnalysisHelper.scala:306)\n\t\tat org.apache.spark.sql.catalyst.plans.logical.AnalysisHelper.$anonfun$resolveOperatorsDownWithPruning$2(AnalysisHelper.scala:200)\n\t\tat org.apache.spark.sql.catalyst.trees.CurrentOrigin$.withOrigin(origin.scala:86)\n\t\tat org.apache.spark.sql.catalyst.plans.logical.AnalysisHelper.$anonfun$resolveOperatorsDownWithPruning$1(AnalysisHelper.scala:200)\n\t\tat org.apache.spark.sql.catalyst.plans.logical.AnalysisHelper$.allowInvokingTransformsInAnalyzer(AnalysisHelper.scala:416)\n\t\tat org.apache.spark.sql.catalyst.plans.logical.AnalysisHelper.resolveOperatorsDownWithPruning(AnalysisHelper.scala:198)\n\t\tat org.apache.spark.sql.catalyst.plans.logical.AnalysisHelper.resolveOperatorsDownWithPruning$(AnalysisHelper.scala:194)\n\t\tat org.apache.spark.sql.catalyst.plans.logical.LogicalPlan.resolveOperatorsDownWithPruning(LogicalPlan.scala:37)\n\t\tat org.apache.spark.sql.catalyst.plans.logical.AnalysisHelper.resolveOperatorsWithPruning(AnalysisHelper.scala:100)\n\t\tat org.apache.spark.sql.catalyst.plans.logical.AnalysisHelper.resolveOperatorsWithPruning$(AnalysisHelper.scala:97)\n\t\tat org.apache.spark.sql.catalyst.plans.logical.LogicalPlan.resolveOperatorsWithPruning(LogicalPlan.scala:37)\n\t\tat org.apache.spark.sql.catalyst.plans.logical.AnalysisHelper.resolveExpressionsDownWithPruning(AnalysisHelper.scala:306)\n\t\tat org.apache.spark.sql.catalyst.plans.logical.AnalysisHelper.resolveExpressionsDownWithPruning$(AnalysisHelper.scala:303)\n\t\tat org.apache.spark.sql.catalyst.plans.logical.LogicalPlan.resolveExpressionsDownWithPruning(LogicalPlan.scala:37)\n\t\tat org.apache.spark.sql.catalyst.plans.logical.AnalysisHelper.resolveExpressionsWithPruning(AnalysisHelper.scala:278)\n\t\tat org.apache.spark.sql.catalyst.plans.logical.AnalysisHelper.resolveExpressionsWithPruning$(AnalysisHelper.scala:276)\n\t\tat org.apache.spark.sql.catalyst.plans.logical.LogicalPlan.resolveExpressionsWithPruning(LogicalPlan.scala:37)\n\t\tat org.apache.spark.sql.catalyst.analysis.Analyzer$LookupFunctions$.apply(Analyzer.scala:2011)\n\t\tat org.apache.spark.sql.catalyst.analysis.Analyzer$LookupFunctions$.apply(Analyzer.scala:2007)\n\t\tat org.apache.spark.sql.catalyst.rules.RuleExecutor.$anonfun$execute$2(RuleExecutor.scala:242)\n\t\tat scala.collection.immutable.ArraySeq.foldLeft(ArraySeq.scala:222)\n\t\tat org.apache.spark.sql.catalyst.rules.RuleExecutor.$anonfun$execute$1(RuleExecutor.scala:239)\n\t\tat org.apache.spark.sql.catalyst.rules.RuleExecutor.$anonfun$execute$1$adapted(RuleExecutor.scala:231)\n\t\tat scala.collection.immutable.List.foreach(List.scala:334)\n\t\tat org.apache.spark.sql.catalyst.rules.RuleExecutor.execute(RuleExecutor.scala:231)\n\t\tat org.apache.spark.sql.catalyst.analysis.Analyzer.org$apache$spark$sql$catalyst$analysis$Analyzer$$executeSameContext(Analyzer.scala:290)\n\t\tat org.apache.spark.sql.catalyst.analysis.Analyzer.$anonfun$execute$1(Analyzer.scala:286)\n\t\tat org.apache.spark.sql.catalyst.analysis.AnalysisContext$.withNewAnalysisContext(Analyzer.scala:234)\n\t\tat org.apache.spark.sql.catalyst.analysis.Analyzer.execute(Analyzer.scala:286)\n\t\tat org.apache.spark.sql.catalyst.analysis.Analyzer.execute(Analyzer.scala:249)\n\t\tat org.apache.spark.sql.catalyst.rules.RuleExecutor.$anonfun$executeAndTrack$1(RuleExecutor.scala:201)\n\t\tat org.apache.spark.sql.catalyst.QueryPlanningTracker$.withTracker(QueryPlanningTracker.scala:89)\n\t\tat org.apache.spark.sql.catalyst.rules.RuleExecutor.executeAndTrack(RuleExecutor.scala:201)\n\t\tat org.apache.spark.sql.catalyst.analysis.resolver.HybridAnalyzer.resolveInFixedPoint(HybridAnalyzer.scala:190)\n\t\tat org.apache.spark.sql.catalyst.analysis.resolver.HybridAnalyzer.$anonfun$apply$1(HybridAnalyzer.scala:76)\n\t\tat org.apache.spark.sql.catalyst.analysis.resolver.HybridAnalyzer.withTrackedAnalyzerBridgeState(HybridAnalyzer.scala:111)\n\t\tat org.apache.spark.sql.catalyst.analysis.resolver.HybridAnalyzer.apply(HybridAnalyzer.scala:71)\n\t\tat org.apache.spark.sql.catalyst.analysis.Analyzer.$anonfun$executeAndCheck$1(Analyzer.scala:280)\n\t\tat org.apache.spark.sql.catalyst.plans.logical.AnalysisHelper$.markInAnalyzer(AnalysisHelper.scala:423)\n\t\tat org.apache.spark.sql.catalyst.analysis.Analyzer.executeAndCheck(Analyzer.scala:280)\n\t\tat org.apache.spark.sql.execution.QueryExecution.$anonfun$lazyAnalyzed$2(QueryExecution.scala:110)\n\t\tat org.apache.spark.sql.catalyst.QueryPlanningTracker.measurePhase(QueryPlanningTracker.scala:148)\n\t\tat org.apache.spark.sql.execution.QueryExecution.$anonfun$executePhase$2(QueryExecution.scala:278)\n\t\tat org.apache.spark.sql.execution.QueryExecution$.withInternalError(QueryExecution.scala:654)\n\t\tat org.apache.spark.sql.execution.QueryExecution.$anonfun$executePhase$1(QueryExecution.scala:278)\n\t\tat org.apache.spark.sql.SparkSession.withActive(SparkSession.scala:804)\n\t\tat org.apache.spark.sql.execution.QueryExecution.executePhase(QueryExecution.scala:277)\n\t\tat org.apache.spark.sql.execution.QueryExecution.$anonfun$lazyAnalyzed$1(QueryExecution.scala:110)\n\t\tat scala.util.Try$.apply(Try.scala:217)\n\t\tat org.apache.spark.util.Utils$.doTryWithCallerStacktrace(Utils.scala:1378)\n\t\tat org.apache.spark.util.LazyTry.tryT$lzycompute(LazyTry.scala:46)\n\t\tat org.apache.spark.util.LazyTry.tryT(LazyTry.scala:46)\n\t\t... 23 more\n", "stacktrace": [{"class": null, "method": "deco", "file": "/home/***/.local/lib/python3.12/site-packages/pyspark/errors/exceptions/captured.py", "line": "282"}, {"class": null, "method": "get_return_value", "file": "/opt/spark/spark-4.0.0-bin-hadoop3/python/lib/py4j-0.10.9.9-src.zip/py4j/protocol.py", "line": "327"}]}}
[2025-07-05T22:02:29.557+0000] {logger.py:289} ERROR - [UNRESOLVED_ROUTINE] Cannot resolve routine `try_to_date` on search path [`system`.`builtin`, `system`.`session`, `spark_catalog`.`default`]. SQLSTATE: 42883
Traceback (most recent call last):
  File "/home/airflow/.local/lib/python3.12/site-packages/pyspark/errors/exceptions/captured.py", line 282, in deco
    return f(*a, **kw)
           ^^^^^^^^^^^
  File "/opt/spark/spark-4.0.0-bin-hadoop3/python/lib/py4j-0.10.9.9-src.zip/py4j/protocol.py", line 327, in get_return_value
    raise Py4JJavaError(
py4j.protocol.Py4JJavaError: An error occurred while calling o80.withColumn.
: org.apache.spark.sql.AnalysisException: [UNRESOLVED_ROUTINE] Cannot resolve routine `try_to_date` on search path [`system`.`builtin`, `system`.`session`, `spark_catalog`.`default`]. SQLSTATE: 42883; line 1 pos 9
	at org.apache.spark.sql.errors.QueryCompilationErrors$.unresolvedRoutineError(QueryCompilationErrors.scala:907)
	at org.apache.spark.sql.catalyst.analysis.Analyzer$LookupFunctions$$anonfun$apply$18.applyOrElse(Analyzer.scala:2030)
	at org.apache.spark.sql.catalyst.analysis.Analyzer$LookupFunctions$$anonfun$apply$18.applyOrElse(Analyzer.scala:2011)
	at org.apache.spark.sql.catalyst.trees.TreeNode.$anonfun$transformDownWithPruning$1(TreeNode.scala:470)
	at org.apache.spark.sql.catalyst.trees.CurrentOrigin$.withOrigin(origin.scala:86)
	at org.apache.spark.sql.catalyst.trees.TreeNode.transformDownWithPruning(TreeNode.scala:470)
	at org.apache.spark.sql.catalyst.trees.TreeNode.$anonfun$transformDownWithPruning$3(TreeNode.scala:475)
	at scala.collection.immutable.List.map(List.scala:247)
	at scala.collection.immutable.List.map(List.scala:79)
	at org.apache.spark.sql.catalyst.trees.TreeNode.mapChildren(TreeNode.scala:708)
	at org.apache.spark.sql.catalyst.trees.TreeNode.transformDownWithPruning(TreeNode.scala:475)
	at org.apache.spark.sql.catalyst.trees.TreeNode.$anonfun$transformDownWithPruning$3(TreeNode.scala:475)
	at scala.collection.immutable.List.map(List.scala:247)
	at scala.collection.immutable.List.map(List.scala:79)
	at org.apache.spark.sql.catalyst.trees.TreeNode.mapChildren(TreeNode.scala:708)
	at org.apache.spark.sql.catalyst.trees.TreeNode.transformDownWithPruning(TreeNode.scala:475)
	at org.apache.spark.sql.catalyst.plans.QueryPlan.$anonfun$transformExpressionsDownWithPruning$1(QueryPlan.scala:185)
	at org.apache.spark.sql.catalyst.plans.QueryPlan.$anonfun$mapExpressions$1(QueryPlan.scala:226)
	at org.apache.spark.sql.catalyst.trees.CurrentOrigin$.withOrigin(origin.scala:86)
	at org.apache.spark.sql.catalyst.plans.QueryPlan.transformExpression$1(QueryPlan.scala:226)
	at org.apache.spark.sql.catalyst.plans.QueryPlan.recursiveTransform$1(QueryPlan.scala:238)
	at org.apache.spark.sql.catalyst.plans.QueryPlan.$anonfun$mapExpressions$4(QueryPlan.scala:244)
	at scala.collection.immutable.List.map(List.scala:247)
	at scala.collection.immutable.List.map(List.scala:79)
	at org.apache.spark.sql.catalyst.plans.QueryPlan.recursiveTransform$1(QueryPlan.scala:244)
	at org.apache.spark.sql.catalyst.plans.QueryPlan.$anonfun$mapExpressions$5(QueryPlan.scala:249)
	at org.apache.spark.sql.catalyst.trees.TreeNode.mapProductIterator(TreeNode.scala:312)
	at org.apache.spark.sql.catalyst.plans.QueryPlan.mapExpressions(QueryPlan.scala:249)
	at org.apache.spark.sql.catalyst.plans.QueryPlan.transformExpressionsDownWithPruning(QueryPlan.scala:185)
	at org.apache.spark.sql.catalyst.plans.QueryPlan.transformExpressionsWithPruning(QueryPlan.scala:156)
	at org.apache.spark.sql.catalyst.plans.logical.AnalysisHelper$$anonfun$resolveExpressionsDownWithPruning$1.applyOrElse(AnalysisHelper.scala:307)
	at org.apache.spark.sql.catalyst.plans.logical.AnalysisHelper$$anonfun$resolveExpressionsDownWithPruning$1.applyOrElse(AnalysisHelper.scala:306)
	at org.apache.spark.sql.catalyst.plans.logical.AnalysisHelper.$anonfun$resolveOperatorsDownWithPruning$2(AnalysisHelper.scala:200)
	at org.apache.spark.sql.catalyst.trees.CurrentOrigin$.withOrigin(origin.scala:86)
	at org.apache.spark.sql.catalyst.plans.logical.AnalysisHelper.$anonfun$resolveOperatorsDownWithPruning$1(AnalysisHelper.scala:200)
	at org.apache.spark.sql.catalyst.plans.logical.AnalysisHelper$.allowInvokingTransformsInAnalyzer(AnalysisHelper.scala:416)
	at org.apache.spark.sql.catalyst.plans.logical.AnalysisHelper.resolveOperatorsDownWithPruning(AnalysisHelper.scala:198)
	at org.apache.spark.sql.catalyst.plans.logical.AnalysisHelper.resolveOperatorsDownWithPruning$(AnalysisHelper.scala:194)
	at org.apache.spark.sql.catalyst.plans.logical.LogicalPlan.resolveOperatorsDownWithPruning(LogicalPlan.scala:37)
	at org.apache.spark.sql.catalyst.plans.logical.AnalysisHelper.resolveOperatorsWithPruning(AnalysisHelper.scala:100)
	at org.apache.spark.sql.catalyst.plans.logical.AnalysisHelper.resolveOperatorsWithPruning$(AnalysisHelper.scala:97)
	at org.apache.spark.sql.catalyst.plans.logical.LogicalPlan.resolveOperatorsWithPruning(LogicalPlan.scala:37)
	at org.apache.spark.sql.catalyst.plans.logical.AnalysisHelper.resolveExpressionsDownWithPruning(AnalysisHelper.scala:306)
	at org.apache.spark.sql.catalyst.plans.logical.AnalysisHelper.resolveExpressionsDownWithPruning$(AnalysisHelper.scala:303)
	at org.apache.spark.sql.catalyst.plans.logical.LogicalPlan.resolveExpressionsDownWithPruning(LogicalPlan.scala:37)
	at org.apache.spark.sql.catalyst.plans.logical.AnalysisHelper.resolveExpressionsWithPruning(AnalysisHelper.scala:278)
	at org.apache.spark.sql.catalyst.plans.logical.AnalysisHelper.resolveExpressionsWithPruning$(AnalysisHelper.scala:276)
	at org.apache.spark.sql.catalyst.plans.logical.LogicalPlan.resolveExpressionsWithPruning(LogicalPlan.scala:37)
	at org.apache.spark.sql.catalyst.analysis.Analyzer$LookupFunctions$.apply(Analyzer.scala:2011)
	at org.apache.spark.sql.catalyst.analysis.Analyzer$LookupFunctions$.apply(Analyzer.scala:2007)
	at org.apache.spark.sql.catalyst.rules.RuleExecutor.$anonfun$execute$2(RuleExecutor.scala:242)
	at scala.collection.immutable.ArraySeq.foldLeft(ArraySeq.scala:222)
	at org.apache.spark.sql.catalyst.rules.RuleExecutor.$anonfun$execute$1(RuleExecutor.scala:239)
	at org.apache.spark.sql.catalyst.rules.RuleExecutor.$anonfun$execute$1$adapted(RuleExecutor.scala:231)
	at scala.collection.immutable.List.foreach(List.scala:334)
	at org.apache.spark.sql.catalyst.rules.RuleExecutor.execute(RuleExecutor.scala:231)
	at org.apache.spark.sql.catalyst.analysis.Analyzer.org$apache$spark$sql$catalyst$analysis$Analyzer$$executeSameContext(Analyzer.scala:290)
	at org.apache.spark.sql.catalyst.analysis.Analyzer.$anonfun$execute$1(Analyzer.scala:286)
	at org.apache.spark.sql.catalyst.analysis.AnalysisContext$.withNewAnalysisContext(Analyzer.scala:234)
	at org.apache.spark.sql.catalyst.analysis.Analyzer.execute(Analyzer.scala:286)
	at org.apache.spark.sql.catalyst.analysis.Analyzer.execute(Analyzer.scala:249)
	at org.apache.spark.sql.catalyst.rules.RuleExecutor.$anonfun$executeAndTrack$1(RuleExecutor.scala:201)
	at org.apache.spark.sql.catalyst.QueryPlanningTracker$.withTracker(QueryPlanningTracker.scala:89)
	at org.apache.spark.sql.catalyst.rules.RuleExecutor.executeAndTrack(RuleExecutor.scala:201)
	at org.apache.spark.sql.catalyst.analysis.resolver.HybridAnalyzer.resolveInFixedPoint(HybridAnalyzer.scala:190)
	at org.apache.spark.sql.catalyst.analysis.resolver.HybridAnalyzer.$anonfun$apply$1(HybridAnalyzer.scala:76)
	at org.apache.spark.sql.catalyst.analysis.resolver.HybridAnalyzer.withTrackedAnalyzerBridgeState(HybridAnalyzer.scala:111)
	at org.apache.spark.sql.catalyst.analysis.resolver.HybridAnalyzer.apply(HybridAnalyzer.scala:71)
	at org.apache.spark.sql.catalyst.analysis.Analyzer.$anonfun$executeAndCheck$1(Analyzer.scala:280)
	at org.apache.spark.sql.catalyst.plans.logical.AnalysisHelper$.markInAnalyzer(AnalysisHelper.scala:423)
	at org.apache.spark.sql.catalyst.analysis.Analyzer.executeAndCheck(Analyzer.scala:280)
	at org.apache.spark.sql.execution.QueryExecution.$anonfun$lazyAnalyzed$2(QueryExecution.scala:110)
	at org.apache.spark.sql.catalyst.QueryPlanningTracker.measurePhase(QueryPlanningTracker.scala:148)
	at org.apache.spark.sql.execution.QueryExecution.$anonfun$executePhase$2(QueryExecution.scala:278)
	at org.apache.spark.sql.execution.QueryExecution$.withInternalError(QueryExecution.scala:654)
	at org.apache.spark.sql.execution.QueryExecution.$anonfun$executePhase$1(QueryExecution.scala:278)
	at org.apache.spark.sql.SparkSession.withActive(SparkSession.scala:804)
	at org.apache.spark.sql.execution.QueryExecution.executePhase(QueryExecution.scala:277)
	at org.apache.spark.sql.execution.QueryExecution.$anonfun$lazyAnalyzed$1(QueryExecution.scala:110)
	at scala.util.Try$.apply(Try.scala:217)
	at org.apache.spark.util.Utils$.doTryWithCallerStacktrace(Utils.scala:1378)
	at org.apache.spark.util.Utils$.getTryWithCallerStacktrace(Utils.scala:1439)
	at org.apache.spark.util.LazyTry.get(LazyTry.scala:58)
	at org.apache.spark.sql.execution.QueryExecution.analyzed(QueryExecution.scala:121)
	at org.apache.spark.sql.execution.QueryExecution.assertAnalyzed(QueryExecution.scala:80)
	at org.apache.spark.sql.classic.Dataset$.$anonfun$ofRows$1(Dataset.scala:115)
	at org.apache.spark.sql.SparkSession.withActive(SparkSession.scala:804)
	at org.apache.spark.sql.classic.Dataset$.ofRows(Dataset.scala:113)
	at org.apache.spark.sql.classic.Dataset.withPlan(Dataset.scala:2263)
	at org.apache.spark.sql.classic.Dataset.withColumns(Dataset.scala:1283)
	at org.apache.spark.sql.classic.Dataset.withColumns(Dataset.scala:232)
	at org.apache.spark.sql.Dataset.withColumn(Dataset.scala:2187)
	at org.apache.spark.sql.classic.Dataset.withColumn(Dataset.scala:1819)
	at java.base/jdk.internal.reflect.NativeMethodAccessorImpl.invoke0(Native Method)
	at java.base/jdk.internal.reflect.NativeMethodAccessorImpl.invoke(NativeMethodAccessorImpl.java:77)
	at java.base/jdk.internal.reflect.DelegatingMethodAccessorImpl.invoke(DelegatingMethodAccessorImpl.java:43)
	at java.base/java.lang.reflect.Method.invoke(Method.java:569)
	at py4j.reflection.MethodInvoker.invoke(MethodInvoker.java:244)
	at py4j.reflection.ReflectionEngine.invoke(ReflectionEngine.java:374)
	at py4j.Gateway.invoke(Gateway.java:282)
	at py4j.commands.AbstractCommand.invokeMethod(AbstractCommand.java:132)
	at py4j.commands.CallCommand.execute(CallCommand.java:79)
	at py4j.ClientServerConnection.waitForCommands(ClientServerConnection.java:184)
	at py4j.ClientServerConnection.run(ClientServerConnection.java:108)
	at java.base/java.lang.Thread.run(Thread.java:840)
	Suppressed: org.apache.spark.util.Utils$OriginalTryStackTraceException: Full stacktrace of original doTryWithCallerStacktrace caller
		at org.apache.spark.sql.errors.QueryCompilationErrors$.unresolvedRoutineError(QueryCompilationErrors.scala:907)
		at org.apache.spark.sql.catalyst.analysis.Analyzer$LookupFunctions$$anonfun$apply$18.applyOrElse(Analyzer.scala:2030)
		at org.apache.spark.sql.catalyst.analysis.Analyzer$LookupFunctions$$anonfun$apply$18.applyOrElse(Analyzer.scala:2011)
		at org.apache.spark.sql.catalyst.trees.TreeNode.$anonfun$transformDownWithPruning$1(TreeNode.scala:470)
		at org.apache.spark.sql.catalyst.trees.CurrentOrigin$.withOrigin(origin.scala:86)
		at org.apache.spark.sql.catalyst.trees.TreeNode.transformDownWithPruning(TreeNode.scala:470)
		at org.apache.spark.sql.catalyst.trees.TreeNode.$anonfun$transformDownWithPruning$3(TreeNode.scala:475)
		at scala.collection.immutable.List.map(List.scala:247)
		at scala.collection.immutable.List.map(List.scala:79)
		at org.apache.spark.sql.catalyst.trees.TreeNode.mapChildren(TreeNode.scala:708)
		at org.apache.spark.sql.catalyst.trees.TreeNode.transformDownWithPruning(TreeNode.scala:475)
		at org.apache.spark.sql.catalyst.trees.TreeNode.$anonfun$transformDownWithPruning$3(TreeNode.scala:475)
		at scala.collection.immutable.List.map(List.scala:247)
		at scala.collection.immutable.List.map(List.scala:79)
		at org.apache.spark.sql.catalyst.trees.TreeNode.mapChildren(TreeNode.scala:708)
		at org.apache.spark.sql.catalyst.trees.TreeNode.transformDownWithPruning(TreeNode.scala:475)
		at org.apache.spark.sql.catalyst.plans.QueryPlan.$anonfun$transformExpressionsDownWithPruning$1(QueryPlan.scala:185)
		at org.apache.spark.sql.catalyst.plans.QueryPlan.$anonfun$mapExpressions$1(QueryPlan.scala:226)
		at org.apache.spark.sql.catalyst.trees.CurrentOrigin$.withOrigin(origin.scala:86)
		at org.apache.spark.sql.catalyst.plans.QueryPlan.transformExpression$1(QueryPlan.scala:226)
		at org.apache.spark.sql.catalyst.plans.QueryPlan.recursiveTransform$1(QueryPlan.scala:238)
		at org.apache.spark.sql.catalyst.plans.QueryPlan.$anonfun$mapExpressions$4(QueryPlan.scala:244)
		at scala.collection.immutable.List.map(List.scala:247)
		at scala.collection.immutable.List.map(List.scala:79)
		at org.apache.spark.sql.catalyst.plans.QueryPlan.recursiveTransform$1(QueryPlan.scala:244)
		at org.apache.spark.sql.catalyst.plans.QueryPlan.$anonfun$mapExpressions$5(QueryPlan.scala:249)
		at org.apache.spark.sql.catalyst.trees.TreeNode.mapProductIterator(TreeNode.scala:312)
		at org.apache.spark.sql.catalyst.plans.QueryPlan.mapExpressions(QueryPlan.scala:249)
		at org.apache.spark.sql.catalyst.plans.QueryPlan.transformExpressionsDownWithPruning(QueryPlan.scala:185)
		at org.apache.spark.sql.catalyst.plans.QueryPlan.transformExpressionsWithPruning(QueryPlan.scala:156)
		at org.apache.spark.sql.catalyst.plans.logical.AnalysisHelper$$anonfun$resolveExpressionsDownWithPruning$1.applyOrElse(AnalysisHelper.scala:307)
		at org.apache.spark.sql.catalyst.plans.logical.AnalysisHelper$$anonfun$resolveExpressionsDownWithPruning$1.applyOrElse(AnalysisHelper.scala:306)
		at org.apache.spark.sql.catalyst.plans.logical.AnalysisHelper.$anonfun$resolveOperatorsDownWithPruning$2(AnalysisHelper.scala:200)
		at org.apache.spark.sql.catalyst.trees.CurrentOrigin$.withOrigin(origin.scala:86)
		at org.apache.spark.sql.catalyst.plans.logical.AnalysisHelper.$anonfun$resolveOperatorsDownWithPruning$1(AnalysisHelper.scala:200)
		at org.apache.spark.sql.catalyst.plans.logical.AnalysisHelper$.allowInvokingTransformsInAnalyzer(AnalysisHelper.scala:416)
		at org.apache.spark.sql.catalyst.plans.logical.AnalysisHelper.resolveOperatorsDownWithPruning(AnalysisHelper.scala:198)
		at org.apache.spark.sql.catalyst.plans.logical.AnalysisHelper.resolveOperatorsDownWithPruning$(AnalysisHelper.scala:194)
		at org.apache.spark.sql.catalyst.plans.logical.LogicalPlan.resolveOperatorsDownWithPruning(LogicalPlan.scala:37)
		at org.apache.spark.sql.catalyst.plans.logical.AnalysisHelper.resolveOperatorsWithPruning(AnalysisHelper.scala:100)
		at org.apache.spark.sql.catalyst.plans.logical.AnalysisHelper.resolveOperatorsWithPruning$(AnalysisHelper.scala:97)
		at org.apache.spark.sql.catalyst.plans.logical.LogicalPlan.resolveOperatorsWithPruning(LogicalPlan.scala:37)
		at org.apache.spark.sql.catalyst.plans.logical.AnalysisHelper.resolveExpressionsDownWithPruning(AnalysisHelper.scala:306)
		at org.apache.spark.sql.catalyst.plans.logical.AnalysisHelper.resolveExpressionsDownWithPruning$(AnalysisHelper.scala:303)
		at org.apache.spark.sql.catalyst.plans.logical.LogicalPlan.resolveExpressionsDownWithPruning(LogicalPlan.scala:37)
		at org.apache.spark.sql.catalyst.plans.logical.AnalysisHelper.resolveExpressionsWithPruning(AnalysisHelper.scala:278)
		at org.apache.spark.sql.catalyst.plans.logical.AnalysisHelper.resolveExpressionsWithPruning$(AnalysisHelper.scala:276)
		at org.apache.spark.sql.catalyst.plans.logical.LogicalPlan.resolveExpressionsWithPruning(LogicalPlan.scala:37)
		at org.apache.spark.sql.catalyst.analysis.Analyzer$LookupFunctions$.apply(Analyzer.scala:2011)
		at org.apache.spark.sql.catalyst.analysis.Analyzer$LookupFunctions$.apply(Analyzer.scala:2007)
		at org.apache.spark.sql.catalyst.rules.RuleExecutor.$anonfun$execute$2(RuleExecutor.scala:242)
		at scala.collection.immutable.ArraySeq.foldLeft(ArraySeq.scala:222)
		at org.apache.spark.sql.catalyst.rules.RuleExecutor.$anonfun$execute$1(RuleExecutor.scala:239)
		at org.apache.spark.sql.catalyst.rules.RuleExecutor.$anonfun$execute$1$adapted(RuleExecutor.scala:231)
		at scala.collection.immutable.List.foreach(List.scala:334)
		at org.apache.spark.sql.catalyst.rules.RuleExecutor.execute(RuleExecutor.scala:231)
		at org.apache.spark.sql.catalyst.analysis.Analyzer.org$apache$spark$sql$catalyst$analysis$Analyzer$$executeSameContext(Analyzer.scala:290)
		at org.apache.spark.sql.catalyst.analysis.Analyzer.$anonfun$execute$1(Analyzer.scala:286)
		at org.apache.spark.sql.catalyst.analysis.AnalysisContext$.withNewAnalysisContext(Analyzer.scala:234)
		at org.apache.spark.sql.catalyst.analysis.Analyzer.execute(Analyzer.scala:286)
		at org.apache.spark.sql.catalyst.analysis.Analyzer.execute(Analyzer.scala:249)
		at org.apache.spark.sql.catalyst.rules.RuleExecutor.$anonfun$executeAndTrack$1(RuleExecutor.scala:201)
		at org.apache.spark.sql.catalyst.QueryPlanningTracker$.withTracker(QueryPlanningTracker.scala:89)
		at org.apache.spark.sql.catalyst.rules.RuleExecutor.executeAndTrack(RuleExecutor.scala:201)
		at org.apache.spark.sql.catalyst.analysis.resolver.HybridAnalyzer.resolveInFixedPoint(HybridAnalyzer.scala:190)
		at org.apache.spark.sql.catalyst.analysis.resolver.HybridAnalyzer.$anonfun$apply$1(HybridAnalyzer.scala:76)
		at org.apache.spark.sql.catalyst.analysis.resolver.HybridAnalyzer.withTrackedAnalyzerBridgeState(HybridAnalyzer.scala:111)
		at org.apache.spark.sql.catalyst.analysis.resolver.HybridAnalyzer.apply(HybridAnalyzer.scala:71)
		at org.apache.spark.sql.catalyst.analysis.Analyzer.$anonfun$executeAndCheck$1(Analyzer.scala:280)
		at org.apache.spark.sql.catalyst.plans.logical.AnalysisHelper$.markInAnalyzer(AnalysisHelper.scala:423)
		at org.apache.spark.sql.catalyst.analysis.Analyzer.executeAndCheck(Analyzer.scala:280)
		at org.apache.spark.sql.execution.QueryExecution.$anonfun$lazyAnalyzed$2(QueryExecution.scala:110)
		at org.apache.spark.sql.catalyst.QueryPlanningTracker.measurePhase(QueryPlanningTracker.scala:148)
		at org.apache.spark.sql.execution.QueryExecution.$anonfun$executePhase$2(QueryExecution.scala:278)
		at org.apache.spark.sql.execution.QueryExecution$.withInternalError(QueryExecution.scala:654)
		at org.apache.spark.sql.execution.QueryExecution.$anonfun$executePhase$1(QueryExecution.scala:278)
		at org.apache.spark.sql.SparkSession.withActive(SparkSession.scala:804)
		at org.apache.spark.sql.execution.QueryExecution.executePhase(QueryExecution.scala:277)
		at org.apache.spark.sql.execution.QueryExecution.$anonfun$lazyAnalyzed$1(QueryExecution.scala:110)
		at scala.util.Try$.apply(Try.scala:217)
		at org.apache.spark.util.Utils$.doTryWithCallerStacktrace(Utils.scala:1378)
		at org.apache.spark.util.LazyTry.tryT$lzycompute(LazyTry.scala:46)
		at org.apache.spark.util.LazyTry.tryT(LazyTry.scala:46)
		... 23 more

[2025-07-05T22:02:29.645+0000] {taskinstance.py:441} INFO - ::group::Post task execution logs
[2025-07-05T22:02:29.645+0000] {taskinstance.py:2905} ERROR - Task failed with exception
Traceback (most recent call last):
  File "/home/airflow/.local/lib/python3.12/site-packages/airflow/models/taskinstance.py", line 465, in _execute_task
    result = _execute_callable(context=context, **execute_callable_kwargs)
             ^^^^^^^^^^^^^^^^^^^^^^^^^^^^^^^^^^^^^^^^^^^^^^^^^^^^^^^^^^^^^
  File "/home/airflow/.local/lib/python3.12/site-packages/airflow/models/taskinstance.py", line 432, in _execute_callable
    return execute_callable(context=context, **execute_callable_kwargs)
           ^^^^^^^^^^^^^^^^^^^^^^^^^^^^^^^^^^^^^^^^^^^^^^^^^^^^^^^^^^^^
  File "/home/airflow/.local/lib/python3.12/site-packages/airflow/models/baseoperator.py", line 401, in wrapper
    return func(self, *args, **kwargs)
           ^^^^^^^^^^^^^^^^^^^^^^^^^^^
  File "/home/airflow/.local/lib/python3.12/site-packages/airflow/operators/python.py", line 235, in execute
    return_value = self.execute_callable()
                   ^^^^^^^^^^^^^^^^^^^^^^^
  File "/home/airflow/.local/lib/python3.12/site-packages/airflow/operators/python.py", line 252, in execute_callable
    return self.python_callable(*self.op_args, **self.op_kwargs)
           ^^^^^^^^^^^^^^^^^^^^^^^^^^^^^^^^^^^^^^^^^^^^^^^^^^^^^
  File "/opt/airflow/dags/main.py", line 216, in transform_and_load
    df = convert_date_columns(df)
         ^^^^^^^^^^^^^^^^^^^^^^^^
  File "/opt/airflow/dags/main.py", line 145, in convert_date_columns
    df = df.withColumn(col_name, expr(sql_expr))
         ^^^^^^^^^^^^^^^^^^^^^^^^^^^^^^^^^^^^^^^
  File "/home/airflow/.local/lib/python3.12/site-packages/pyspark/sql/classic/dataframe.py", line 1623, in withColumn
    return DataFrame(self._jdf.withColumn(colName, col._jc), self.sparkSession)
                     ^^^^^^^^^^^^^^^^^^^^^^^^^^^^^^^^^^^^^^
  File "/opt/spark/spark-4.0.0-bin-hadoop3/python/lib/py4j-0.10.9.9-src.zip/py4j/java_gateway.py", line 1362, in __call__
    return_value = get_return_value(
                   ^^^^^^^^^^^^^^^^^
  File "/home/airflow/.local/lib/python3.12/site-packages/pyspark/errors/exceptions/captured.py", line 288, in deco
    raise converted from None
pyspark.errors.exceptions.captured.AnalysisException: [UNRESOLVED_ROUTINE] Cannot resolve routine `try_to_date` on search path [`system`.`builtin`, `system`.`session`, `spark_catalog`.`default`]. SQLSTATE: 42883; line 1 pos 9
[2025-07-05T22:02:29.660+0000] {taskinstance.py:1206} INFO - Marking task as FAILED. dag_id=practice_etl_pipeline, task_id=transform_and_load, run_id=manual__2025-07-05T22:02:17.430783+00:00, execution_date=20250705T220217, start_date=20250705T220229, end_date=20250705T220229
[2025-07-05T22:02:29.669+0000] {standard_task_runner.py:110} ERROR - Failed to execute job 259 for task transform_and_load ([UNRESOLVED_ROUTINE] Cannot resolve routine `try_to_date` on search path [`system`.`builtin`, `system`.`session`, `spark_catalog`.`default`]. SQLSTATE: 42883; line 1 pos 9; 3006)
[2025-07-05T22:02:29.710+0000] {local_task_job_runner.py:240} INFO - Task exited with return code 1
[2025-07-05T22:02:29.724+0000] {taskinstance.py:3503} INFO - 0 downstream tasks scheduled from follow-on schedule check
[2025-07-05T22:02:29.727+0000] {local_task_job_runner.py:222} INFO - ::endgroup::
