[2025-07-05T11:41:27.427+0000] {local_task_job_runner.py:120} INFO - ::group::Pre task execution logs
[2025-07-05T11:41:27.439+0000] {taskinstance.py:2076} INFO - Dependencies all met for dep_context=non-requeueable deps ti=<TaskInstance: practice_etl_pipeline.transform_and_load manual__2025-07-05T11:41:19.418094+00:00 [queued]>
[2025-07-05T11:41:27.444+0000] {taskinstance.py:2076} INFO - Dependencies all met for dep_context=requeueable deps ti=<TaskInstance: practice_etl_pipeline.transform_and_load manual__2025-07-05T11:41:19.418094+00:00 [queued]>
[2025-07-05T11:41:27.444+0000] {taskinstance.py:2306} INFO - Starting attempt 1 of 1
[2025-07-05T11:41:27.451+0000] {taskinstance.py:2330} INFO - Executing <Task(PythonOperator): transform_and_load> on 2025-07-05 11:41:19.418094+00:00
[2025-07-05T11:41:27.454+0000] {clientserver.py:570} INFO - Closing down clientserver connection
[2025-07-05T11:41:27.455+0000] {warnings.py:112} WARNING - /home/***/.local/lib/python3.12/site-packages/***/task/task_runner/standard_task_runner.py:61: DeprecationWarning: This process (pid=2043) is multi-threaded, use of fork() may lead to deadlocks in the child.
  pid = os.fork()

[2025-07-05T11:41:27.456+0000] {standard_task_runner.py:63} INFO - Started process 2249 to run task
[2025-07-05T11:41:27.458+0000] {standard_task_runner.py:90} INFO - Running: ['***', 'tasks', 'run', 'practice_etl_pipeline', 'transform_and_load', 'manual__2025-07-05T11:41:19.418094+00:00', '--job-id', '17', '--raw', '--subdir', 'DAGS_FOLDER/main.py', '--cfg-path', '/tmp/tmp1hpg5nc4']
[2025-07-05T11:41:27.459+0000] {standard_task_runner.py:91} INFO - Job 17: Subtask transform_and_load
[2025-07-05T11:41:27.498+0000] {task_command.py:426} INFO - Running <TaskInstance: practice_etl_pipeline.transform_and_load manual__2025-07-05T11:41:19.418094+00:00 [running]> on host 6802b12b52ea
[2025-07-05T11:41:27.544+0000] {taskinstance.py:2648} INFO - Exporting env vars: AIRFLOW_CTX_DAG_OWNER='***' AIRFLOW_CTX_DAG_ID='practice_etl_pipeline' AIRFLOW_CTX_TASK_ID='transform_and_load' AIRFLOW_CTX_EXECUTION_DATE='2025-07-05T11:41:19.418094+00:00' AIRFLOW_CTX_TRY_NUMBER='1' AIRFLOW_CTX_DAG_RUN_ID='manual__2025-07-05T11:41:19.418094+00:00'
[2025-07-05T11:41:27.545+0000] {taskinstance.py:430} INFO - ::endgroup::
[2025-07-05T11:41:27.558+0000] {python.py:237} INFO - Done. Returned value was: None
[2025-07-05T11:41:27.558+0000] {taskinstance.py:441} INFO - ::group::Post task execution logs
[2025-07-05T11:41:27.563+0000] {taskinstance.py:1206} INFO - Marking task as SUCCESS. dag_id=practice_etl_pipeline, task_id=transform_and_load, run_id=manual__2025-07-05T11:41:19.418094+00:00, execution_date=20250705T114119, start_date=20250705T114127, end_date=20250705T114127
[2025-07-05T11:41:27.589+0000] {local_task_job_runner.py:240} INFO - Task exited with return code 0
[2025-07-05T11:41:27.599+0000] {taskinstance.py:3503} INFO - 1 downstream tasks scheduled from follow-on schedule check
[2025-07-05T11:41:27.603+0000] {local_task_job_runner.py:222} INFO - ::endgroup::
