[2025-07-05T13:32:20.529+0000] {local_task_job_runner.py:120} INFO - ::group::Pre task execution logs
[2025-07-05T13:32:20.541+0000] {taskinstance.py:2076} INFO - Dependencies all met for dep_context=non-requeueable deps ti=<TaskInstance: practice_etl_pipeline.transform_and_load manual__2025-07-05T13:32:10.107292+00:00 [queued]>
[2025-07-05T13:32:20.545+0000] {taskinstance.py:2076} INFO - Dependencies all met for dep_context=requeueable deps ti=<TaskInstance: practice_etl_pipeline.transform_and_load manual__2025-07-05T13:32:10.107292+00:00 [queued]>
[2025-07-05T13:32:20.546+0000] {taskinstance.py:2306} INFO - Starting attempt 1 of 1
[2025-07-05T13:32:20.554+0000] {taskinstance.py:2330} INFO - Executing <Task(PythonOperator): transform_and_load> on 2025-07-05 13:32:10.107292+00:00
[2025-07-05T13:32:20.557+0000] {clientserver.py:570} INFO - Closing down clientserver connection
[2025-07-05T13:32:20.558+0000] {warnings.py:112} WARNING - /home/***/.local/lib/python3.12/site-packages/***/task/task_runner/standard_task_runner.py:61: DeprecationWarning: This process (pid=5774) is multi-threaded, use of fork() may lead to deadlocks in the child.
  pid = os.fork()

[2025-07-05T13:32:20.559+0000] {standard_task_runner.py:63} INFO - Started process 5912 to run task
[2025-07-05T13:32:20.560+0000] {standard_task_runner.py:90} INFO - Running: ['***', 'tasks', 'run', 'practice_etl_pipeline', 'transform_and_load', 'manual__2025-07-05T13:32:10.107292+00:00', '--job-id', '119', '--raw', '--subdir', 'DAGS_FOLDER/main.py', '--cfg-path', '/tmp/tmpce8pzq7h']
[2025-07-05T13:32:20.561+0000] {standard_task_runner.py:91} INFO - Job 119: Subtask transform_and_load
[2025-07-05T13:32:20.592+0000] {task_command.py:426} INFO - Running <TaskInstance: practice_etl_pipeline.transform_and_load manual__2025-07-05T13:32:10.107292+00:00 [running]> on host 93b0937d74ff
[2025-07-05T13:32:20.639+0000] {taskinstance.py:2648} INFO - Exporting env vars: AIRFLOW_CTX_DAG_OWNER='***' AIRFLOW_CTX_DAG_ID='practice_etl_pipeline' AIRFLOW_CTX_TASK_ID='transform_and_load' AIRFLOW_CTX_EXECUTION_DATE='2025-07-05T13:32:10.107292+00:00' AIRFLOW_CTX_TRY_NUMBER='1' AIRFLOW_CTX_DAG_RUN_ID='manual__2025-07-05T13:32:10.107292+00:00'
[2025-07-05T13:32:20.639+0000] {taskinstance.py:430} INFO - ::endgroup::
[2025-07-05T13:32:20.999+0000] {clientserver.py:529} INFO - Error while sending or receiving.
Traceback (most recent call last):
  File "/opt/spark/spark-4.0.0-bin-hadoop3/python/lib/py4j-0.10.9.9-src.zip/py4j/clientserver.py", line 527, in send_command
    self.socket.sendall(command.encode("utf-8"))
ConnectionResetError: [Errno 104] Connection reset by peer
[2025-07-05T13:32:21.000+0000] {clientserver.py:570} INFO - Closing down clientserver connection
[2025-07-05T13:32:21.000+0000] {java_gateway.py:1056} INFO - Exception while sending command.
Traceback (most recent call last):
  File "/opt/spark/spark-4.0.0-bin-hadoop3/python/lib/py4j-0.10.9.9-src.zip/py4j/clientserver.py", line 527, in send_command
    self.socket.sendall(command.encode("utf-8"))
ConnectionResetError: [Errno 104] Connection reset by peer

During handling of the above exception, another exception occurred:

Traceback (most recent call last):
  File "/opt/spark/spark-4.0.0-bin-hadoop3/python/lib/py4j-0.10.9.9-src.zip/py4j/java_gateway.py", line 1038, in send_command
    response = connection.send_command(command)
               ^^^^^^^^^^^^^^^^^^^^^^^^^^^^^^^^
  File "/opt/spark/spark-4.0.0-bin-hadoop3/python/lib/py4j-0.10.9.9-src.zip/py4j/clientserver.py", line 530, in send_command
    raise Py4JNetworkError(
py4j.protocol.Py4JNetworkError: Error while sending
[2025-07-05T13:32:21.002+0000] {clientserver.py:570} INFO - Closing down clientserver connection
[2025-07-05T13:32:21.948+0000] {logging_mixin.py:188} INFO - +--------------------+
|                 _c0|
+--------------------+
|31.12.2017;395775...|
|31.12.2017;15423;...|
|31.12.2017;298332...|
|31.12.2017;17434;...|
|31.12.2017;310405...|
|31.12.2017;22798;...|
|31.12.2017;13800;...|
|31.12.2017;13905;...|
|31.12.2017;40266;...|
|31.12.2017;341567...|
|31.12.2017;14912;...|
|31.12.2017;13871;...|
|31.12.2017;364395...|
|31.12.2017;14138;...|
|31.12.2017;17441;...|
|31.12.2017;18164;...|
|31.12.2017;14878;...|
|31.12.2017;341569...|
|31.12.2017;14913;...|
|31.12.2017;18007;...|
+--------------------+
only showing top 20 rows
[2025-07-05T13:32:26.069+0000] {logging_mixin.py:188} INFO - +----------+------+-------------------------------------------+-------+
|timestamp |status|message                                    |obj_num|
+----------+------+-------------------------------------------+-------+
|2025-07-05|ИНФО  |создана временная таблица temp_ft_balance_f|115    |
+----------+------+-------------------------------------------+-------+
[2025-07-05T13:32:30.199+0000] {logging_mixin.py:188} INFO - +----------+------+-------------------------------------------------------------------------------------------------------------------------------------------------------------------------------------------------------------------------------------------------------------------------------------------------------------------------------------------------------------------------------------------------------------------------------------------------------------------------------------------------------------------------------------------------------------------------------------------------------------------------------------------------+-------+
|timestamp |status|message                                                                                                                                                                                                                                                                                                                                                                                                                                                                                                                                                                                                                                          |obj_num|
+----------+------+-------------------------------------------------------------------------------------------------------------------------------------------------------------------------------------------------------------------------------------------------------------------------------------------------------------------------------------------------------------------------------------------------------------------------------------------------------------------------------------------------------------------------------------------------------------------------------------------------------------------------------------------------+-------+
|2025-07-05|ОШИБКА|ошибка перелива данных в ds.ft_balance_f: \n[PARSE_SYNTAX_ERROR] Syntax error at or near 'ON'. SQLSTATE: 42601 (line 5, pos 16)\n\n== SQL ==\n\n                INSERT INTO ds.ft_balance_f (currency_rk, balance_out, on_date, account_rk)\n                SELECT currency_rk, balance_out, on_date, account_rk\n                FROM ds.temp_ft_balance_f\n                ON CONFLICT (on_date, account_rk)\n----------------^^^\n                DO UPDATE SET\n                    currency_rk = EXCLUDED.currency_rk, balance_out = EXCLUDED.balance_out, on_date = EXCLUDED.on_date, account_rk = EXCLUDED.account_rk\n                \n|115    |
+----------+------+-------------------------------------------------------------------------------------------------------------------------------------------------------------------------------------------------------------------------------------------------------------------------------------------------------------------------------------------------------------------------------------------------------------------------------------------------------------------------------------------------------------------------------------------------------------------------------------------------------------------------------------------------+-------+
[2025-07-05T13:32:30.519+0000] {logging_mixin.py:188} INFO - +--------------------+
|                 _c0|
+--------------------+
|09-01-2018;873663...|
|09-01-2018;176169...|
|09-01-2018;409685...|
|09-01-2018;156987...|
|09-01-2018;120483...|
|09-01-2018;311159...|
|10-01-2018;873663...|
|10-01-2018;393808...|
|10-01-2018;37051;...|
|10-01-2018;13630;...|
|10-01-2018;37051;...|
|10-01-2018;176270...|
|10-01-2018;393808...|
|11-01-2018;13630;...|
|11-01-2018;434141...|
|11-01-2018;311161...|
|11-01-2018;37051;...|
|11-01-2018;176169...|
|12-01-2018;393808...|
|12-01-2018;434141...|
+--------------------+
only showing top 20 rows
[2025-07-05T13:32:42.164+0000] {logging_mixin.py:188} INFO - +----------+------+-------------------------------------------+-------+
|timestamp |status|message                                    |obj_num|
+----------+------+-------------------------------------------+-------+
|2025-07-05|ИНФО  |создана временная таблица temp_ft_posting_f|33893  |
+----------+------+-------------------------------------------+-------+
[2025-07-05T13:32:46.294+0000] {logging_mixin.py:188} INFO - +----------+------+--------------------------------------------------------+-------+
|timestamp |status|message                                                 |obj_num|
+----------+------+--------------------------------------------------------+-------+
|2025-07-05|ОШИБКА|ошибка перелива данных в ds.ft_posting_f: 'ft_posting_f'|33893  |
+----------+------+--------------------------------------------------------+-------+
[2025-07-05T13:32:46.439+0000] {logging_mixin.py:188} INFO - +--------------------+
|                 _c0|
+--------------------+
|2018-01-01;2018-0...|
|2018-01-01;2018-0...|
|2018-01-01;2018-0...|
|2018-01-01;2018-0...|
|2018-01-01;2018-0...|
|2018-01-01;2018-0...|
|2018-01-01;2018-0...|
|2018-01-01;2018-0...|
|2018-01-01;2018-0...|
|2018-01-01;2018-0...|
|2018-01-01;2018-0...|
|2018-01-01;2018-0...|
|2018-01-01;2018-0...|
|2018-01-01;2018-0...|
|2018-01-01;2018-0...|
|2018-01-01;2018-0...|
|2018-01-01;2018-0...|
|2018-01-01;2018-0...|
|2018-01-01;2018-0...|
|2018-01-01;2018-0...|
+--------------------+
only showing top 20 rows
[2025-07-05T13:32:49.599+0000] {logging_mixin.py:188} INFO - +----------+------+-------------------------------------------+-------+
|timestamp |status|message                                    |obj_num|
+----------+------+-------------------------------------------+-------+
|2025-07-05|ИНФО  |создана временная таблица temp_md_account_d|113    |
+----------+------+-------------------------------------------+-------+
[2025-07-05T13:32:53.453+0000] {logging_mixin.py:188} INFO - +----------+------+----------------------------------------------------------------------------------------------------------------------------------------------------------------------------------------------------------------------------------------------------------------------------------------------------------------------------------------------------------------------------------------------------------------------------------------------------------------------------------------------------------------------------------------------------------------------------------------------------------------------------------------------------------------------------------------------------------------------------------------------------------------------------------------------------------------------------------------------------------------------------------------------------------------------------------------+-------+
|timestamp |status|message                                                                                                                                                                                                                                                                                                                                                                                                                                                                                                                                                                                                                                                                                                                                                                                                                                                                                                                                 |obj_num|
+----------+------+----------------------------------------------------------------------------------------------------------------------------------------------------------------------------------------------------------------------------------------------------------------------------------------------------------------------------------------------------------------------------------------------------------------------------------------------------------------------------------------------------------------------------------------------------------------------------------------------------------------------------------------------------------------------------------------------------------------------------------------------------------------------------------------------------------------------------------------------------------------------------------------------------------------------------------------+-------+
|2025-07-05|ОШИБКА|ошибка перелива данных в ds.md_account_d: \n[PARSE_SYNTAX_ERROR] Syntax error at or near 'ON'. SQLSTATE: 42601 (line 5, pos 16)\n\n== SQL ==\n\n                INSERT INTO ds.md_account_d (account_rk, currency_code, data_actual_date, char_type, data_actual_end_date, currency_rk, account_number)\n                SELECT account_rk, currency_code, data_actual_date, char_type, data_actual_end_date, currency_rk, account_number\n                FROM ds.temp_md_account_d\n                ON CONFLICT (data_actual_date, account_rk)\n----------------^^^\n                DO UPDATE SET\n                    account_rk = EXCLUDED.account_rk, currency_code = EXCLUDED.currency_code, data_actual_date = EXCLUDED.data_actual_date, char_type = EXCLUDED.char_type, data_actual_end_date = EXCLUDED.data_actual_end_date, currency_rk = EXCLUDED.currency_rk, account_number = EXCLUDED.account_number\n                \n|113    |
+----------+------+----------------------------------------------------------------------------------------------------------------------------------------------------------------------------------------------------------------------------------------------------------------------------------------------------------------------------------------------------------------------------------------------------------------------------------------------------------------------------------------------------------------------------------------------------------------------------------------------------------------------------------------------------------------------------------------------------------------------------------------------------------------------------------------------------------------------------------------------------------------------------------------------------------------------------------------+-------+
[2025-07-05T13:32:53.581+0000] {logging_mixin.py:188} INFO - +--------------------+
|                 _c0|
+--------------------+
|37;2017-05-11;205...|
|40;2017-05-11;205...|
|529511969;2017-12...|
|CURRENCY_RK;DATA_...|
|63;2017-05-11;205...|
|26;2017-05-11;205...|
|29;2017-05-11;205...|
|38;2017-05-11;205...|
|46;2017-05-11;205...|
|35;2017-05-11;205...|
|39;2017-05-11;205...|
|30;2017-05-11;205...|
|48;2017-05-11;205...|
|52;2017-05-11;205...|
|56;2017-05-11;205...|
|59;2017-05-11;205...|
|60;2017-05-11;205...|
|32;2017-05-11;205...|
|23;2017-05-11;205...|
|25;2017-05-11;205...|
+--------------------+
only showing top 20 rows
[2025-07-05T13:32:56.836+0000] {logging_mixin.py:188} INFO - +----------+------+--------------------------------------------+-------+
|timestamp |status|message                                     |obj_num|
+----------+------+--------------------------------------------+-------+
|2025-07-05|ИНФО  |создана временная таблица temp_md_currency_d|51     |
+----------+------+--------------------------------------------+-------+
[2025-07-05T13:33:00.693+0000] {logging_mixin.py:188} INFO - +----------+------+------------------------------------------------------------------------------------------------------------------------------------------------------------------------------------------------------------------------------------------------------------------------------------------------------------------------------------------------------------------------------------------------------------------------------------------------------------------------------------------------------------------------------------------------------------------------------------------------------------------------------------------------------------------------------------------------------------------------------------------------------------------------------------------------------------------------+-------+
|timestamp |status|message                                                                                                                                                                                                                                                                                                                                                                                                                                                                                                                                                                                                                                                                                                                                                                                                                 |obj_num|
+----------+------+------------------------------------------------------------------------------------------------------------------------------------------------------------------------------------------------------------------------------------------------------------------------------------------------------------------------------------------------------------------------------------------------------------------------------------------------------------------------------------------------------------------------------------------------------------------------------------------------------------------------------------------------------------------------------------------------------------------------------------------------------------------------------------------------------------------------+-------+
|2025-07-05|ОШИБКА|ошибка перелива данных в ds.md_currency_d: \n[PARSE_SYNTAX_ERROR] Syntax error at or near 'ON'. SQLSTATE: 42601 (line 5, pos 16)\n\n== SQL ==\n\n                INSERT INTO ds.md_currency_d (data_actual_date, currency_code, currency_rk, code_iso_char, data_actual_end_date)\n                SELECT data_actual_date, currency_code, currency_rk, code_iso_char, data_actual_end_date\n                FROM ds.temp_md_currency_d\n                ON CONFLICT (currency_rk, data_actual_date)\n----------------^^^\n                DO UPDATE SET\n                    data_actual_date = EXCLUDED.data_actual_date, currency_code = EXCLUDED.currency_code, currency_rk = EXCLUDED.currency_rk, code_iso_char = EXCLUDED.code_iso_char, data_actual_end_date = EXCLUDED.data_actual_end_date\n                \n|51     |
+----------+------+------------------------------------------------------------------------------------------------------------------------------------------------------------------------------------------------------------------------------------------------------------------------------------------------------------------------------------------------------------------------------------------------------------------------------------------------------------------------------------------------------------------------------------------------------------------------------------------------------------------------------------------------------------------------------------------------------------------------------------------------------------------------------------------------------------------------+-------+
[2025-07-05T13:33:00.829+0000] {logging_mixin.py:188} INFO - +--------------------+
|                 _c0|
+--------------------+
|2018-01-30;2018-0...|
|2018-01-19;2018-0...|
|2018-01-10;2018-0...|
|2018-01-12;2018-0...|
|2018-01-12;2018-0...|
|2018-01-27;2018-0...|
|2018-01-10;2018-0...|
|2018-01-10;2018-0...|
|2018-01-25;2018-0...|
|2018-01-20;2018-0...|
|2018-01-13;2018-0...|
|DATA_ACTUAL_DATE;...|
|2018-01-17;2018-0...|
|2018-01-20;2018-0...|
|2018-01-18;2018-0...|
|2018-01-16;2018-0...|
|2018-01-12;2018-0...|
|2018-01-11;2018-0...|
|2017-12-30;2018-0...|
|2018-01-23;2018-0...|
+--------------------+
only showing top 20 rows
[2025-07-05T13:33:04.023+0000] {logging_mixin.py:188} INFO - +----------+------+-------------------------------------------------+-------+
|timestamp |status|message                                          |obj_num|
+----------+------+-------------------------------------------------+-------+
|2025-07-05|ИНФО  |создана временная таблица temp_md_exchange_rate_d|461    |
+----------+------+-------------------------------------------------+-------+
[2025-07-05T13:33:07.895+0000] {logging_mixin.py:188} INFO - +----------+------+---------------------------------------------------------------------------------------------------------------------------------------------------------------------------------------------------------------------------------------------------------------------------------------------------------------------------------------------------------------------------------------------------------------------------------------------------------------------------------------------------------------------------------------------------------------------------------------------------------------------------------------------------------------------------------------------------------------------------------------------------------------------------------------------------------------------------------------+-------+
|timestamp |status|message                                                                                                                                                                                                                                                                                                                                                                                                                                                                                                                                                                                                                                                                                                                                                                                                                                |obj_num|
+----------+------+---------------------------------------------------------------------------------------------------------------------------------------------------------------------------------------------------------------------------------------------------------------------------------------------------------------------------------------------------------------------------------------------------------------------------------------------------------------------------------------------------------------------------------------------------------------------------------------------------------------------------------------------------------------------------------------------------------------------------------------------------------------------------------------------------------------------------------------+-------+
|2025-07-05|ОШИБКА|ошибка перелива данных в ds.md_exchange_rate_d: \n[PARSE_SYNTAX_ERROR] Syntax error at or near 'ON'. SQLSTATE: 42601 (line 5, pos 16)\n\n== SQL ==\n\n                INSERT INTO ds.md_exchange_rate_d (currency_rk, code_iso_num, reduced_cource, data_actual_end_date, data_actual_date)\n                SELECT currency_rk, code_iso_num, reduced_cource, data_actual_end_date, data_actual_date\n                FROM ds.temp_md_exchange_rate_d\n                ON CONFLICT (data_actual_date, currency_rk)\n----------------^^^\n                DO UPDATE SET\n                    currency_rk = EXCLUDED.currency_rk, code_iso_num = EXCLUDED.code_iso_num, reduced_cource = EXCLUDED.reduced_cource, data_actual_end_date = EXCLUDED.data_actual_end_date, data_actual_date = EXCLUDED.data_actual_date\n                \n|461    |
+----------+------+---------------------------------------------------------------------------------------------------------------------------------------------------------------------------------------------------------------------------------------------------------------------------------------------------------------------------------------------------------------------------------------------------------------------------------------------------------------------------------------------------------------------------------------------------------------------------------------------------------------------------------------------------------------------------------------------------------------------------------------------------------------------------------------------------------------------------------------+-------+
[2025-07-05T13:33:08.019+0000] {logging_mixin.py:188} INFO - +--------------------+
|                 _c0|
+--------------------+
|А;Балансовые счет...|
|А;Балансовые счет...|
|А;Балансовые счет...|
|А;Балансовые счет...|
|А;Балансовые счет...|
|А;Балансовые счет...|
|А;Балансовые счет...|
|А;Балансовые счет...|
|А;Балансовые счет...|
|CHAPTER;CHAPTER_N...|
|А;Балансовые счет...|
|А;Балансовые счет...|
|А;Балансовые счет...|
|А;Балансовые счет...|
|А;Балансовые счет...|
|А;Балансовые счет...|
|А;Балансовые счет...|
|А;Балансовые счет...|
|А;Балансовые счет...|
+--------------------+
[2025-07-05T13:33:11.209+0000] {logging_mixin.py:188} INFO - +----------+------+--------------------------------------------------+-------+
|timestamp |status|message                                           |obj_num|
+----------+------+--------------------------------------------------+-------+
|2025-07-05|ИНФО  |создана временная таблица temp_md_ledger_account_s|19     |
+----------+------+--------------------------------------------------+-------+
[2025-07-05T13:33:15.090+0000] {logging_mixin.py:188} INFO - +----------+------+-------------------------------------------------------------------------------------------------------------------------------------------------------------------------------------------------------------------------------------------------------------------------------------------------------------------------------------------------------------------------------------------------------------------------------------------------------------------------------------------------------------------------------------------------------------------------------------------------------------------------------------------------------------------------------------------------------------------------------------------------------------------------------------------------------------------------------------------------------------------------------------------------------------------------------------------------------------------------------------------------------------------------------------------------------------------------------------------------------------------------------------------------------------------------------------------------------------------------------------------------------------------------------------------------------------------------------------------------------------------------------------------------------------------------------------------------------------------------------------------------------------------------------------------------------------------------------------------------------------------------------------------------------------------------------------------------------------------------------------------------------------------------------------------------------------------------------------------------------------------------------------------------------------------------------------------------------------------------------------------------------------------------------------------------------------------------------------------------------------------------------------------------------------------------------------------------------------------------------------------------------------------------------------------------------------------------------------------------------------------------------------------------------------------------------------------------------------------------+-------+
|timestamp |status|message                                                                                                                                                                                                                                                                                                                                                                                                                                                                                                                                                                                                                                                                                                                                                                                                                                                                                                                                                                                                                                                                                                                                                                                                                                                                                                                                                                                                                                                                                                                                                                                                                                                                                                                                                                                                                                                                                                                                                                                                                                                                                                                                                                                                                                                                                                                                                                                                                                                                  |obj_num|
+----------+------+-------------------------------------------------------------------------------------------------------------------------------------------------------------------------------------------------------------------------------------------------------------------------------------------------------------------------------------------------------------------------------------------------------------------------------------------------------------------------------------------------------------------------------------------------------------------------------------------------------------------------------------------------------------------------------------------------------------------------------------------------------------------------------------------------------------------------------------------------------------------------------------------------------------------------------------------------------------------------------------------------------------------------------------------------------------------------------------------------------------------------------------------------------------------------------------------------------------------------------------------------------------------------------------------------------------------------------------------------------------------------------------------------------------------------------------------------------------------------------------------------------------------------------------------------------------------------------------------------------------------------------------------------------------------------------------------------------------------------------------------------------------------------------------------------------------------------------------------------------------------------------------------------------------------------------------------------------------------------------------------------------------------------------------------------------------------------------------------------------------------------------------------------------------------------------------------------------------------------------------------------------------------------------------------------------------------------------------------------------------------------------------------------------------------------------------------------------------------------+-------+
|2025-07-05|ОШИБКА|ошибка перелива данных в ds.md_ledger_account_s: \n[PARSE_SYNTAX_ERROR] Syntax error at or near 'ON'. SQLSTATE: 42601 (line 5, pos 16)\n\n== SQL ==\n\n                INSERT INTO ds.md_ledger_account_s (section_number, is_reserved, ledger_account, chapter_name, is_rub_only, ledger_account_name, is_reserved_assets, min_term, ledger1_account, min_term_measure, chapter, is_correct, characteristic, is_resident, is_revaluation, subsection_name, max_term_measure, pair_account, end_date, is_interest, is_loan, section_name, ledger1_account_name, is_overdue, max_term, is_reserve, ledger_acc_full_name_translit, start_date)\n                SELECT section_number, is_reserved, ledger_account, chapter_name, is_rub_only, ledger_account_name, is_reserved_assets, min_term, ledger1_account, min_term_measure, chapter, is_correct, characteristic, is_resident, is_revaluation, subsection_name, max_term_measure, pair_account, end_date, is_interest, is_loan, section_name, ledger1_account_name, is_overdue, max_term, is_reserve, ledger_acc_full_name_translit, start_date\n                FROM ds.temp_md_ledger_account_s\n                ON CONFLICT (ledger_account, start_date)\n----------------^^^\n                DO UPDATE SET\n                    section_number = EXCLUDED.section_number, is_reserved = EXCLUDED.is_reserved, ledger_account = EXCLUDED.ledger_account, chapter_name = EXCLUDED.chapter_name, is_rub_only = EXCLUDED.is_rub_only, ledger_account_name = EXCLUDED.ledger_account_name, is_reserved_assets = EXCLUDED.is_reserved_assets, min_term = EXCLUDED.min_term, ledger1_account = EXCLUDED.ledger1_account, min_term_measure = EXCLUDED.min_term_measure, chapter = EXCLUDED.chapter, is_correct = EXCLUDED.is_correct, characteristic = EXCLUDED.characteristic, is_resident = EXCLUDED.is_resident, is_revaluation = EXCLUDED.is_revaluation, subsection_name = EXCLUDED.subsection_name, max_term_measure = EXCLUDED.max_term_measure, pair_account = EXCLUDED.pair_account, end_date = EXCLUDED.end_date, is_interest = EXCLUDED.is_interest, is_loan = EXCLUDED.is_loan, section_name = EXCLUDED.section_name, ledger1_account_name = EXCLUDED.ledger1_account_name, is_overdue = EXCLUDED.is_overdue, max_term = EXCLUDED.max_term, is_reserve = EXCLUDED.is_reserve, ledger_acc_full_name_translit = EXCLUDED.ledger_acc_full_name_translit, start_date = EXCLUDED.start_date\n                \n|19     |
+----------+------+-------------------------------------------------------------------------------------------------------------------------------------------------------------------------------------------------------------------------------------------------------------------------------------------------------------------------------------------------------------------------------------------------------------------------------------------------------------------------------------------------------------------------------------------------------------------------------------------------------------------------------------------------------------------------------------------------------------------------------------------------------------------------------------------------------------------------------------------------------------------------------------------------------------------------------------------------------------------------------------------------------------------------------------------------------------------------------------------------------------------------------------------------------------------------------------------------------------------------------------------------------------------------------------------------------------------------------------------------------------------------------------------------------------------------------------------------------------------------------------------------------------------------------------------------------------------------------------------------------------------------------------------------------------------------------------------------------------------------------------------------------------------------------------------------------------------------------------------------------------------------------------------------------------------------------------------------------------------------------------------------------------------------------------------------------------------------------------------------------------------------------------------------------------------------------------------------------------------------------------------------------------------------------------------------------------------------------------------------------------------------------------------------------------------------------------------------------------------------+-------+
[2025-07-05T13:33:15.092+0000] {python.py:237} INFO - Done. Returned value was: None
[2025-07-05T13:33:15.092+0000] {taskinstance.py:441} INFO - ::group::Post task execution logs
[2025-07-05T13:33:15.099+0000] {taskinstance.py:1206} INFO - Marking task as SUCCESS. dag_id=practice_etl_pipeline, task_id=transform_and_load, run_id=manual__2025-07-05T13:32:10.107292+00:00, execution_date=20250705T133210, start_date=20250705T133220, end_date=20250705T133315
[2025-07-05T13:33:15.130+0000] {local_task_job_runner.py:240} INFO - Task exited with return code 0
[2025-07-05T13:33:15.140+0000] {taskinstance.py:3503} INFO - 1 downstream tasks scheduled from follow-on schedule check
[2025-07-05T13:33:15.142+0000] {local_task_job_runner.py:222} INFO - ::endgroup::
