[2025-07-06T21:57:59.675+0000] {local_task_job_runner.py:120} INFO - ::group::Pre task execution logs
[2025-07-06T21:57:59.689+0000] {taskinstance.py:2076} INFO - Dependencies all met for dep_context=non-requeueable deps ti=<TaskInstance: practice_etl_pipeline.transform_and_load manual__2025-07-06T21:57:52.780306+00:00 [queued]>
[2025-07-06T21:57:59.693+0000] {taskinstance.py:2076} INFO - Dependencies all met for dep_context=requeueable deps ti=<TaskInstance: practice_etl_pipeline.transform_and_load manual__2025-07-06T21:57:52.780306+00:00 [queued]>
[2025-07-06T21:57:59.694+0000] {taskinstance.py:2306} INFO - Starting attempt 1 of 1
[2025-07-06T21:57:59.702+0000] {taskinstance.py:2330} INFO - Executing <Task(PythonOperator): transform_and_load> on 2025-07-06 21:57:52.780306+00:00
[2025-07-06T21:57:59.706+0000] {clientserver.py:570} INFO - Closing down clientserver connection
[2025-07-06T21:57:59.706+0000] {warnings.py:112} WARNING - /home/***/.local/lib/python3.12/site-packages/***/task/task_runner/standard_task_runner.py:61: DeprecationWarning: This process (pid=3914) is multi-threaded, use of fork() may lead to deadlocks in the child.
  pid = os.fork()

[2025-07-06T21:57:59.707+0000] {standard_task_runner.py:63} INFO - Started process 4050 to run task
[2025-07-06T21:57:59.709+0000] {standard_task_runner.py:90} INFO - Running: ['***', 'tasks', 'run', 'practice_etl_pipeline', 'transform_and_load', 'manual__2025-07-06T21:57:52.780306+00:00', '--job-id', '316', '--raw', '--subdir', 'DAGS_FOLDER/main.py', '--cfg-path', '/tmp/tmpdze2env0']
[2025-07-06T21:57:59.710+0000] {standard_task_runner.py:91} INFO - Job 316: Subtask transform_and_load
[2025-07-06T21:57:59.747+0000] {task_command.py:426} INFO - Running <TaskInstance: practice_etl_pipeline.transform_and_load manual__2025-07-06T21:57:52.780306+00:00 [running]> on host 93b0937d74ff
[2025-07-06T21:57:59.799+0000] {taskinstance.py:2648} INFO - Exporting env vars: AIRFLOW_CTX_DAG_OWNER='***' AIRFLOW_CTX_DAG_ID='practice_etl_pipeline' AIRFLOW_CTX_TASK_ID='transform_and_load' AIRFLOW_CTX_EXECUTION_DATE='2025-07-06T21:57:52.780306+00:00' AIRFLOW_CTX_TRY_NUMBER='1' AIRFLOW_CTX_DAG_RUN_ID='manual__2025-07-06T21:57:52.780306+00:00'
[2025-07-06T21:57:59.800+0000] {taskinstance.py:430} INFO - ::endgroup::
[2025-07-06T21:58:31.971+0000] {python.py:237} INFO - Done. Returned value was: None
[2025-07-06T21:58:31.971+0000] {taskinstance.py:441} INFO - ::group::Post task execution logs
[2025-07-06T21:58:31.976+0000] {taskinstance.py:1206} INFO - Marking task as SUCCESS. dag_id=practice_etl_pipeline, task_id=transform_and_load, run_id=manual__2025-07-06T21:57:52.780306+00:00, execution_date=20250706T215752, start_date=20250706T215759, end_date=20250706T215831
[2025-07-06T21:58:32.009+0000] {local_task_job_runner.py:240} INFO - Task exited with return code 0
[2025-07-06T21:58:32.019+0000] {taskinstance.py:3503} INFO - 1 downstream tasks scheduled from follow-on schedule check
[2025-07-06T21:58:32.023+0000] {local_task_job_runner.py:222} INFO - ::endgroup::
