[2025-07-06T11:32:37.202+0000] {local_task_job_runner.py:120} INFO - ::group::Pre task execution logs
[2025-07-06T11:32:37.213+0000] {taskinstance.py:2076} INFO - Dependencies all met for dep_context=non-requeueable deps ti=<TaskInstance: practice_etl_pipeline.transform_and_load manual__2025-07-06T11:32:26.527736+00:00 [queued]>
[2025-07-06T11:32:37.217+0000] {taskinstance.py:2076} INFO - Dependencies all met for dep_context=requeueable deps ti=<TaskInstance: practice_etl_pipeline.transform_and_load manual__2025-07-06T11:32:26.527736+00:00 [queued]>
[2025-07-06T11:32:37.218+0000] {taskinstance.py:2306} INFO - Starting attempt 1 of 1
[2025-07-06T11:32:37.227+0000] {taskinstance.py:2330} INFO - Executing <Task(PythonOperator): transform_and_load> on 2025-07-06 11:32:26.527736+00:00
[2025-07-06T11:32:37.230+0000] {clientserver.py:570} INFO - Closing down clientserver connection
[2025-07-06T11:32:37.231+0000] {warnings.py:112} WARNING - /home/***/.local/lib/python3.12/site-packages/***/task/task_runner/standard_task_runner.py:61: DeprecationWarning: This process (pid=422) is multi-threaded, use of fork() may lead to deadlocks in the child.
  pid = os.fork()

[2025-07-06T11:32:37.232+0000] {standard_task_runner.py:63} INFO - Started process 559 to run task
[2025-07-06T11:32:37.232+0000] {clientserver.py:529} INFO - Error while sending or receiving.
Traceback (most recent call last):
  File "/opt/spark/spark-4.0.0-bin-hadoop3/python/lib/py4j-0.10.9.9-src.zip/py4j/clientserver.py", line 527, in send_command
    self.socket.sendall(command.encode("utf-8"))
ConnectionResetError: [Errno 104] Connection reset by peer
[2025-07-06T11:32:37.234+0000] {clientserver.py:570} INFO - Closing down clientserver connection
[2025-07-06T11:32:37.234+0000] {standard_task_runner.py:90} INFO - Running: ['***', 'tasks', 'run', 'practice_etl_pipeline', 'transform_and_load', 'manual__2025-07-06T11:32:26.527736+00:00', '--job-id', '262', '--raw', '--subdir', 'DAGS_FOLDER/main.py', '--cfg-path', '/tmp/tmpfc45xcr7']
[2025-07-06T11:32:37.235+0000] {standard_task_runner.py:91} INFO - Job 262: Subtask transform_and_load
[2025-07-06T11:32:37.235+0000] {java_gateway.py:1056} INFO - Exception while sending command.
Traceback (most recent call last):
  File "/opt/spark/spark-4.0.0-bin-hadoop3/python/lib/py4j-0.10.9.9-src.zip/py4j/clientserver.py", line 527, in send_command
    self.socket.sendall(command.encode("utf-8"))
ConnectionResetError: [Errno 104] Connection reset by peer

During handling of the above exception, another exception occurred:

Traceback (most recent call last):
  File "/opt/spark/spark-4.0.0-bin-hadoop3/python/lib/py4j-0.10.9.9-src.zip/py4j/java_gateway.py", line 1038, in send_command
    response = connection.send_command(command)
               ^^^^^^^^^^^^^^^^^^^^^^^^^^^^^^^^
  File "/opt/spark/spark-4.0.0-bin-hadoop3/python/lib/py4j-0.10.9.9-src.zip/py4j/clientserver.py", line 530, in send_command
    raise Py4JNetworkError(
py4j.protocol.Py4JNetworkError: Error while sending
[2025-07-06T11:32:37.237+0000] {clientserver.py:570} INFO - Closing down clientserver connection
[2025-07-06T11:32:37.272+0000] {task_command.py:426} INFO - Running <TaskInstance: practice_etl_pipeline.transform_and_load manual__2025-07-06T11:32:26.527736+00:00 [running]> on host 93b0937d74ff
[2025-07-06T11:32:37.322+0000] {taskinstance.py:2648} INFO - Exporting env vars: AIRFLOW_CTX_DAG_OWNER='***' AIRFLOW_CTX_DAG_ID='practice_etl_pipeline' AIRFLOW_CTX_TASK_ID='transform_and_load' AIRFLOW_CTX_EXECUTION_DATE='2025-07-06T11:32:26.527736+00:00' AIRFLOW_CTX_TRY_NUMBER='1' AIRFLOW_CTX_DAG_RUN_ID='manual__2025-07-06T11:32:26.527736+00:00'
[2025-07-06T11:32:37.323+0000] {taskinstance.py:430} INFO - ::endgroup::
[2025-07-06T11:32:37.499+0000] {taskinstance.py:441} INFO - ::group::Post task execution logs
[2025-07-06T11:32:37.500+0000] {taskinstance.py:2905} ERROR - Task failed with exception
Traceback (most recent call last):
  File "/home/airflow/.local/lib/python3.12/site-packages/airflow/models/taskinstance.py", line 465, in _execute_task
    result = _execute_callable(context=context, **execute_callable_kwargs)
             ^^^^^^^^^^^^^^^^^^^^^^^^^^^^^^^^^^^^^^^^^^^^^^^^^^^^^^^^^^^^^
  File "/home/airflow/.local/lib/python3.12/site-packages/airflow/models/taskinstance.py", line 432, in _execute_callable
    return execute_callable(context=context, **execute_callable_kwargs)
           ^^^^^^^^^^^^^^^^^^^^^^^^^^^^^^^^^^^^^^^^^^^^^^^^^^^^^^^^^^^^
  File "/home/airflow/.local/lib/python3.12/site-packages/airflow/models/baseoperator.py", line 401, in wrapper
    return func(self, *args, **kwargs)
           ^^^^^^^^^^^^^^^^^^^^^^^^^^^
  File "/home/airflow/.local/lib/python3.12/site-packages/airflow/operators/python.py", line 235, in execute
    return_value = self.execute_callable()
                   ^^^^^^^^^^^^^^^^^^^^^^^
  File "/home/airflow/.local/lib/python3.12/site-packages/airflow/operators/python.py", line 252, in execute_callable
    return self.python_callable(*self.op_args, **self.op_kwargs)
           ^^^^^^^^^^^^^^^^^^^^^^^^^^^^^^^^^^^^^^^^^^^^^^^^^^^^^
  File "/opt/airflow/dags/main.py", line 219, in transform_and_load
    df = df.withColumn()
         ^^^^^^^^^^^^^^^
TypeError: DataFrame.withColumn() missing 2 required positional arguments: 'colName' and 'col'
[2025-07-06T11:32:37.507+0000] {taskinstance.py:1206} INFO - Marking task as FAILED. dag_id=practice_etl_pipeline, task_id=transform_and_load, run_id=manual__2025-07-06T11:32:26.527736+00:00, execution_date=20250706T113226, start_date=20250706T113237, end_date=20250706T113237
[2025-07-06T11:32:37.515+0000] {standard_task_runner.py:110} ERROR - Failed to execute job 262 for task transform_and_load (DataFrame.withColumn() missing 2 required positional arguments: 'colName' and 'col'; 559)
[2025-07-06T11:32:37.527+0000] {local_task_job_runner.py:240} INFO - Task exited with return code 1
[2025-07-06T11:32:37.536+0000] {taskinstance.py:3503} INFO - 0 downstream tasks scheduled from follow-on schedule check
[2025-07-06T11:32:37.539+0000] {local_task_job_runner.py:222} INFO - ::endgroup::
